

<!DOCTYPE html>
<html>
<head>
<meta charset="UTF-8">
<meta name="viewport" content="width=device-width, initial-scale=1, shrink-to-fit=no">
<title>Extent Report</title>
<link rel="apple-touch-icon" href="https://cdn.jsdelivr.net/gh/extent-framework/extent-github-cdn@b00a2d0486596e73dd7326beacf352c639623a0e/commons/img/logo.png">
<link rel="shortcut icon" href="https://cdn.jsdelivr.net/gh/extent-framework/extent-github-cdn@b00a2d0486596e73dd7326beacf352c639623a0e/commons/img/logo.png">
<link href="https://cdn.jsdelivr.net/gh/extent-framework/extent-github-cdn@ce8b10435bcbae260c334c0d0c6b61d2c19b6168/spark/css/spark-style.css" rel="stylesheet" />
<link href="https://stackpath.bootstrapcdn.com/font-awesome/4.7.0/css/font-awesome.min.css" rel="stylesheet">
<script src="https://cdn.jsdelivr.net/gh/extent-framework/extent-github-cdn@7cc78ce/spark/js/jsontree.js"></script>
<style type="text/css"></style></head><body class="spa -report standard">
  <div class="app">
    <div class="layout">
<div class="header navbar">
<div class="vheader">
<div class="nav-logo">
<a href="#">
<div class="logo" style="background-image: url('https://cdn.jsdelivr.net/gh/extent-framework/extent-github-cdn@b00a2d0486596e73dd7326beacf352c639623a0e/commons/img/logo.png')"></div>
</a>
</div>
<ul class="nav-left">
<li class="search-box">
<a class="search-toggle" href="#">
<i class="search-icon fa fa-search"></i>
<i class="search-icon-close fa fa-close"></i>
</a>
</li>
<li class="search-input"><input id="search-tests" class="form-control" type="text" placeholder="Search..."></li>
</ul>
<ul class="nav-right">
<li class="m-r-10">
<a href="#"><span class="badge badge-primary">Detailed Report</span></a>
</li>
<li class="m-r-10">
<a href="#"><span class="badge badge-primary">Thursday, June 26, 2025, 02:32 PM (IST)</span></a>
</li>
</ul>
</div>
</div><div class="side-nav">
<div class="side-nav-inner">
<ul class="side-nav-menu">
<li class="nav-item dropdown" onclick="toggleView('test-view')">
<a id="nav-test" class="dropdown-toggle" href="#">
<span class="ico"><i class="fa fa-list"></i></span>
</a>
</li>
<li class="nav-item dropdown" onclick="toggleView('category-view')">
<a id="nav-category" class="dropdown-toggle" href="#">
<span class="ico"><i class="fa fa-tag"></i></span>
</a>
</li>
<li class="nav-item dropdown" onclick="toggleView('author-view')">
<a id="nav-author" class="dropdown-toggle" href="#">
<span class="ico"><i class="fa fa-user"></i></span>
</a>
</li>
<li class="nav-item dropdown" onclick="toggleView('dashboard-view')">
<a id="nav-dashboard" class="dropdown-toggle" href="#">
<span class="ico"><i class="fa fa-bar-chart"></i></span>
</a>
</li>
</ul>
</div>
</div>      <div class="vcontainer">
        <div class="main-content">
<div class="test-wrapper row view test-view">
  <div class="test-list">
    <div class="test-list-tools">
<ul class="tools pull-left">
<li><a href="#"><span class="font-size-14">Tests</span></a></li>
</ul>
<ul class="tools text-right">
<li class="dropdown">
<a href="#" class="dropdown-toggle" data-toggle="dropdown"><i class="fa fa-exclamation-circle"></i></a>
<ul id="status-toggle" class="dropdown-menu dropdown-md p-v-0">
<a class="dropdown-item" status="pass" href="#"><span>Pass</span><span class="status success"></span></a>
<a class="dropdown-item" status="fail" href="#"><span>Fail</span><span class="status danger"></span></a>
<div class="dropdown-divider"></div>
<a status="clear" class="dropdown-item" href="#"><span>Clear</span><span class="pull-right"><i class="fa fa-close"></i></span></a>
</ul>
</li>
<li class="dropdown">
<a href="#" class="dropdown-toggle" data-toggle="dropdown"><i class="fa fa-user"></i></a>
<ul id="author-toggle" class="dropdown-menu dropdown-md p-v-0">
<a class="dropdown-item" href="#">HOST:AXKOKARE-HOST.DOCKER.INTERNAL</a>
</ul>
</li>
<li class="dropdown">
<a href="#" class="dropdown-toggle" data-toggle="dropdown"><i class="fa fa-tag"></i></a>
<ul id="tag-toggle" class="dropdown-menu dropdown-md p-v-0">
<a class="dropdown-item" href="#">PROFILE:DEFAULT</a><a class="dropdown-item" href="#">PLATFORM:CHROME</a><a class="dropdown-item" href="#">GROUP:</a>
</ul>
</li>
</ul>
</div>    <div class="test-list-wrapper scrollable">
      <ul class="test-list-item">
        <li class="test-item"  status="pass" test-id="1"
          author="HOST:AXKOKARE-HOST.DOCKER.INTERNAL"
          tag="PLATFORM:CHROME PROFILE:DEFAULT GROUP:"
          device="">
          <div class="test-detail">
            <p class="name">New Test Suite : TC_01</p>
            <p class="text-sm">
              <span>2:32:31 PM</span> / <span>00:00:00:000</span>
              <span class="badge pass-bg log float-right">Pass</span>
            </p>
          </div>
          <div class="test-contents d-none">
<div class="detail-head">
<div class="p-v-10">
<div class="info">
<h5 class="test-status text-pass">New Test Suite : TC_01</h5>
<span class='badge badge-success'>06.26.2025 2:32:31 PM</span>
<span class='badge badge-danger'>06.26.2025 2:32:31 PM</span>
<span class='badge badge-default'>00:00:00:000</span>
&middot; <span class='uri-anchor badge badge-default'>#test-id=1</span>
<span title='Skip to the next failed step' class='badge badge-danger pointer float-right ne ml-1'><i class="fa fa-fast-forward"></i></span>
<span title='Collapse all nodes' class='badge badge-default pointer float-right ct ml-1'><i class="fa fa-compress"></i></span>
<span title='Expand all nodes' class='badge badge-default pointer float-right et'><i class="fa fa-expand"></i></span>
</div>
<div class="m-t-15"><span class="badge badge-pill badge-default">HOST:AXKOKARE-HOST.DOCKER.INTERNAL</span>
<span class="badge badge-pill badge-default">PLATFORM:CHROME</span>
<span class="badge badge-pill badge-default">PROFILE:DEFAULT</span>
<span class="badge badge-pill badge-default">GROUP:</span></div>
<div class="m-t-10 m-l-5">Test Execution: Test Cases/AutomationExercise/TC_01</div>
</div>
</div>          </div>
        </li>
        <li class="test-item"  status="pass" test-id="2"
          author="HOST:AXKOKARE-HOST.DOCKER.INTERNAL"
          tag="PLATFORM:CHROME PROFILE:DEFAULT GROUP:"
          device="">
          <div class="test-detail">
            <p class="name">New Test Suite : TC_02</p>
            <p class="text-sm">
              <span>2:34:00 PM</span> / <span>00:00:00:000</span>
              <span class="badge pass-bg log float-right">Pass</span>
            </p>
          </div>
          <div class="test-contents d-none">
<div class="detail-head">
<div class="p-v-10">
<div class="info">
<h5 class="test-status text-pass">New Test Suite : TC_02</h5>
<span class='badge badge-success'>06.26.2025 2:34:00 PM</span>
<span class='badge badge-danger'>06.26.2025 2:34:00 PM</span>
<span class='badge badge-default'>00:00:00:000</span>
&middot; <span class='uri-anchor badge badge-default'>#test-id=2</span>
<span title='Skip to the next failed step' class='badge badge-danger pointer float-right ne ml-1'><i class="fa fa-fast-forward"></i></span>
<span title='Collapse all nodes' class='badge badge-default pointer float-right ct ml-1'><i class="fa fa-compress"></i></span>
<span title='Expand all nodes' class='badge badge-default pointer float-right et'><i class="fa fa-expand"></i></span>
</div>
<div class="m-t-15"><span class="badge badge-pill badge-default">HOST:AXKOKARE-HOST.DOCKER.INTERNAL</span>
<span class="badge badge-pill badge-default">PLATFORM:CHROME</span>
<span class="badge badge-pill badge-default">PROFILE:DEFAULT</span>
<span class="badge badge-pill badge-default">GROUP:</span></div>
<div class="m-t-10 m-l-5">Test Execution: Test Cases/AutomationExercise/TC_02</div>
</div>
</div>          </div>
        </li>
        <li class="test-item"  status="pass" test-id="3"
          author="HOST:AXKOKARE-HOST.DOCKER.INTERNAL"
          tag="PLATFORM:CHROME PROFILE:DEFAULT GROUP:"
          device="">
          <div class="test-detail">
            <p class="name">New Test Suite : TC_03</p>
            <p class="text-sm">
              <span>2:34:34 PM</span> / <span>00:00:00:000</span>
              <span class="badge pass-bg log float-right">Pass</span>
            </p>
          </div>
          <div class="test-contents d-none">
<div class="detail-head">
<div class="p-v-10">
<div class="info">
<h5 class="test-status text-pass">New Test Suite : TC_03</h5>
<span class='badge badge-success'>06.26.2025 2:34:34 PM</span>
<span class='badge badge-danger'>06.26.2025 2:34:34 PM</span>
<span class='badge badge-default'>00:00:00:000</span>
&middot; <span class='uri-anchor badge badge-default'>#test-id=3</span>
<span title='Skip to the next failed step' class='badge badge-danger pointer float-right ne ml-1'><i class="fa fa-fast-forward"></i></span>
<span title='Collapse all nodes' class='badge badge-default pointer float-right ct ml-1'><i class="fa fa-compress"></i></span>
<span title='Expand all nodes' class='badge badge-default pointer float-right et'><i class="fa fa-expand"></i></span>
</div>
<div class="m-t-15"><span class="badge badge-pill badge-default">HOST:AXKOKARE-HOST.DOCKER.INTERNAL</span>
<span class="badge badge-pill badge-default">PLATFORM:CHROME</span>
<span class="badge badge-pill badge-default">PROFILE:DEFAULT</span>
<span class="badge badge-pill badge-default">GROUP:</span></div>
<div class="m-t-10 m-l-5">Test Execution: Test Cases/AutomationExercise/TC_03</div>
</div>
</div>          </div>
        </li>
        <li class="test-item"  status="pass" test-id="4"
          author="HOST:AXKOKARE-HOST.DOCKER.INTERNAL"
          tag="PLATFORM:CHROME PROFILE:DEFAULT GROUP:"
          device="">
          <div class="test-detail">
            <p class="name">New Test Suite : TC_04</p>
            <p class="text-sm">
              <span>2:35:17 PM</span> / <span>00:00:00:000</span>
              <span class="badge pass-bg log float-right">Pass</span>
            </p>
          </div>
          <div class="test-contents d-none">
<div class="detail-head">
<div class="p-v-10">
<div class="info">
<h5 class="test-status text-pass">New Test Suite : TC_04</h5>
<span class='badge badge-success'>06.26.2025 2:35:17 PM</span>
<span class='badge badge-danger'>06.26.2025 2:35:17 PM</span>
<span class='badge badge-default'>00:00:00:000</span>
&middot; <span class='uri-anchor badge badge-default'>#test-id=4</span>
<span title='Skip to the next failed step' class='badge badge-danger pointer float-right ne ml-1'><i class="fa fa-fast-forward"></i></span>
<span title='Collapse all nodes' class='badge badge-default pointer float-right ct ml-1'><i class="fa fa-compress"></i></span>
<span title='Expand all nodes' class='badge badge-default pointer float-right et'><i class="fa fa-expand"></i></span>
</div>
<div class="m-t-15"><span class="badge badge-pill badge-default">HOST:AXKOKARE-HOST.DOCKER.INTERNAL</span>
<span class="badge badge-pill badge-default">PLATFORM:CHROME</span>
<span class="badge badge-pill badge-default">PROFILE:DEFAULT</span>
<span class="badge badge-pill badge-default">GROUP:</span></div>
<div class="m-t-10 m-l-5">Test Execution: Test Cases/AutomationExercise/TC_04</div>
</div>
</div>          </div>
        </li>
        <li class="test-item"  status="pass" test-id="5"
          author="HOST:AXKOKARE-HOST.DOCKER.INTERNAL"
          tag="PLATFORM:CHROME PROFILE:DEFAULT GROUP:"
          device="">
          <div class="test-detail">
            <p class="name">New Test Suite : TC_05</p>
            <p class="text-sm">
              <span>2:35:41 PM</span> / <span>00:00:00:000</span>
              <span class="badge pass-bg log float-right">Pass</span>
            </p>
          </div>
          <div class="test-contents d-none">
<div class="detail-head">
<div class="p-v-10">
<div class="info">
<h5 class="test-status text-pass">New Test Suite : TC_05</h5>
<span class='badge badge-success'>06.26.2025 2:35:41 PM</span>
<span class='badge badge-danger'>06.26.2025 2:35:41 PM</span>
<span class='badge badge-default'>00:00:00:000</span>
&middot; <span class='uri-anchor badge badge-default'>#test-id=5</span>
<span title='Skip to the next failed step' class='badge badge-danger pointer float-right ne ml-1'><i class="fa fa-fast-forward"></i></span>
<span title='Collapse all nodes' class='badge badge-default pointer float-right ct ml-1'><i class="fa fa-compress"></i></span>
<span title='Expand all nodes' class='badge badge-default pointer float-right et'><i class="fa fa-expand"></i></span>
</div>
<div class="m-t-15"><span class="badge badge-pill badge-default">HOST:AXKOKARE-HOST.DOCKER.INTERNAL</span>
<span class="badge badge-pill badge-default">PLATFORM:CHROME</span>
<span class="badge badge-pill badge-default">PROFILE:DEFAULT</span>
<span class="badge badge-pill badge-default">GROUP:</span></div>
<div class="m-t-10 m-l-5">Test Execution: Test Cases/AutomationExercise/TC_05</div>
</div>
</div>          </div>
        </li>
        <li class="test-item"  status="pass" test-id="6"
          author="HOST:AXKOKARE-HOST.DOCKER.INTERNAL"
          tag="PLATFORM:CHROME PROFILE:DEFAULT GROUP:"
          device="">
          <div class="test-detail">
            <p class="name">New Test Suite : TC_06</p>
            <p class="text-sm">
              <span>2:35:59 PM</span> / <span>00:00:00:000</span>
              <span class="badge pass-bg log float-right">Pass</span>
            </p>
          </div>
          <div class="test-contents d-none">
<div class="detail-head">
<div class="p-v-10">
<div class="info">
<h5 class="test-status text-pass">New Test Suite : TC_06</h5>
<span class='badge badge-success'>06.26.2025 2:35:59 PM</span>
<span class='badge badge-danger'>06.26.2025 2:35:59 PM</span>
<span class='badge badge-default'>00:00:00:000</span>
&middot; <span class='uri-anchor badge badge-default'>#test-id=6</span>
<span title='Skip to the next failed step' class='badge badge-danger pointer float-right ne ml-1'><i class="fa fa-fast-forward"></i></span>
<span title='Collapse all nodes' class='badge badge-default pointer float-right ct ml-1'><i class="fa fa-compress"></i></span>
<span title='Expand all nodes' class='badge badge-default pointer float-right et'><i class="fa fa-expand"></i></span>
</div>
<div class="m-t-15"><span class="badge badge-pill badge-default">HOST:AXKOKARE-HOST.DOCKER.INTERNAL</span>
<span class="badge badge-pill badge-default">PLATFORM:CHROME</span>
<span class="badge badge-pill badge-default">PROFILE:DEFAULT</span>
<span class="badge badge-pill badge-default">GROUP:</span></div>
<div class="m-t-10 m-l-5">Test Execution: Test Cases/AutomationExercise/TC_06</div>
</div>
</div>          </div>
        </li>
        <li class="test-item"  status="pass" test-id="7"
          author="HOST:AXKOKARE-HOST.DOCKER.INTERNAL"
          tag="PLATFORM:CHROME PROFILE:DEFAULT GROUP:"
          device="">
          <div class="test-detail">
            <p class="name">New Test Suite : TC_07</p>
            <p class="text-sm">
              <span>2:36:36 PM</span> / <span>00:00:00:000</span>
              <span class="badge pass-bg log float-right">Pass</span>
            </p>
          </div>
          <div class="test-contents d-none">
<div class="detail-head">
<div class="p-v-10">
<div class="info">
<h5 class="test-status text-pass">New Test Suite : TC_07</h5>
<span class='badge badge-success'>06.26.2025 2:36:36 PM</span>
<span class='badge badge-danger'>06.26.2025 2:36:36 PM</span>
<span class='badge badge-default'>00:00:00:000</span>
&middot; <span class='uri-anchor badge badge-default'>#test-id=7</span>
<span title='Skip to the next failed step' class='badge badge-danger pointer float-right ne ml-1'><i class="fa fa-fast-forward"></i></span>
<span title='Collapse all nodes' class='badge badge-default pointer float-right ct ml-1'><i class="fa fa-compress"></i></span>
<span title='Expand all nodes' class='badge badge-default pointer float-right et'><i class="fa fa-expand"></i></span>
</div>
<div class="m-t-15"><span class="badge badge-pill badge-default">HOST:AXKOKARE-HOST.DOCKER.INTERNAL</span>
<span class="badge badge-pill badge-default">PLATFORM:CHROME</span>
<span class="badge badge-pill badge-default">PROFILE:DEFAULT</span>
<span class="badge badge-pill badge-default">GROUP:</span></div>
<div class="m-t-10 m-l-5">Test Execution: Test Cases/AutomationExercise/TC_07</div>
</div>
</div>          </div>
        </li>
        <li class="test-item"  status="pass" test-id="8"
          author="HOST:AXKOKARE-HOST.DOCKER.INTERNAL"
          tag="PLATFORM:CHROME PROFILE:DEFAULT GROUP:"
          device="">
          <div class="test-detail">
            <p class="name">New Test Suite : TC_08</p>
            <p class="text-sm">
              <span>2:36:54 PM</span> / <span>00:00:00:000</span>
              <span class="badge pass-bg log float-right">Pass</span>
            </p>
          </div>
          <div class="test-contents d-none">
<div class="detail-head">
<div class="p-v-10">
<div class="info">
<h5 class="test-status text-pass">New Test Suite : TC_08</h5>
<span class='badge badge-success'>06.26.2025 2:36:54 PM</span>
<span class='badge badge-danger'>06.26.2025 2:36:54 PM</span>
<span class='badge badge-default'>00:00:00:000</span>
&middot; <span class='uri-anchor badge badge-default'>#test-id=8</span>
<span title='Skip to the next failed step' class='badge badge-danger pointer float-right ne ml-1'><i class="fa fa-fast-forward"></i></span>
<span title='Collapse all nodes' class='badge badge-default pointer float-right ct ml-1'><i class="fa fa-compress"></i></span>
<span title='Expand all nodes' class='badge badge-default pointer float-right et'><i class="fa fa-expand"></i></span>
</div>
<div class="m-t-15"><span class="badge badge-pill badge-default">HOST:AXKOKARE-HOST.DOCKER.INTERNAL</span>
<span class="badge badge-pill badge-default">PLATFORM:CHROME</span>
<span class="badge badge-pill badge-default">PROFILE:DEFAULT</span>
<span class="badge badge-pill badge-default">GROUP:</span></div>
<div class="m-t-10 m-l-5">Test Execution: Test Cases/AutomationExercise/TC_08</div>
</div>
</div>          </div>
        </li>
        <li class="test-item"  status="pass" test-id="9"
          author="HOST:AXKOKARE-HOST.DOCKER.INTERNAL"
          tag="PLATFORM:CHROME PROFILE:DEFAULT GROUP:"
          device="">
          <div class="test-detail">
            <p class="name">New Test Suite : TC_09</p>
            <p class="text-sm">
              <span>2:37:23 PM</span> / <span>00:00:00:000</span>
              <span class="badge pass-bg log float-right">Pass</span>
            </p>
          </div>
          <div class="test-contents d-none">
<div class="detail-head">
<div class="p-v-10">
<div class="info">
<h5 class="test-status text-pass">New Test Suite : TC_09</h5>
<span class='badge badge-success'>06.26.2025 2:37:23 PM</span>
<span class='badge badge-danger'>06.26.2025 2:37:23 PM</span>
<span class='badge badge-default'>00:00:00:000</span>
&middot; <span class='uri-anchor badge badge-default'>#test-id=9</span>
<span title='Skip to the next failed step' class='badge badge-danger pointer float-right ne ml-1'><i class="fa fa-fast-forward"></i></span>
<span title='Collapse all nodes' class='badge badge-default pointer float-right ct ml-1'><i class="fa fa-compress"></i></span>
<span title='Expand all nodes' class='badge badge-default pointer float-right et'><i class="fa fa-expand"></i></span>
</div>
<div class="m-t-15"><span class="badge badge-pill badge-default">HOST:AXKOKARE-HOST.DOCKER.INTERNAL</span>
<span class="badge badge-pill badge-default">PLATFORM:CHROME</span>
<span class="badge badge-pill badge-default">PROFILE:DEFAULT</span>
<span class="badge badge-pill badge-default">GROUP:</span></div>
<div class="m-t-10 m-l-5">Test Execution: Test Cases/AutomationExercise/TC_09</div>
</div>
</div>          </div>
        </li>
        <li class="test-item"  status="pass" test-id="10"
          author="HOST:AXKOKARE-HOST.DOCKER.INTERNAL"
          tag="PLATFORM:CHROME PROFILE:DEFAULT GROUP:"
          device="">
          <div class="test-detail">
            <p class="name">New Test Suite : TC_09</p>
            <p class="text-sm">
              <span>2:37:26 PM</span> / <span>00:00:00:000</span>
              <span class="badge pass-bg log float-right">Pass</span>
            </p>
          </div>
          <div class="test-contents d-none">
<div class="detail-head">
<div class="p-v-10">
<div class="info">
<h5 class="test-status text-pass">New Test Suite : TC_09</h5>
<span class='badge badge-success'>06.26.2025 2:37:26 PM</span>
<span class='badge badge-danger'>06.26.2025 2:37:26 PM</span>
<span class='badge badge-default'>00:00:00:000</span>
&middot; <span class='uri-anchor badge badge-default'>#test-id=10</span>
<span title='Skip to the next failed step' class='badge badge-danger pointer float-right ne ml-1'><i class="fa fa-fast-forward"></i></span>
<span title='Collapse all nodes' class='badge badge-default pointer float-right ct ml-1'><i class="fa fa-compress"></i></span>
<span title='Expand all nodes' class='badge badge-default pointer float-right et'><i class="fa fa-expand"></i></span>
</div>
<div class="m-t-15"><span class="badge badge-pill badge-default">HOST:AXKOKARE-HOST.DOCKER.INTERNAL</span>
<span class="badge badge-pill badge-default">PLATFORM:CHROME</span>
<span class="badge badge-pill badge-default">PROFILE:DEFAULT</span>
<span class="badge badge-pill badge-default">GROUP:</span></div>
<div class="m-t-10 m-l-5">Test Execution: Test Cases/AutomationExercise/TC_09</div>
</div>
</div>          </div>
        </li>
        <li class="test-item"  status="pass" test-id="11"
          author="HOST:AXKOKARE-HOST.DOCKER.INTERNAL"
          tag="PLATFORM:CHROME PROFILE:DEFAULT GROUP:"
          device="">
          <div class="test-detail">
            <p class="name">New Test Suite : TC_09</p>
            <p class="text-sm">
              <span>2:37:28 PM</span> / <span>00:00:00:000</span>
              <span class="badge pass-bg log float-right">Pass</span>
            </p>
          </div>
          <div class="test-contents d-none">
<div class="detail-head">
<div class="p-v-10">
<div class="info">
<h5 class="test-status text-pass">New Test Suite : TC_09</h5>
<span class='badge badge-success'>06.26.2025 2:37:28 PM</span>
<span class='badge badge-danger'>06.26.2025 2:37:28 PM</span>
<span class='badge badge-default'>00:00:00:000</span>
&middot; <span class='uri-anchor badge badge-default'>#test-id=11</span>
<span title='Skip to the next failed step' class='badge badge-danger pointer float-right ne ml-1'><i class="fa fa-fast-forward"></i></span>
<span title='Collapse all nodes' class='badge badge-default pointer float-right ct ml-1'><i class="fa fa-compress"></i></span>
<span title='Expand all nodes' class='badge badge-default pointer float-right et'><i class="fa fa-expand"></i></span>
</div>
<div class="m-t-15"><span class="badge badge-pill badge-default">HOST:AXKOKARE-HOST.DOCKER.INTERNAL</span>
<span class="badge badge-pill badge-default">PLATFORM:CHROME</span>
<span class="badge badge-pill badge-default">PROFILE:DEFAULT</span>
<span class="badge badge-pill badge-default">GROUP:</span></div>
<div class="m-t-10 m-l-5">Test Execution: Test Cases/AutomationExercise/TC_09</div>
</div>
</div>          </div>
        </li>
        <li class="test-item"  status="pass" test-id="12"
          author="HOST:AXKOKARE-HOST.DOCKER.INTERNAL"
          tag="PLATFORM:CHROME PROFILE:DEFAULT GROUP:"
          device="">
          <div class="test-detail">
            <p class="name">New Test Suite : TC_09</p>
            <p class="text-sm">
              <span>2:37:30 PM</span> / <span>00:00:00:000</span>
              <span class="badge pass-bg log float-right">Pass</span>
            </p>
          </div>
          <div class="test-contents d-none">
<div class="detail-head">
<div class="p-v-10">
<div class="info">
<h5 class="test-status text-pass">New Test Suite : TC_09</h5>
<span class='badge badge-success'>06.26.2025 2:37:30 PM</span>
<span class='badge badge-danger'>06.26.2025 2:37:30 PM</span>
<span class='badge badge-default'>00:00:00:000</span>
&middot; <span class='uri-anchor badge badge-default'>#test-id=12</span>
<span title='Skip to the next failed step' class='badge badge-danger pointer float-right ne ml-1'><i class="fa fa-fast-forward"></i></span>
<span title='Collapse all nodes' class='badge badge-default pointer float-right ct ml-1'><i class="fa fa-compress"></i></span>
<span title='Expand all nodes' class='badge badge-default pointer float-right et'><i class="fa fa-expand"></i></span>
</div>
<div class="m-t-15"><span class="badge badge-pill badge-default">HOST:AXKOKARE-HOST.DOCKER.INTERNAL</span>
<span class="badge badge-pill badge-default">PLATFORM:CHROME</span>
<span class="badge badge-pill badge-default">PROFILE:DEFAULT</span>
<span class="badge badge-pill badge-default">GROUP:</span></div>
<div class="m-t-10 m-l-5">Test Execution: Test Cases/AutomationExercise/TC_09</div>
</div>
</div>          </div>
        </li>
        <li class="test-item"  status="fail" test-id="13"
          author="HOST:AXKOKARE-HOST.DOCKER.INTERNAL"
          tag="PLATFORM:CHROME PROFILE:DEFAULT GROUP:"
          device="">
          <div class="test-detail">
            <p class="name">New Test Suite : TC_10</p>
            <p class="text-sm">
              <span>2:37:32 PM</span> / <span>00:01:38:888</span>
              <span class="badge fail-bg log float-right">Fail</span>
            </p>
          </div>
          <div class="test-contents d-none">
<div class="detail-head">
<div class="p-v-10">
<div class="info">
<h5 class="test-status text-fail">New Test Suite : TC_10</h5>
<span class='badge badge-success'>06.26.2025 2:37:32 PM</span>
<span class='badge badge-danger'>06.26.2025 2:39:11 PM</span>
<span class='badge badge-default'>00:01:38:888</span>
&middot; <span class='uri-anchor badge badge-default'>#test-id=13</span>
<span title='Skip to the next failed step' class='badge badge-danger pointer float-right ne ml-1'><i class="fa fa-fast-forward"></i></span>
<span title='Collapse all nodes' class='badge badge-default pointer float-right ct ml-1'><i class="fa fa-compress"></i></span>
<span title='Expand all nodes' class='badge badge-default pointer float-right et'><i class="fa fa-expand"></i></span>
</div>
<div class="m-t-15"><span class="badge badge-pill badge-default">HOST:AXKOKARE-HOST.DOCKER.INTERNAL</span>
<span class="badge badge-pill badge-default">PLATFORM:CHROME</span>
<span class="badge badge-pill badge-default">PROFILE:DEFAULT</span>
<span class="badge badge-pill badge-default">GROUP:</span></div>
<div class="m-t-10 m-l-5">Test Execution: Test Cases/AutomationExercise/TC_10</div>
</div>
</div><div class="detail-body mt-4">
<table class="table table-sm">
  <thead><tr><th class="status-col">Status</th><th class="timestamp-col">Timestamp</th><th class="details-col">Details</th></tr></thead>
  <tbody>
      <tr class="event-row">
        <td><span class="badge log fail-bg">Fail</span></td>
        <td>2:39:11 PM</td>
        <td>
          =============== ROOT CAUSE =====================<br>Test Cases/AutomationExercise/TC_10 FAILED.
Reason:
com.kms.katalon.core.exception.StepFailedException: Unable to set text 'ThisIsNotAPassword' of object 'Object Repository/Sample_2/input_Demo account_form-control'
	at com.kms.katalon.core.webui.keyword.internal.WebUIKeywordMain.stepFailed(WebUIKeywordMain.groovy:117)
	at com.kms.katalon.core.webui.keyword.internal.WebUIKeywordMain.runKeyword(WebUIKeywordMain.groovy:43)
	at com.kms.katalon.core.webui.keyword.builtin.SetTextKeyword.setText(SetTextKeyword.groovy:86)
	at com.kms.katalon.core.webui.keyword.builtin.SetTextKeyword.execute(SetTextKeyword.groovy:39)
	at com.kms.katalon.core.keyword.internal.KeywordExecutor.executeKeywordForPlatform(KeywordExecutor.groovy:74)
	at com.kms.katalon.core.webui.keyword.WebUiBuiltInKeywords.setText(WebUiBuiltInKeywords.groovy:1056)
	at TC_10.run(TC_10:32)
	at com.kms.katalon.core.main.ScriptEngine.run(ScriptEngine.java:194)
	at com.kms.katalon.core.main.ScriptEngine.runScriptAsRawText(ScriptEngine.java:119)
	at com.kms.katalon.core.main.TestCaseExecutor.runScript(TestCaseExecutor.java:486)
	at com.kms.katalon.core.main.TestCaseExecutor.doExecute(TestCaseExecutor.java:477)
	at com.kms.katalon.core.main.TestCaseExecutor.processExecutionPhase(TestCaseExecutor.java:456)
	at com.kms.katalon.core.main.TestCaseExecutor.accessMainPhase(TestCaseExecutor.java:448)
	at com.kms.katalon.core.main.TestCaseExecutor.execute(TestCaseExecutor.java:322)
	at com.kms.katalon.core.common.CommonExecutor.accessTestCaseMainPhase(CommonExecutor.java:71)
	at com.kms.katalon.core.main.TestSuiteExecutor.accessTestSuiteMainPhase(TestSuiteExecutor.java:160)
	at com.kms.katalon.core.main.TestSuiteExecutor.execute(TestSuiteExecutor.java:107)
	at com.kms.katalon.core.main.TestCaseMain.startTestSuite(TestCaseMain.java:186)
	at TempTestSuite1750928528853.run(TempTestSuite1750928528853.groovy:35)
	at java.base/jdk.internal.reflect.NativeMethodAccessorImpl.invoke0(Native Method)
	at java.base/jdk.internal.reflect.NativeMethodAccessorImpl.invoke(NativeMethodAccessorImpl.java:77)
	at java.base/jdk.internal.reflect.DelegatingMethodAccessorImpl.invoke(DelegatingMethodAccessorImpl.java:43)
Caused by: org.openqa.selenium.InvalidElementStateException: invalid element state
  (Session info: chrome=138.0.7204.49)
Build info: version: '4.28.1', revision: '73f5ad48a2'
System info: os.name: 'Windows 11', os.arch: 'amd64', os.version: '10.0', java.version: '17.0.14'
Driver info: com.kms.katalon.selenium.driver.CChromeDriver
Command: [1c89dcf1e25482d4d09a289ac62fb951, clearElement {id=f.9B04C65BEB2FE5E3479E5796878BEBD7.d.763EF7393FEBE9A2CC113CEF6A65A4A0.e.12}]
Capabilities {acceptInsecureCerts: false, browserName: chrome, browserVersion: 138.0.7204.49, chrome: {chromedriverVersion: 138.0.7204.49 (d2b48fd5f781..., userDataDir: C:\Users\AXKokare\AppData\L...}, fedcm:accounts: true, goog:chromeOptions: {debuggerAddress: localhost:59183}, networkConnectionEnabled: false, pageLoadStrategy: normal, platformName: windows, proxy: Proxy(), se:cdp: ws://localhost:59183/devtoo..., se:cdpVersion: 138.0.7204.49, setWindowRect: true, strictFileInteractability: false, timeouts: {implicit: 0, pageLoad: 300000, script: 30000}, unhandledPromptBehavior: ignore, webSocketUrl: ws://localhost:21440/sessio..., webauthn:extension:credBlob: true, webauthn:extension:largeBlob: true, webauthn:extension:minPinLength: true, webauthn:extension:prf: true, webauthn:virtualAuthenticators: true}
Element: [[CChromeDriver: chrome on windows (1c89dcf1e25482d4d09a289ac62fb951)] -> xpath: //input[@value='ThisIsNotAPassword']]
Session ID: 1c89dcf1e25482d4d09a289ac62fb951
	at java.base/jdk.internal.reflect.NativeConstructorAccessorImpl.newInstance0(Native Method)
	at java.base/jdk.internal.reflect.NativeConstructorAccessorImpl.newInstance(NativeConstructorAccessorImpl.java:77)
	at java.base/jdk.internal.reflect.DelegatingConstructorAccessorImpl.newInstance(DelegatingConstructorAccessorImpl.java:45)
	at org.openqa.selenium.remote.ErrorCodec.decode(ErrorCodec.java:167)
	at org.openqa.selenium.remote.codec.w3c.W3CHttpResponseCodec.decode(W3CHttpResponseCodec.java:138)
	at org.openqa.selenium.remote.codec.w3c.W3CHttpResponseCodec.decode(W3CHttpResponseCodec.java:50)
	at org.openqa.selenium.remote.HttpCommandExecutor.execute(HttpCommandExecutor.java:215)
	at org.openqa.selenium.remote.service.DriverCommandExecutor.invokeExecute(DriverCommandExecutor.java:216)
	at org.openqa.selenium.remote.service.DriverCommandExecutor.execute(DriverCommandExecutor.java:174)
	at org.openqa.selenium.remote.RemoteWebDriver.execute(RemoteWebDriver.java:545)
	at org.openqa.selenium.remote.RemoteWebElement.execute(RemoteWebElement.java:223)
	at org.openqa.selenium.remote.RemoteWebElement.clear(RemoteWebElement.java:129)
	at jdk.internal.reflect.GeneratedMethodAccessor48.invoke(Unknown Source)
	at java.base/jdk.internal.reflect.DelegatingMethodAccessorImpl.invoke(DelegatingMethodAccessorImpl.java:43)
	at org.openqa.selenium.support.decorators.WebDriverDecorator.call(WebDriverDecorator.java:315)
	at org.openqa.selenium.support.decorators.DefaultDecorated.call(DefaultDecorated.java:48)
	at org.openqa.selenium.support.decorators.WebDriverDecorator.lambda$createProxyFactory$3(WebDriverDecorator.java:405)
	at net.bytebuddy.renamed.java.lang.Object$ByteBuddy$Eb2T1GWu.clear(Unknown Source)
	at com.kms.katalon.core.webui.keyword.builtin.SetTextKeyword$_setText_closure1.doCall(SetTextKeyword.groovy:55)
	at com.kms.katalon.core.webui.keyword.builtin.SetTextKeyword$_setText_closure1.call(SetTextKeyword.groovy)
	at com.kms.katalon.core.webui.keyword.internal.WebUIKeywordMain.runKeyword(WebUIKeywordMain.groovy:35)
	... 20 more

        </td>
      </tr>
      <tr class="event-row">
        <td><span class="badge log fail-bg">Fail</span></td>
        <td>2:39:11 PM</td>
        <td>
          Failed Screenshot added.
    <div class="row mb-3"><div class="col-md-3">
<img data-featherlight='C:\Users\AXKokare\Katalon Studio\Record and Playback\Extent\20250626_143229\Screenshots\Screenshot_250626143911268.png' src="C:\Users\AXKokare\Katalon Studio\Record and Playback\Extent\20250626_143229\Screenshots\Screenshot_250626143911268.png">
    
    </div></div>
        </td>
      </tr>
  </tbody>
</table>
</div>
          </div>
        </li>
        <li class="test-item"  status="fail" test-id="14"
          author="HOST:AXKOKARE-HOST.DOCKER.INTERNAL"
          tag="PLATFORM:CHROME PROFILE:DEFAULT GROUP:"
          device="">
          <div class="test-detail">
            <p class="name">New Test Suite : TC_10</p>
            <p class="text-sm">
              <span>2:39:13 PM</span> / <span>00:01:32:152</span>
              <span class="badge fail-bg log float-right">Fail</span>
            </p>
          </div>
          <div class="test-contents d-none">
<div class="detail-head">
<div class="p-v-10">
<div class="info">
<h5 class="test-status text-fail">New Test Suite : TC_10</h5>
<span class='badge badge-success'>06.26.2025 2:39:13 PM</span>
<span class='badge badge-danger'>06.26.2025 2:40:45 PM</span>
<span class='badge badge-default'>00:01:32:152</span>
&middot; <span class='uri-anchor badge badge-default'>#test-id=14</span>
<span title='Skip to the next failed step' class='badge badge-danger pointer float-right ne ml-1'><i class="fa fa-fast-forward"></i></span>
<span title='Collapse all nodes' class='badge badge-default pointer float-right ct ml-1'><i class="fa fa-compress"></i></span>
<span title='Expand all nodes' class='badge badge-default pointer float-right et'><i class="fa fa-expand"></i></span>
</div>
<div class="m-t-15"><span class="badge badge-pill badge-default">HOST:AXKOKARE-HOST.DOCKER.INTERNAL</span>
<span class="badge badge-pill badge-default">PLATFORM:CHROME</span>
<span class="badge badge-pill badge-default">PROFILE:DEFAULT</span>
<span class="badge badge-pill badge-default">GROUP:</span></div>
<div class="m-t-10 m-l-5">Test Execution: Test Cases/AutomationExercise/TC_10</div>
</div>
</div><div class="detail-body mt-4">
<table class="table table-sm">
  <thead><tr><th class="status-col">Status</th><th class="timestamp-col">Timestamp</th><th class="details-col">Details</th></tr></thead>
  <tbody>
      <tr class="event-row">
        <td><span class="badge log fail-bg">Fail</span></td>
        <td>2:40:45 PM</td>
        <td>
          =============== ROOT CAUSE =====================<br>Test Cases/AutomationExercise/TC_10 FAILED.
Reason:
com.kms.katalon.core.exception.StepFailedException: Unable to set text 'ThisIsNotAPassword' of object 'Object Repository/Sample_2/input_Demo account_form-control'
	at com.kms.katalon.core.webui.keyword.internal.WebUIKeywordMain.stepFailed(WebUIKeywordMain.groovy:117)
	at com.kms.katalon.core.webui.keyword.internal.WebUIKeywordMain.runKeyword(WebUIKeywordMain.groovy:43)
	at com.kms.katalon.core.webui.keyword.builtin.SetTextKeyword.setText(SetTextKeyword.groovy:86)
	at com.kms.katalon.core.webui.keyword.builtin.SetTextKeyword.execute(SetTextKeyword.groovy:39)
	at com.kms.katalon.core.keyword.internal.KeywordExecutor.executeKeywordForPlatform(KeywordExecutor.groovy:74)
	at com.kms.katalon.core.webui.keyword.WebUiBuiltInKeywords.setText(WebUiBuiltInKeywords.groovy:1056)
	at TC_10.run(TC_10:32)
	at com.kms.katalon.core.main.ScriptEngine.run(ScriptEngine.java:194)
	at com.kms.katalon.core.main.ScriptEngine.runScriptAsRawText(ScriptEngine.java:119)
	at com.kms.katalon.core.main.TestCaseExecutor.runScript(TestCaseExecutor.java:486)
	at com.kms.katalon.core.main.TestCaseExecutor.doExecute(TestCaseExecutor.java:477)
	at com.kms.katalon.core.main.TestCaseExecutor.processExecutionPhase(TestCaseExecutor.java:456)
	at com.kms.katalon.core.main.TestCaseExecutor.accessMainPhase(TestCaseExecutor.java:448)
	at com.kms.katalon.core.main.TestCaseExecutor.execute(TestCaseExecutor.java:322)
	at com.kms.katalon.core.main.TestCaseExecutor.execute(TestCaseExecutor.java:406)
	at com.kms.katalon.core.common.CommonExecutor.accessTestCaseMainPhase(CommonExecutor.java:71)
	at com.kms.katalon.core.main.TestSuiteExecutor.accessTestSuiteMainPhase(TestSuiteExecutor.java:160)
	at com.kms.katalon.core.main.TestSuiteExecutor.execute(TestSuiteExecutor.java:107)
	at com.kms.katalon.core.main.TestCaseMain.startTestSuite(TestCaseMain.java:186)
	at TempTestSuite1750928528853.run(TempTestSuite1750928528853.groovy:35)
	at java.base/jdk.internal.reflect.NativeMethodAccessorImpl.invoke0(Native Method)
	at java.base/jdk.internal.reflect.NativeMethodAccessorImpl.invoke(NativeMethodAccessorImpl.java:77)
	at java.base/jdk.internal.reflect.DelegatingMethodAccessorImpl.invoke(DelegatingMethodAccessorImpl.java:43)
Caused by: org.openqa.selenium.InvalidElementStateException: invalid element state
  (Session info: chrome=138.0.7204.49)
Build info: version: '4.28.1', revision: '73f5ad48a2'
System info: os.name: 'Windows 11', os.arch: 'amd64', os.version: '10.0', java.version: '17.0.14'
Driver info: com.kms.katalon.selenium.driver.CChromeDriver
Command: [85b1a1282d51f45892e6f0d60c5b9926, clearElement {id=f.A873847D8392629D013D91FC57648E37.d.322634EDA6387AC561E1A8F6D9D84364.e.12}]
Capabilities {acceptInsecureCerts: false, browserName: chrome, browserVersion: 138.0.7204.49, chrome: {chromedriverVersion: 138.0.7204.49 (d2b48fd5f781..., userDataDir: C:\Users\AXKokare\AppData\L...}, fedcm:accounts: true, goog:chromeOptions: {debuggerAddress: localhost:50801}, networkConnectionEnabled: false, pageLoadStrategy: normal, platformName: windows, proxy: Proxy(), se:cdp: ws://localhost:50801/devtoo..., se:cdpVersion: 138.0.7204.49, setWindowRect: true, strictFileInteractability: false, timeouts: {implicit: 0, pageLoad: 300000, script: 30000}, unhandledPromptBehavior: ignore, webSocketUrl: ws://localhost:46912/sessio..., webauthn:extension:credBlob: true, webauthn:extension:largeBlob: true, webauthn:extension:minPinLength: true, webauthn:extension:prf: true, webauthn:virtualAuthenticators: true}
Element: [[CChromeDriver: chrome on windows (85b1a1282d51f45892e6f0d60c5b9926)] -> xpath: //input[@value='ThisIsNotAPassword']]
Session ID: 85b1a1282d51f45892e6f0d60c5b9926
	at java.base/jdk.internal.reflect.NativeConstructorAccessorImpl.newInstance0(Native Method)
	at java.base/jdk.internal.reflect.NativeConstructorAccessorImpl.newInstance(NativeConstructorAccessorImpl.java:77)
	at java.base/jdk.internal.reflect.DelegatingConstructorAccessorImpl.newInstance(DelegatingConstructorAccessorImpl.java:45)
	at org.openqa.selenium.remote.ErrorCodec.decode(ErrorCodec.java:167)
	at org.openqa.selenium.remote.codec.w3c.W3CHttpResponseCodec.decode(W3CHttpResponseCodec.java:138)
	at org.openqa.selenium.remote.codec.w3c.W3CHttpResponseCodec.decode(W3CHttpResponseCodec.java:50)
	at org.openqa.selenium.remote.HttpCommandExecutor.execute(HttpCommandExecutor.java:215)
	at org.openqa.selenium.remote.service.DriverCommandExecutor.invokeExecute(DriverCommandExecutor.java:216)
	at org.openqa.selenium.remote.service.DriverCommandExecutor.execute(DriverCommandExecutor.java:174)
	at org.openqa.selenium.remote.RemoteWebDriver.execute(RemoteWebDriver.java:545)
	at org.openqa.selenium.remote.RemoteWebElement.execute(RemoteWebElement.java:223)
	at org.openqa.selenium.remote.RemoteWebElement.clear(RemoteWebElement.java:129)
	at jdk.internal.reflect.GeneratedMethodAccessor48.invoke(Unknown Source)
	at java.base/jdk.internal.reflect.DelegatingMethodAccessorImpl.invoke(DelegatingMethodAccessorImpl.java:43)
	at org.openqa.selenium.support.decorators.WebDriverDecorator.call(WebDriverDecorator.java:315)
	at org.openqa.selenium.support.decorators.DefaultDecorated.call(DefaultDecorated.java:48)
	at org.openqa.selenium.support.decorators.WebDriverDecorator.lambda$createProxyFactory$3(WebDriverDecorator.java:405)
	at net.bytebuddy.renamed.java.lang.Object$ByteBuddy$1d6Po4j0.clear(Unknown Source)
	at com.kms.katalon.core.webui.keyword.builtin.SetTextKeyword$_setText_closure1.doCall(SetTextKeyword.groovy:55)
	at com.kms.katalon.core.webui.keyword.builtin.SetTextKeyword$_setText_closure1.call(SetTextKeyword.groovy)
	at com.kms.katalon.core.webui.keyword.internal.WebUIKeywordMain.runKeyword(WebUIKeywordMain.groovy:35)
	... 21 more

        </td>
      </tr>
      <tr class="event-row">
        <td><span class="badge log fail-bg">Fail</span></td>
        <td>2:40:45 PM</td>
        <td>
          Failed Screenshot added.
    <div class="row mb-3"><div class="col-md-3">
<img data-featherlight='C:\Users\AXKokare\Katalon Studio\Record and Playback\Extent\20250626_143229\Screenshots\Screenshot_250626144045526.png' src="C:\Users\AXKokare\Katalon Studio\Record and Playback\Extent\20250626_143229\Screenshots\Screenshot_250626144045526.png">
    
    </div></div>
        </td>
      </tr>
  </tbody>
</table>
</div>
          </div>
        </li>
        <li class="test-item"  status="fail" test-id="15"
          author="HOST:AXKOKARE-HOST.DOCKER.INTERNAL"
          tag="PLATFORM:CHROME PROFILE:DEFAULT GROUP:"
          device="">
          <div class="test-detail">
            <p class="name">New Test Suite : TC_10</p>
            <p class="text-sm">
              <span>2:40:47 PM</span> / <span>00:01:32:156</span>
              <span class="badge fail-bg log float-right">Fail</span>
            </p>
          </div>
          <div class="test-contents d-none">
<div class="detail-head">
<div class="p-v-10">
<div class="info">
<h5 class="test-status text-fail">New Test Suite : TC_10</h5>
<span class='badge badge-success'>06.26.2025 2:40:47 PM</span>
<span class='badge badge-danger'>06.26.2025 2:42:19 PM</span>
<span class='badge badge-default'>00:01:32:156</span>
&middot; <span class='uri-anchor badge badge-default'>#test-id=15</span>
<span title='Skip to the next failed step' class='badge badge-danger pointer float-right ne ml-1'><i class="fa fa-fast-forward"></i></span>
<span title='Collapse all nodes' class='badge badge-default pointer float-right ct ml-1'><i class="fa fa-compress"></i></span>
<span title='Expand all nodes' class='badge badge-default pointer float-right et'><i class="fa fa-expand"></i></span>
</div>
<div class="m-t-15"><span class="badge badge-pill badge-default">HOST:AXKOKARE-HOST.DOCKER.INTERNAL</span>
<span class="badge badge-pill badge-default">PLATFORM:CHROME</span>
<span class="badge badge-pill badge-default">PROFILE:DEFAULT</span>
<span class="badge badge-pill badge-default">GROUP:</span></div>
<div class="m-t-10 m-l-5">Test Execution: Test Cases/AutomationExercise/TC_10</div>
</div>
</div><div class="detail-body mt-4">
<table class="table table-sm">
  <thead><tr><th class="status-col">Status</th><th class="timestamp-col">Timestamp</th><th class="details-col">Details</th></tr></thead>
  <tbody>
      <tr class="event-row">
        <td><span class="badge log fail-bg">Fail</span></td>
        <td>2:42:19 PM</td>
        <td>
          =============== ROOT CAUSE =====================<br>Test Cases/AutomationExercise/TC_10 FAILED.
Reason:
com.kms.katalon.core.exception.StepFailedException: Unable to set text 'ThisIsNotAPassword' of object 'Object Repository/Sample_2/input_Demo account_form-control'
	at com.kms.katalon.core.webui.keyword.internal.WebUIKeywordMain.stepFailed(WebUIKeywordMain.groovy:117)
	at com.kms.katalon.core.webui.keyword.internal.WebUIKeywordMain.runKeyword(WebUIKeywordMain.groovy:43)
	at com.kms.katalon.core.webui.keyword.builtin.SetTextKeyword.setText(SetTextKeyword.groovy:86)
	at com.kms.katalon.core.webui.keyword.builtin.SetTextKeyword.execute(SetTextKeyword.groovy:39)
	at com.kms.katalon.core.keyword.internal.KeywordExecutor.executeKeywordForPlatform(KeywordExecutor.groovy:74)
	at com.kms.katalon.core.webui.keyword.WebUiBuiltInKeywords.setText(WebUiBuiltInKeywords.groovy:1056)
	at TC_10.run(TC_10:32)
	at com.kms.katalon.core.main.ScriptEngine.run(ScriptEngine.java:194)
	at com.kms.katalon.core.main.ScriptEngine.runScriptAsRawText(ScriptEngine.java:119)
	at com.kms.katalon.core.main.TestCaseExecutor.runScript(TestCaseExecutor.java:486)
	at com.kms.katalon.core.main.TestCaseExecutor.doExecute(TestCaseExecutor.java:477)
	at com.kms.katalon.core.main.TestCaseExecutor.processExecutionPhase(TestCaseExecutor.java:456)
	at com.kms.katalon.core.main.TestCaseExecutor.accessMainPhase(TestCaseExecutor.java:448)
	at com.kms.katalon.core.main.TestCaseExecutor.execute(TestCaseExecutor.java:322)
	at com.kms.katalon.core.main.TestCaseExecutor.execute(TestCaseExecutor.java:406)
	at com.kms.katalon.core.main.TestCaseExecutor.execute(TestCaseExecutor.java:406)
	at com.kms.katalon.core.common.CommonExecutor.accessTestCaseMainPhase(CommonExecutor.java:71)
	at com.kms.katalon.core.main.TestSuiteExecutor.accessTestSuiteMainPhase(TestSuiteExecutor.java:160)
	at com.kms.katalon.core.main.TestSuiteExecutor.execute(TestSuiteExecutor.java:107)
	at com.kms.katalon.core.main.TestCaseMain.startTestSuite(TestCaseMain.java:186)
	at TempTestSuite1750928528853.run(TempTestSuite1750928528853.groovy:35)
	at java.base/jdk.internal.reflect.NativeMethodAccessorImpl.invoke0(Native Method)
	at java.base/jdk.internal.reflect.NativeMethodAccessorImpl.invoke(NativeMethodAccessorImpl.java:77)
	at java.base/jdk.internal.reflect.DelegatingMethodAccessorImpl.invoke(DelegatingMethodAccessorImpl.java:43)
Caused by: org.openqa.selenium.InvalidElementStateException: invalid element state
  (Session info: chrome=138.0.7204.49)
Build info: version: '4.28.1', revision: '73f5ad48a2'
System info: os.name: 'Windows 11', os.arch: 'amd64', os.version: '10.0', java.version: '17.0.14'
Driver info: com.kms.katalon.selenium.driver.CChromeDriver
Command: [873a5bbd88bc373dd9231a28e031b57b, clearElement {id=f.75C562287DFE495A0C6B111B70274263.d.8074E3CBEC0B8E2207E0BF28D86DBC94.e.12}]
Capabilities {acceptInsecureCerts: false, browserName: chrome, browserVersion: 138.0.7204.49, chrome: {chromedriverVersion: 138.0.7204.49 (d2b48fd5f781..., userDataDir: C:\Users\AXKokare\AppData\L...}, fedcm:accounts: true, goog:chromeOptions: {debuggerAddress: localhost:57506}, networkConnectionEnabled: false, pageLoadStrategy: normal, platformName: windows, proxy: Proxy(), se:cdp: ws://localhost:57506/devtoo..., se:cdpVersion: 138.0.7204.49, setWindowRect: true, strictFileInteractability: false, timeouts: {implicit: 0, pageLoad: 300000, script: 30000}, unhandledPromptBehavior: ignore, webSocketUrl: ws://localhost:6185/session..., webauthn:extension:credBlob: true, webauthn:extension:largeBlob: true, webauthn:extension:minPinLength: true, webauthn:extension:prf: true, webauthn:virtualAuthenticators: true}
Element: [[CChromeDriver: chrome on windows (873a5bbd88bc373dd9231a28e031b57b)] -> xpath: //input[@value='ThisIsNotAPassword']]
Session ID: 873a5bbd88bc373dd9231a28e031b57b
	at java.base/jdk.internal.reflect.NativeConstructorAccessorImpl.newInstance0(Native Method)
	at java.base/jdk.internal.reflect.NativeConstructorAccessorImpl.newInstance(NativeConstructorAccessorImpl.java:77)
	at java.base/jdk.internal.reflect.DelegatingConstructorAccessorImpl.newInstance(DelegatingConstructorAccessorImpl.java:45)
	at org.openqa.selenium.remote.ErrorCodec.decode(ErrorCodec.java:167)
	at org.openqa.selenium.remote.codec.w3c.W3CHttpResponseCodec.decode(W3CHttpResponseCodec.java:138)
	at org.openqa.selenium.remote.codec.w3c.W3CHttpResponseCodec.decode(W3CHttpResponseCodec.java:50)
	at org.openqa.selenium.remote.HttpCommandExecutor.execute(HttpCommandExecutor.java:215)
	at org.openqa.selenium.remote.service.DriverCommandExecutor.invokeExecute(DriverCommandExecutor.java:216)
	at org.openqa.selenium.remote.service.DriverCommandExecutor.execute(DriverCommandExecutor.java:174)
	at org.openqa.selenium.remote.RemoteWebDriver.execute(RemoteWebDriver.java:545)
	at org.openqa.selenium.remote.RemoteWebElement.execute(RemoteWebElement.java:223)
	at org.openqa.selenium.remote.RemoteWebElement.clear(RemoteWebElement.java:129)
	at jdk.internal.reflect.GeneratedMethodAccessor48.invoke(Unknown Source)
	at java.base/jdk.internal.reflect.DelegatingMethodAccessorImpl.invoke(DelegatingMethodAccessorImpl.java:43)
	at org.openqa.selenium.support.decorators.WebDriverDecorator.call(WebDriverDecorator.java:315)
	at org.openqa.selenium.support.decorators.DefaultDecorated.call(DefaultDecorated.java:48)
	at org.openqa.selenium.support.decorators.WebDriverDecorator.lambda$createProxyFactory$3(WebDriverDecorator.java:405)
	at net.bytebuddy.renamed.java.lang.Object$ByteBuddy$1MsqgKPZ.clear(Unknown Source)
	at com.kms.katalon.core.webui.keyword.builtin.SetTextKeyword$_setText_closure1.doCall(SetTextKeyword.groovy:55)
	at com.kms.katalon.core.webui.keyword.builtin.SetTextKeyword$_setText_closure1.call(SetTextKeyword.groovy)
	at com.kms.katalon.core.webui.keyword.internal.WebUIKeywordMain.runKeyword(WebUIKeywordMain.groovy:35)
	... 22 more

        </td>
      </tr>
      <tr class="event-row">
        <td><span class="badge log fail-bg">Fail</span></td>
        <td>2:42:19 PM</td>
        <td>
          Failed Screenshot added.
    <div class="row mb-3"><div class="col-md-3">
<img data-featherlight='C:\Users\AXKokare\Katalon Studio\Record and Playback\Extent\20250626_143229\Screenshots\Screenshot_250626144219806.png' src="C:\Users\AXKokare\Katalon Studio\Record and Playback\Extent\20250626_143229\Screenshots\Screenshot_250626144219806.png">
    
    </div></div>
        </td>
      </tr>
  </tbody>
</table>
</div>
          </div>
        </li>
        <li class="test-item"  status="fail" test-id="16"
          author="HOST:AXKOKARE-HOST.DOCKER.INTERNAL"
          tag="PLATFORM:CHROME PROFILE:DEFAULT GROUP:"
          device="">
          <div class="test-detail">
            <p class="name">New Test Suite : TC_10</p>
            <p class="text-sm">
              <span>2:42:22 PM</span> / <span>00:01:32:229</span>
              <span class="badge fail-bg log float-right">Fail</span>
            </p>
          </div>
          <div class="test-contents d-none">
<div class="detail-head">
<div class="p-v-10">
<div class="info">
<h5 class="test-status text-fail">New Test Suite : TC_10</h5>
<span class='badge badge-success'>06.26.2025 2:42:22 PM</span>
<span class='badge badge-danger'>06.26.2025 2:43:54 PM</span>
<span class='badge badge-default'>00:01:32:229</span>
&middot; <span class='uri-anchor badge badge-default'>#test-id=16</span>
<span title='Skip to the next failed step' class='badge badge-danger pointer float-right ne ml-1'><i class="fa fa-fast-forward"></i></span>
<span title='Collapse all nodes' class='badge badge-default pointer float-right ct ml-1'><i class="fa fa-compress"></i></span>
<span title='Expand all nodes' class='badge badge-default pointer float-right et'><i class="fa fa-expand"></i></span>
</div>
<div class="m-t-15"><span class="badge badge-pill badge-default">HOST:AXKOKARE-HOST.DOCKER.INTERNAL</span>
<span class="badge badge-pill badge-default">PLATFORM:CHROME</span>
<span class="badge badge-pill badge-default">PROFILE:DEFAULT</span>
<span class="badge badge-pill badge-default">GROUP:</span></div>
<div class="m-t-10 m-l-5">Test Execution: Test Cases/AutomationExercise/TC_10</div>
</div>
</div><div class="detail-body mt-4">
<table class="table table-sm">
  <thead><tr><th class="status-col">Status</th><th class="timestamp-col">Timestamp</th><th class="details-col">Details</th></tr></thead>
  <tbody>
      <tr class="event-row">
        <td><span class="badge log fail-bg">Fail</span></td>
        <td>2:43:54 PM</td>
        <td>
          =============== ROOT CAUSE =====================<br>Test Cases/AutomationExercise/TC_10 FAILED.
Reason:
com.kms.katalon.core.exception.StepFailedException: Unable to set text 'ThisIsNotAPassword' of object 'Object Repository/Sample_2/input_Demo account_form-control'
	at com.kms.katalon.core.webui.keyword.internal.WebUIKeywordMain.stepFailed(WebUIKeywordMain.groovy:117)
	at com.kms.katalon.core.webui.keyword.internal.WebUIKeywordMain.runKeyword(WebUIKeywordMain.groovy:43)
	at com.kms.katalon.core.webui.keyword.builtin.SetTextKeyword.setText(SetTextKeyword.groovy:86)
	at com.kms.katalon.core.webui.keyword.builtin.SetTextKeyword.execute(SetTextKeyword.groovy:39)
	at com.kms.katalon.core.keyword.internal.KeywordExecutor.executeKeywordForPlatform(KeywordExecutor.groovy:74)
	at com.kms.katalon.core.webui.keyword.WebUiBuiltInKeywords.setText(WebUiBuiltInKeywords.groovy:1056)
	at TC_10.run(TC_10:32)
	at com.kms.katalon.core.main.ScriptEngine.run(ScriptEngine.java:194)
	at com.kms.katalon.core.main.ScriptEngine.runScriptAsRawText(ScriptEngine.java:119)
	at com.kms.katalon.core.main.TestCaseExecutor.runScript(TestCaseExecutor.java:486)
	at com.kms.katalon.core.main.TestCaseExecutor.doExecute(TestCaseExecutor.java:477)
	at com.kms.katalon.core.main.TestCaseExecutor.processExecutionPhase(TestCaseExecutor.java:456)
	at com.kms.katalon.core.main.TestCaseExecutor.accessMainPhase(TestCaseExecutor.java:448)
	at com.kms.katalon.core.main.TestCaseExecutor.execute(TestCaseExecutor.java:322)
	at com.kms.katalon.core.main.TestCaseExecutor.execute(TestCaseExecutor.java:406)
	at com.kms.katalon.core.main.TestCaseExecutor.execute(TestCaseExecutor.java:406)
	at com.kms.katalon.core.main.TestCaseExecutor.execute(TestCaseExecutor.java:406)
	at com.kms.katalon.core.common.CommonExecutor.accessTestCaseMainPhase(CommonExecutor.java:71)
	at com.kms.katalon.core.main.TestSuiteExecutor.accessTestSuiteMainPhase(TestSuiteExecutor.java:160)
	at com.kms.katalon.core.main.TestSuiteExecutor.execute(TestSuiteExecutor.java:107)
	at com.kms.katalon.core.main.TestCaseMain.startTestSuite(TestCaseMain.java:186)
	at TempTestSuite1750928528853.run(TempTestSuite1750928528853.groovy:35)
	at java.base/jdk.internal.reflect.NativeMethodAccessorImpl.invoke0(Native Method)
	at java.base/jdk.internal.reflect.NativeMethodAccessorImpl.invoke(NativeMethodAccessorImpl.java:77)
	at java.base/jdk.internal.reflect.DelegatingMethodAccessorImpl.invoke(DelegatingMethodAccessorImpl.java:43)
Caused by: org.openqa.selenium.InvalidElementStateException: invalid element state
  (Session info: chrome=138.0.7204.49)
Build info: version: '4.28.1', revision: '73f5ad48a2'
System info: os.name: 'Windows 11', os.arch: 'amd64', os.version: '10.0', java.version: '17.0.14'
Driver info: com.kms.katalon.selenium.driver.CChromeDriver
Command: [0d50de97e53e94feb1dfd6fda357f957, clearElement {id=f.BFFA1D03F838400AE165B894291370C7.d.167F9BA8EC0E7F308642220D78929F05.e.12}]
Capabilities {acceptInsecureCerts: false, browserName: chrome, browserVersion: 138.0.7204.49, chrome: {chromedriverVersion: 138.0.7204.49 (d2b48fd5f781..., userDataDir: C:\Users\AXKokare\AppData\L...}, fedcm:accounts: true, goog:chromeOptions: {debuggerAddress: localhost:64957}, networkConnectionEnabled: false, pageLoadStrategy: normal, platformName: windows, proxy: Proxy(), se:cdp: ws://localhost:64957/devtoo..., se:cdpVersion: 138.0.7204.49, setWindowRect: true, strictFileInteractability: false, timeouts: {implicit: 0, pageLoad: 300000, script: 30000}, unhandledPromptBehavior: ignore, webSocketUrl: ws://localhost:13328/sessio..., webauthn:extension:credBlob: true, webauthn:extension:largeBlob: true, webauthn:extension:minPinLength: true, webauthn:extension:prf: true, webauthn:virtualAuthenticators: true}
Element: [[CChromeDriver: chrome on windows (0d50de97e53e94feb1dfd6fda357f957)] -> xpath: //input[@value='ThisIsNotAPassword']]
Session ID: 0d50de97e53e94feb1dfd6fda357f957
	at java.base/jdk.internal.reflect.NativeConstructorAccessorImpl.newInstance0(Native Method)
	at java.base/jdk.internal.reflect.NativeConstructorAccessorImpl.newInstance(NativeConstructorAccessorImpl.java:77)
	at java.base/jdk.internal.reflect.DelegatingConstructorAccessorImpl.newInstance(DelegatingConstructorAccessorImpl.java:45)
	at org.openqa.selenium.remote.ErrorCodec.decode(ErrorCodec.java:167)
	at org.openqa.selenium.remote.codec.w3c.W3CHttpResponseCodec.decode(W3CHttpResponseCodec.java:138)
	at org.openqa.selenium.remote.codec.w3c.W3CHttpResponseCodec.decode(W3CHttpResponseCodec.java:50)
	at org.openqa.selenium.remote.HttpCommandExecutor.execute(HttpCommandExecutor.java:215)
	at org.openqa.selenium.remote.service.DriverCommandExecutor.invokeExecute(DriverCommandExecutor.java:216)
	at org.openqa.selenium.remote.service.DriverCommandExecutor.execute(DriverCommandExecutor.java:174)
	at org.openqa.selenium.remote.RemoteWebDriver.execute(RemoteWebDriver.java:545)
	at org.openqa.selenium.remote.RemoteWebElement.execute(RemoteWebElement.java:223)
	at org.openqa.selenium.remote.RemoteWebElement.clear(RemoteWebElement.java:129)
	at jdk.internal.reflect.GeneratedMethodAccessor48.invoke(Unknown Source)
	at java.base/jdk.internal.reflect.DelegatingMethodAccessorImpl.invoke(DelegatingMethodAccessorImpl.java:43)
	at org.openqa.selenium.support.decorators.WebDriverDecorator.call(WebDriverDecorator.java:315)
	at org.openqa.selenium.support.decorators.DefaultDecorated.call(DefaultDecorated.java:48)
	at org.openqa.selenium.support.decorators.WebDriverDecorator.lambda$createProxyFactory$3(WebDriverDecorator.java:405)
	at net.bytebuddy.renamed.java.lang.Object$ByteBuddy$MoqkHuNv.clear(Unknown Source)
	at com.kms.katalon.core.webui.keyword.builtin.SetTextKeyword$_setText_closure1.doCall(SetTextKeyword.groovy:55)
	at com.kms.katalon.core.webui.keyword.builtin.SetTextKeyword$_setText_closure1.call(SetTextKeyword.groovy)
	at com.kms.katalon.core.webui.keyword.internal.WebUIKeywordMain.runKeyword(WebUIKeywordMain.groovy:35)
	... 23 more

        </td>
      </tr>
      <tr class="event-row">
        <td><span class="badge log fail-bg">Fail</span></td>
        <td>2:43:54 PM</td>
        <td>
          Failed Screenshot added.
    <div class="row mb-3"><div class="col-md-3">
<img data-featherlight='C:\Users\AXKokare\Katalon Studio\Record and Playback\Extent\20250626_143229\Screenshots\Screenshot_250626144354156.png' src="C:\Users\AXKokare\Katalon Studio\Record and Playback\Extent\20250626_143229\Screenshots\Screenshot_250626144354156.png">
    
    </div></div>
        </td>
      </tr>
  </tbody>
</table>
</div>
          </div>
        </li>
        <li class="test-item"  status="pass" test-id="17"
          author="HOST:AXKOKARE-HOST.DOCKER.INTERNAL"
          tag="PLATFORM:CHROME PROFILE:DEFAULT GROUP:"
          device="">
          <div class="test-detail">
            <p class="name">New Test Suite : TC_01</p>
            <p class="text-sm">
              <span>2:43:56 PM</span> / <span>00:00:00:000</span>
              <span class="badge pass-bg log float-right">Pass</span>
            </p>
          </div>
          <div class="test-contents d-none">
<div class="detail-head">
<div class="p-v-10">
<div class="info">
<h5 class="test-status text-pass">New Test Suite : TC_01</h5>
<span class='badge badge-success'>06.26.2025 2:43:56 PM</span>
<span class='badge badge-danger'>06.26.2025 2:43:56 PM</span>
<span class='badge badge-default'>00:00:00:000</span>
&middot; <span class='uri-anchor badge badge-default'>#test-id=17</span>
<span title='Skip to the next failed step' class='badge badge-danger pointer float-right ne ml-1'><i class="fa fa-fast-forward"></i></span>
<span title='Collapse all nodes' class='badge badge-default pointer float-right ct ml-1'><i class="fa fa-compress"></i></span>
<span title='Expand all nodes' class='badge badge-default pointer float-right et'><i class="fa fa-expand"></i></span>
</div>
<div class="m-t-15"><span class="badge badge-pill badge-default">HOST:AXKOKARE-HOST.DOCKER.INTERNAL</span>
<span class="badge badge-pill badge-default">PLATFORM:CHROME</span>
<span class="badge badge-pill badge-default">PROFILE:DEFAULT</span>
<span class="badge badge-pill badge-default">GROUP:</span></div>
<div class="m-t-10 m-l-5">Test Execution: Test Cases/AutomationExercise/TC_01</div>
</div>
</div>          </div>
        </li>
        <li class="test-item"  status="pass" test-id="18"
          author="HOST:AXKOKARE-HOST.DOCKER.INTERNAL"
          tag="PLATFORM:CHROME PROFILE:DEFAULT GROUP:"
          device="">
          <div class="test-detail">
            <p class="name">New Test Suite : TC_02</p>
            <p class="text-sm">
              <span>2:45:18 PM</span> / <span>00:00:00:000</span>
              <span class="badge pass-bg log float-right">Pass</span>
            </p>
          </div>
          <div class="test-contents d-none">
<div class="detail-head">
<div class="p-v-10">
<div class="info">
<h5 class="test-status text-pass">New Test Suite : TC_02</h5>
<span class='badge badge-success'>06.26.2025 2:45:18 PM</span>
<span class='badge badge-danger'>06.26.2025 2:45:18 PM</span>
<span class='badge badge-default'>00:00:00:000</span>
&middot; <span class='uri-anchor badge badge-default'>#test-id=18</span>
<span title='Skip to the next failed step' class='badge badge-danger pointer float-right ne ml-1'><i class="fa fa-fast-forward"></i></span>
<span title='Collapse all nodes' class='badge badge-default pointer float-right ct ml-1'><i class="fa fa-compress"></i></span>
<span title='Expand all nodes' class='badge badge-default pointer float-right et'><i class="fa fa-expand"></i></span>
</div>
<div class="m-t-15"><span class="badge badge-pill badge-default">HOST:AXKOKARE-HOST.DOCKER.INTERNAL</span>
<span class="badge badge-pill badge-default">PLATFORM:CHROME</span>
<span class="badge badge-pill badge-default">PROFILE:DEFAULT</span>
<span class="badge badge-pill badge-default">GROUP:</span></div>
<div class="m-t-10 m-l-5">Test Execution: Test Cases/AutomationExercise/TC_02</div>
</div>
</div>          </div>
        </li>
        <li class="test-item"  status="pass" test-id="19"
          author="HOST:AXKOKARE-HOST.DOCKER.INTERNAL"
          tag="PLATFORM:CHROME PROFILE:DEFAULT GROUP:"
          device="">
          <div class="test-detail">
            <p class="name">New Test Suite : TC_03</p>
            <p class="text-sm">
              <span>2:45:53 PM</span> / <span>00:00:00:000</span>
              <span class="badge pass-bg log float-right">Pass</span>
            </p>
          </div>
          <div class="test-contents d-none">
<div class="detail-head">
<div class="p-v-10">
<div class="info">
<h5 class="test-status text-pass">New Test Suite : TC_03</h5>
<span class='badge badge-success'>06.26.2025 2:45:53 PM</span>
<span class='badge badge-danger'>06.26.2025 2:45:53 PM</span>
<span class='badge badge-default'>00:00:00:000</span>
&middot; <span class='uri-anchor badge badge-default'>#test-id=19</span>
<span title='Skip to the next failed step' class='badge badge-danger pointer float-right ne ml-1'><i class="fa fa-fast-forward"></i></span>
<span title='Collapse all nodes' class='badge badge-default pointer float-right ct ml-1'><i class="fa fa-compress"></i></span>
<span title='Expand all nodes' class='badge badge-default pointer float-right et'><i class="fa fa-expand"></i></span>
</div>
<div class="m-t-15"><span class="badge badge-pill badge-default">HOST:AXKOKARE-HOST.DOCKER.INTERNAL</span>
<span class="badge badge-pill badge-default">PLATFORM:CHROME</span>
<span class="badge badge-pill badge-default">PROFILE:DEFAULT</span>
<span class="badge badge-pill badge-default">GROUP:</span></div>
<div class="m-t-10 m-l-5">Test Execution: Test Cases/AutomationExercise/TC_03</div>
</div>
</div>          </div>
        </li>
        <li class="test-item"  status="pass" test-id="20"
          author="HOST:AXKOKARE-HOST.DOCKER.INTERNAL"
          tag="PLATFORM:CHROME PROFILE:DEFAULT GROUP:"
          device="">
          <div class="test-detail">
            <p class="name">New Test Suite : TC_04</p>
            <p class="text-sm">
              <span>2:46:28 PM</span> / <span>00:00:00:000</span>
              <span class="badge pass-bg log float-right">Pass</span>
            </p>
          </div>
          <div class="test-contents d-none">
<div class="detail-head">
<div class="p-v-10">
<div class="info">
<h5 class="test-status text-pass">New Test Suite : TC_04</h5>
<span class='badge badge-success'>06.26.2025 2:46:28 PM</span>
<span class='badge badge-danger'>06.26.2025 2:46:28 PM</span>
<span class='badge badge-default'>00:00:00:000</span>
&middot; <span class='uri-anchor badge badge-default'>#test-id=20</span>
<span title='Skip to the next failed step' class='badge badge-danger pointer float-right ne ml-1'><i class="fa fa-fast-forward"></i></span>
<span title='Collapse all nodes' class='badge badge-default pointer float-right ct ml-1'><i class="fa fa-compress"></i></span>
<span title='Expand all nodes' class='badge badge-default pointer float-right et'><i class="fa fa-expand"></i></span>
</div>
<div class="m-t-15"><span class="badge badge-pill badge-default">HOST:AXKOKARE-HOST.DOCKER.INTERNAL</span>
<span class="badge badge-pill badge-default">PLATFORM:CHROME</span>
<span class="badge badge-pill badge-default">PROFILE:DEFAULT</span>
<span class="badge badge-pill badge-default">GROUP:</span></div>
<div class="m-t-10 m-l-5">Test Execution: Test Cases/AutomationExercise/TC_04</div>
</div>
</div>          </div>
        </li>
        <li class="test-item"  status="pass" test-id="21"
          author="HOST:AXKOKARE-HOST.DOCKER.INTERNAL"
          tag="PLATFORM:CHROME PROFILE:DEFAULT GROUP:"
          device="">
          <div class="test-detail">
            <p class="name">New Test Suite : TC_05</p>
            <p class="text-sm">
              <span>2:46:58 PM</span> / <span>00:00:00:000</span>
              <span class="badge pass-bg log float-right">Pass</span>
            </p>
          </div>
          <div class="test-contents d-none">
<div class="detail-head">
<div class="p-v-10">
<div class="info">
<h5 class="test-status text-pass">New Test Suite : TC_05</h5>
<span class='badge badge-success'>06.26.2025 2:46:58 PM</span>
<span class='badge badge-danger'>06.26.2025 2:46:58 PM</span>
<span class='badge badge-default'>00:00:00:000</span>
&middot; <span class='uri-anchor badge badge-default'>#test-id=21</span>
<span title='Skip to the next failed step' class='badge badge-danger pointer float-right ne ml-1'><i class="fa fa-fast-forward"></i></span>
<span title='Collapse all nodes' class='badge badge-default pointer float-right ct ml-1'><i class="fa fa-compress"></i></span>
<span title='Expand all nodes' class='badge badge-default pointer float-right et'><i class="fa fa-expand"></i></span>
</div>
<div class="m-t-15"><span class="badge badge-pill badge-default">HOST:AXKOKARE-HOST.DOCKER.INTERNAL</span>
<span class="badge badge-pill badge-default">PLATFORM:CHROME</span>
<span class="badge badge-pill badge-default">PROFILE:DEFAULT</span>
<span class="badge badge-pill badge-default">GROUP:</span></div>
<div class="m-t-10 m-l-5">Test Execution: Test Cases/AutomationExercise/TC_05</div>
</div>
</div>          </div>
        </li>
        <li class="test-item"  status="pass" test-id="22"
          author="HOST:AXKOKARE-HOST.DOCKER.INTERNAL"
          tag="PLATFORM:CHROME PROFILE:DEFAULT GROUP:"
          device="">
          <div class="test-detail">
            <p class="name">New Test Suite : TC_06</p>
            <p class="text-sm">
              <span>2:47:20 PM</span> / <span>00:00:00:000</span>
              <span class="badge pass-bg log float-right">Pass</span>
            </p>
          </div>
          <div class="test-contents d-none">
<div class="detail-head">
<div class="p-v-10">
<div class="info">
<h5 class="test-status text-pass">New Test Suite : TC_06</h5>
<span class='badge badge-success'>06.26.2025 2:47:20 PM</span>
<span class='badge badge-danger'>06.26.2025 2:47:20 PM</span>
<span class='badge badge-default'>00:00:00:000</span>
&middot; <span class='uri-anchor badge badge-default'>#test-id=22</span>
<span title='Skip to the next failed step' class='badge badge-danger pointer float-right ne ml-1'><i class="fa fa-fast-forward"></i></span>
<span title='Collapse all nodes' class='badge badge-default pointer float-right ct ml-1'><i class="fa fa-compress"></i></span>
<span title='Expand all nodes' class='badge badge-default pointer float-right et'><i class="fa fa-expand"></i></span>
</div>
<div class="m-t-15"><span class="badge badge-pill badge-default">HOST:AXKOKARE-HOST.DOCKER.INTERNAL</span>
<span class="badge badge-pill badge-default">PLATFORM:CHROME</span>
<span class="badge badge-pill badge-default">PROFILE:DEFAULT</span>
<span class="badge badge-pill badge-default">GROUP:</span></div>
<div class="m-t-10 m-l-5">Test Execution: Test Cases/AutomationExercise/TC_06</div>
</div>
</div>          </div>
        </li>
        <li class="test-item"  status="pass" test-id="23"
          author="HOST:AXKOKARE-HOST.DOCKER.INTERNAL"
          tag="PLATFORM:CHROME PROFILE:DEFAULT GROUP:"
          device="">
          <div class="test-detail">
            <p class="name">New Test Suite : TC_07</p>
            <p class="text-sm">
              <span>2:47:51 PM</span> / <span>00:00:00:000</span>
              <span class="badge pass-bg log float-right">Pass</span>
            </p>
          </div>
          <div class="test-contents d-none">
<div class="detail-head">
<div class="p-v-10">
<div class="info">
<h5 class="test-status text-pass">New Test Suite : TC_07</h5>
<span class='badge badge-success'>06.26.2025 2:47:51 PM</span>
<span class='badge badge-danger'>06.26.2025 2:47:51 PM</span>
<span class='badge badge-default'>00:00:00:000</span>
&middot; <span class='uri-anchor badge badge-default'>#test-id=23</span>
<span title='Skip to the next failed step' class='badge badge-danger pointer float-right ne ml-1'><i class="fa fa-fast-forward"></i></span>
<span title='Collapse all nodes' class='badge badge-default pointer float-right ct ml-1'><i class="fa fa-compress"></i></span>
<span title='Expand all nodes' class='badge badge-default pointer float-right et'><i class="fa fa-expand"></i></span>
</div>
<div class="m-t-15"><span class="badge badge-pill badge-default">HOST:AXKOKARE-HOST.DOCKER.INTERNAL</span>
<span class="badge badge-pill badge-default">PLATFORM:CHROME</span>
<span class="badge badge-pill badge-default">PROFILE:DEFAULT</span>
<span class="badge badge-pill badge-default">GROUP:</span></div>
<div class="m-t-10 m-l-5">Test Execution: Test Cases/AutomationExercise/TC_07</div>
</div>
</div>          </div>
        </li>
        <li class="test-item"  status="pass" test-id="24"
          author="HOST:AXKOKARE-HOST.DOCKER.INTERNAL"
          tag="PLATFORM:CHROME PROFILE:DEFAULT GROUP:"
          device="">
          <div class="test-detail">
            <p class="name">New Test Suite : TC_08</p>
            <p class="text-sm">
              <span>2:48:11 PM</span> / <span>00:00:00:000</span>
              <span class="badge pass-bg log float-right">Pass</span>
            </p>
          </div>
          <div class="test-contents d-none">
<div class="detail-head">
<div class="p-v-10">
<div class="info">
<h5 class="test-status text-pass">New Test Suite : TC_08</h5>
<span class='badge badge-success'>06.26.2025 2:48:11 PM</span>
<span class='badge badge-danger'>06.26.2025 2:48:11 PM</span>
<span class='badge badge-default'>00:00:00:000</span>
&middot; <span class='uri-anchor badge badge-default'>#test-id=24</span>
<span title='Skip to the next failed step' class='badge badge-danger pointer float-right ne ml-1'><i class="fa fa-fast-forward"></i></span>
<span title='Collapse all nodes' class='badge badge-default pointer float-right ct ml-1'><i class="fa fa-compress"></i></span>
<span title='Expand all nodes' class='badge badge-default pointer float-right et'><i class="fa fa-expand"></i></span>
</div>
<div class="m-t-15"><span class="badge badge-pill badge-default">HOST:AXKOKARE-HOST.DOCKER.INTERNAL</span>
<span class="badge badge-pill badge-default">PLATFORM:CHROME</span>
<span class="badge badge-pill badge-default">PROFILE:DEFAULT</span>
<span class="badge badge-pill badge-default">GROUP:</span></div>
<div class="m-t-10 m-l-5">Test Execution: Test Cases/AutomationExercise/TC_08</div>
</div>
</div>          </div>
        </li>
        <li class="test-item"  status="pass" test-id="25"
          author="HOST:AXKOKARE-HOST.DOCKER.INTERNAL"
          tag="PLATFORM:CHROME PROFILE:DEFAULT GROUP:"
          device="">
          <div class="test-detail">
            <p class="name">New Test Suite : TC_09</p>
            <p class="text-sm">
              <span>2:48:38 PM</span> / <span>00:00:00:000</span>
              <span class="badge pass-bg log float-right">Pass</span>
            </p>
          </div>
          <div class="test-contents d-none">
<div class="detail-head">
<div class="p-v-10">
<div class="info">
<h5 class="test-status text-pass">New Test Suite : TC_09</h5>
<span class='badge badge-success'>06.26.2025 2:48:38 PM</span>
<span class='badge badge-danger'>06.26.2025 2:48:38 PM</span>
<span class='badge badge-default'>00:00:00:000</span>
&middot; <span class='uri-anchor badge badge-default'>#test-id=25</span>
<span title='Skip to the next failed step' class='badge badge-danger pointer float-right ne ml-1'><i class="fa fa-fast-forward"></i></span>
<span title='Collapse all nodes' class='badge badge-default pointer float-right ct ml-1'><i class="fa fa-compress"></i></span>
<span title='Expand all nodes' class='badge badge-default pointer float-right et'><i class="fa fa-expand"></i></span>
</div>
<div class="m-t-15"><span class="badge badge-pill badge-default">HOST:AXKOKARE-HOST.DOCKER.INTERNAL</span>
<span class="badge badge-pill badge-default">PLATFORM:CHROME</span>
<span class="badge badge-pill badge-default">PROFILE:DEFAULT</span>
<span class="badge badge-pill badge-default">GROUP:</span></div>
<div class="m-t-10 m-l-5">Test Execution: Test Cases/AutomationExercise/TC_09</div>
</div>
</div>          </div>
        </li>
        <li class="test-item"  status="pass" test-id="26"
          author="HOST:AXKOKARE-HOST.DOCKER.INTERNAL"
          tag="PLATFORM:CHROME PROFILE:DEFAULT GROUP:"
          device="">
          <div class="test-detail">
            <p class="name">New Test Suite : TC_09</p>
            <p class="text-sm">
              <span>2:48:40 PM</span> / <span>00:00:00:000</span>
              <span class="badge pass-bg log float-right">Pass</span>
            </p>
          </div>
          <div class="test-contents d-none">
<div class="detail-head">
<div class="p-v-10">
<div class="info">
<h5 class="test-status text-pass">New Test Suite : TC_09</h5>
<span class='badge badge-success'>06.26.2025 2:48:40 PM</span>
<span class='badge badge-danger'>06.26.2025 2:48:40 PM</span>
<span class='badge badge-default'>00:00:00:000</span>
&middot; <span class='uri-anchor badge badge-default'>#test-id=26</span>
<span title='Skip to the next failed step' class='badge badge-danger pointer float-right ne ml-1'><i class="fa fa-fast-forward"></i></span>
<span title='Collapse all nodes' class='badge badge-default pointer float-right ct ml-1'><i class="fa fa-compress"></i></span>
<span title='Expand all nodes' class='badge badge-default pointer float-right et'><i class="fa fa-expand"></i></span>
</div>
<div class="m-t-15"><span class="badge badge-pill badge-default">HOST:AXKOKARE-HOST.DOCKER.INTERNAL</span>
<span class="badge badge-pill badge-default">PLATFORM:CHROME</span>
<span class="badge badge-pill badge-default">PROFILE:DEFAULT</span>
<span class="badge badge-pill badge-default">GROUP:</span></div>
<div class="m-t-10 m-l-5">Test Execution: Test Cases/AutomationExercise/TC_09</div>
</div>
</div>          </div>
        </li>
        <li class="test-item"  status="pass" test-id="27"
          author="HOST:AXKOKARE-HOST.DOCKER.INTERNAL"
          tag="PLATFORM:CHROME PROFILE:DEFAULT GROUP:"
          device="">
          <div class="test-detail">
            <p class="name">New Test Suite : TC_09</p>
            <p class="text-sm">
              <span>2:48:42 PM</span> / <span>00:00:00:000</span>
              <span class="badge pass-bg log float-right">Pass</span>
            </p>
          </div>
          <div class="test-contents d-none">
<div class="detail-head">
<div class="p-v-10">
<div class="info">
<h5 class="test-status text-pass">New Test Suite : TC_09</h5>
<span class='badge badge-success'>06.26.2025 2:48:42 PM</span>
<span class='badge badge-danger'>06.26.2025 2:48:42 PM</span>
<span class='badge badge-default'>00:00:00:000</span>
&middot; <span class='uri-anchor badge badge-default'>#test-id=27</span>
<span title='Skip to the next failed step' class='badge badge-danger pointer float-right ne ml-1'><i class="fa fa-fast-forward"></i></span>
<span title='Collapse all nodes' class='badge badge-default pointer float-right ct ml-1'><i class="fa fa-compress"></i></span>
<span title='Expand all nodes' class='badge badge-default pointer float-right et'><i class="fa fa-expand"></i></span>
</div>
<div class="m-t-15"><span class="badge badge-pill badge-default">HOST:AXKOKARE-HOST.DOCKER.INTERNAL</span>
<span class="badge badge-pill badge-default">PLATFORM:CHROME</span>
<span class="badge badge-pill badge-default">PROFILE:DEFAULT</span>
<span class="badge badge-pill badge-default">GROUP:</span></div>
<div class="m-t-10 m-l-5">Test Execution: Test Cases/AutomationExercise/TC_09</div>
</div>
</div>          </div>
        </li>
        <li class="test-item"  status="pass" test-id="28"
          author="HOST:AXKOKARE-HOST.DOCKER.INTERNAL"
          tag="PLATFORM:CHROME PROFILE:DEFAULT GROUP:"
          device="">
          <div class="test-detail">
            <p class="name">New Test Suite : TC_09</p>
            <p class="text-sm">
              <span>2:48:44 PM</span> / <span>00:00:00:000</span>
              <span class="badge pass-bg log float-right">Pass</span>
            </p>
          </div>
          <div class="test-contents d-none">
<div class="detail-head">
<div class="p-v-10">
<div class="info">
<h5 class="test-status text-pass">New Test Suite : TC_09</h5>
<span class='badge badge-success'>06.26.2025 2:48:44 PM</span>
<span class='badge badge-danger'>06.26.2025 2:48:44 PM</span>
<span class='badge badge-default'>00:00:00:000</span>
&middot; <span class='uri-anchor badge badge-default'>#test-id=28</span>
<span title='Skip to the next failed step' class='badge badge-danger pointer float-right ne ml-1'><i class="fa fa-fast-forward"></i></span>
<span title='Collapse all nodes' class='badge badge-default pointer float-right ct ml-1'><i class="fa fa-compress"></i></span>
<span title='Expand all nodes' class='badge badge-default pointer float-right et'><i class="fa fa-expand"></i></span>
</div>
<div class="m-t-15"><span class="badge badge-pill badge-default">HOST:AXKOKARE-HOST.DOCKER.INTERNAL</span>
<span class="badge badge-pill badge-default">PLATFORM:CHROME</span>
<span class="badge badge-pill badge-default">PROFILE:DEFAULT</span>
<span class="badge badge-pill badge-default">GROUP:</span></div>
<div class="m-t-10 m-l-5">Test Execution: Test Cases/AutomationExercise/TC_09</div>
</div>
</div>          </div>
        </li>
        <li class="test-item"  status="fail" test-id="29"
          author="HOST:AXKOKARE-HOST.DOCKER.INTERNAL"
          tag="PLATFORM:CHROME PROFILE:DEFAULT GROUP:"
          device="">
          <div class="test-detail">
            <p class="name">New Test Suite : TC_10</p>
            <p class="text-sm">
              <span>2:48:47 PM</span> / <span>00:01:32:995</span>
              <span class="badge fail-bg log float-right">Fail</span>
            </p>
          </div>
          <div class="test-contents d-none">
<div class="detail-head">
<div class="p-v-10">
<div class="info">
<h5 class="test-status text-fail">New Test Suite : TC_10</h5>
<span class='badge badge-success'>06.26.2025 2:48:47 PM</span>
<span class='badge badge-danger'>06.26.2025 2:50:20 PM</span>
<span class='badge badge-default'>00:01:32:995</span>
&middot; <span class='uri-anchor badge badge-default'>#test-id=29</span>
<span title='Skip to the next failed step' class='badge badge-danger pointer float-right ne ml-1'><i class="fa fa-fast-forward"></i></span>
<span title='Collapse all nodes' class='badge badge-default pointer float-right ct ml-1'><i class="fa fa-compress"></i></span>
<span title='Expand all nodes' class='badge badge-default pointer float-right et'><i class="fa fa-expand"></i></span>
</div>
<div class="m-t-15"><span class="badge badge-pill badge-default">HOST:AXKOKARE-HOST.DOCKER.INTERNAL</span>
<span class="badge badge-pill badge-default">PLATFORM:CHROME</span>
<span class="badge badge-pill badge-default">PROFILE:DEFAULT</span>
<span class="badge badge-pill badge-default">GROUP:</span></div>
<div class="m-t-10 m-l-5">Test Execution: Test Cases/AutomationExercise/TC_10</div>
</div>
</div><div class="detail-body mt-4">
<table class="table table-sm">
  <thead><tr><th class="status-col">Status</th><th class="timestamp-col">Timestamp</th><th class="details-col">Details</th></tr></thead>
  <tbody>
      <tr class="event-row">
        <td><span class="badge log fail-bg">Fail</span></td>
        <td>2:50:19 PM</td>
        <td>
          =============== ROOT CAUSE =====================<br>Test Cases/AutomationExercise/TC_10 FAILED.
Reason:
com.kms.katalon.core.exception.StepFailedException: Unable to set text 'ThisIsNotAPassword' of object 'Object Repository/Sample_2/input_Demo account_form-control'
	at com.kms.katalon.core.webui.keyword.internal.WebUIKeywordMain.stepFailed(WebUIKeywordMain.groovy:117)
	at com.kms.katalon.core.webui.keyword.internal.WebUIKeywordMain.runKeyword(WebUIKeywordMain.groovy:43)
	at com.kms.katalon.core.webui.keyword.builtin.SetTextKeyword.setText(SetTextKeyword.groovy:86)
	at com.kms.katalon.core.webui.keyword.builtin.SetTextKeyword.execute(SetTextKeyword.groovy:39)
	at com.kms.katalon.core.keyword.internal.KeywordExecutor.executeKeywordForPlatform(KeywordExecutor.groovy:74)
	at com.kms.katalon.core.webui.keyword.WebUiBuiltInKeywords.setText(WebUiBuiltInKeywords.groovy:1056)
	at TC_10.run(TC_10:32)
	at com.kms.katalon.core.main.ScriptEngine.run(ScriptEngine.java:194)
	at com.kms.katalon.core.main.ScriptEngine.runScriptAsRawText(ScriptEngine.java:119)
	at com.kms.katalon.core.main.TestCaseExecutor.runScript(TestCaseExecutor.java:486)
	at com.kms.katalon.core.main.TestCaseExecutor.doExecute(TestCaseExecutor.java:477)
	at com.kms.katalon.core.main.TestCaseExecutor.processExecutionPhase(TestCaseExecutor.java:456)
	at com.kms.katalon.core.main.TestCaseExecutor.accessMainPhase(TestCaseExecutor.java:448)
	at com.kms.katalon.core.main.TestCaseExecutor.execute(TestCaseExecutor.java:322)
	at com.kms.katalon.core.common.CommonExecutor.accessTestCaseMainPhase(CommonExecutor.java:71)
	at com.kms.katalon.core.main.TestSuiteExecutor.accessTestSuiteMainPhase(TestSuiteExecutor.java:160)
	at com.kms.katalon.core.main.TestSuiteExecutor.execute(TestSuiteExecutor.java:107)
	at com.kms.katalon.core.main.TestCaseMain.startTestSuite(TestCaseMain.java:186)
	at TempTestSuite1750928528853.run(TempTestSuite1750928528853.groovy:35)
	at java.base/jdk.internal.reflect.NativeMethodAccessorImpl.invoke0(Native Method)
	at java.base/jdk.internal.reflect.NativeMethodAccessorImpl.invoke(NativeMethodAccessorImpl.java:77)
	at java.base/jdk.internal.reflect.DelegatingMethodAccessorImpl.invoke(DelegatingMethodAccessorImpl.java:43)
Caused by: org.openqa.selenium.InvalidElementStateException: invalid element state
  (Session info: chrome=138.0.7204.49)
Build info: version: '4.28.1', revision: '73f5ad48a2'
System info: os.name: 'Windows 11', os.arch: 'amd64', os.version: '10.0', java.version: '17.0.14'
Driver info: com.kms.katalon.selenium.driver.CChromeDriver
Command: [524886ba6f781afa9f032e9383998651, clearElement {id=f.B326764D7006EF38F7230C47A85ED3D5.d.FD7D43C0A063124CAA05488F11D7EA37.e.12}]
Capabilities {acceptInsecureCerts: false, browserName: chrome, browserVersion: 138.0.7204.49, chrome: {chromedriverVersion: 138.0.7204.49 (d2b48fd5f781..., userDataDir: C:\Users\AXKokare\AppData\L...}, fedcm:accounts: true, goog:chromeOptions: {debuggerAddress: localhost:55733}, networkConnectionEnabled: false, pageLoadStrategy: normal, platformName: windows, proxy: Proxy(), se:cdp: ws://localhost:55733/devtoo..., se:cdpVersion: 138.0.7204.49, setWindowRect: true, strictFileInteractability: false, timeouts: {implicit: 0, pageLoad: 300000, script: 30000}, unhandledPromptBehavior: ignore, webSocketUrl: ws://localhost:45809/sessio..., webauthn:extension:credBlob: true, webauthn:extension:largeBlob: true, webauthn:extension:minPinLength: true, webauthn:extension:prf: true, webauthn:virtualAuthenticators: true}
Element: [[CChromeDriver: chrome on windows (524886ba6f781afa9f032e9383998651)] -> xpath: //input[@value='ThisIsNotAPassword']]
Session ID: 524886ba6f781afa9f032e9383998651
	at java.base/jdk.internal.reflect.NativeConstructorAccessorImpl.newInstance0(Native Method)
	at java.base/jdk.internal.reflect.NativeConstructorAccessorImpl.newInstance(NativeConstructorAccessorImpl.java:77)
	at java.base/jdk.internal.reflect.DelegatingConstructorAccessorImpl.newInstance(DelegatingConstructorAccessorImpl.java:45)
	at org.openqa.selenium.remote.ErrorCodec.decode(ErrorCodec.java:167)
	at org.openqa.selenium.remote.codec.w3c.W3CHttpResponseCodec.decode(W3CHttpResponseCodec.java:138)
	at org.openqa.selenium.remote.codec.w3c.W3CHttpResponseCodec.decode(W3CHttpResponseCodec.java:50)
	at org.openqa.selenium.remote.HttpCommandExecutor.execute(HttpCommandExecutor.java:215)
	at org.openqa.selenium.remote.service.DriverCommandExecutor.invokeExecute(DriverCommandExecutor.java:216)
	at org.openqa.selenium.remote.service.DriverCommandExecutor.execute(DriverCommandExecutor.java:174)
	at org.openqa.selenium.remote.RemoteWebDriver.execute(RemoteWebDriver.java:545)
	at org.openqa.selenium.remote.RemoteWebElement.execute(RemoteWebElement.java:223)
	at org.openqa.selenium.remote.RemoteWebElement.clear(RemoteWebElement.java:129)
	at jdk.internal.reflect.GeneratedMethodAccessor48.invoke(Unknown Source)
	at java.base/jdk.internal.reflect.DelegatingMethodAccessorImpl.invoke(DelegatingMethodAccessorImpl.java:43)
	at org.openqa.selenium.support.decorators.WebDriverDecorator.call(WebDriverDecorator.java:315)
	at org.openqa.selenium.support.decorators.DefaultDecorated.call(DefaultDecorated.java:48)
	at org.openqa.selenium.support.decorators.WebDriverDecorator.lambda$createProxyFactory$3(WebDriverDecorator.java:405)
	at net.bytebuddy.renamed.java.lang.Object$ByteBuddy$q7lIVziF.clear(Unknown Source)
	at com.kms.katalon.core.webui.keyword.builtin.SetTextKeyword$_setText_closure1.doCall(SetTextKeyword.groovy:55)
	at com.kms.katalon.core.webui.keyword.builtin.SetTextKeyword$_setText_closure1.call(SetTextKeyword.groovy)
	at com.kms.katalon.core.webui.keyword.internal.WebUIKeywordMain.runKeyword(WebUIKeywordMain.groovy:35)
	... 20 more

        </td>
      </tr>
      <tr class="event-row">
        <td><span class="badge log fail-bg">Fail</span></td>
        <td>2:50:20 PM</td>
        <td>
          Failed Screenshot added.
    <div class="row mb-3"><div class="col-md-3">
<img data-featherlight='C:\Users\AXKokare\Katalon Studio\Record and Playback\Extent\20250626_143229\Screenshots\Screenshot_250626145019942.png' src="C:\Users\AXKokare\Katalon Studio\Record and Playback\Extent\20250626_143229\Screenshots\Screenshot_250626145019942.png">
    
    </div></div>
        </td>
      </tr>
  </tbody>
</table>
</div>
          </div>
        </li>
        <li class="test-item"  status="fail" test-id="30"
          author="HOST:AXKOKARE-HOST.DOCKER.INTERNAL"
          tag="PLATFORM:CHROME PROFILE:DEFAULT GROUP:"
          device="">
          <div class="test-detail">
            <p class="name">New Test Suite : TC_10</p>
            <p class="text-sm">
              <span>2:50:22 PM</span> / <span>00:01:33:334</span>
              <span class="badge fail-bg log float-right">Fail</span>
            </p>
          </div>
          <div class="test-contents d-none">
<div class="detail-head">
<div class="p-v-10">
<div class="info">
<h5 class="test-status text-fail">New Test Suite : TC_10</h5>
<span class='badge badge-success'>06.26.2025 2:50:22 PM</span>
<span class='badge badge-danger'>06.26.2025 2:51:55 PM</span>
<span class='badge badge-default'>00:01:33:334</span>
&middot; <span class='uri-anchor badge badge-default'>#test-id=30</span>
<span title='Skip to the next failed step' class='badge badge-danger pointer float-right ne ml-1'><i class="fa fa-fast-forward"></i></span>
<span title='Collapse all nodes' class='badge badge-default pointer float-right ct ml-1'><i class="fa fa-compress"></i></span>
<span title='Expand all nodes' class='badge badge-default pointer float-right et'><i class="fa fa-expand"></i></span>
</div>
<div class="m-t-15"><span class="badge badge-pill badge-default">HOST:AXKOKARE-HOST.DOCKER.INTERNAL</span>
<span class="badge badge-pill badge-default">PLATFORM:CHROME</span>
<span class="badge badge-pill badge-default">PROFILE:DEFAULT</span>
<span class="badge badge-pill badge-default">GROUP:</span></div>
<div class="m-t-10 m-l-5">Test Execution: Test Cases/AutomationExercise/TC_10</div>
</div>
</div><div class="detail-body mt-4">
<table class="table table-sm">
  <thead><tr><th class="status-col">Status</th><th class="timestamp-col">Timestamp</th><th class="details-col">Details</th></tr></thead>
  <tbody>
      <tr class="event-row">
        <td><span class="badge log fail-bg">Fail</span></td>
        <td>2:51:55 PM</td>
        <td>
          =============== ROOT CAUSE =====================<br>Test Cases/AutomationExercise/TC_10 FAILED.
Reason:
com.kms.katalon.core.exception.StepFailedException: Unable to set text 'ThisIsNotAPassword' of object 'Object Repository/Sample_2/input_Demo account_form-control'
	at com.kms.katalon.core.webui.keyword.internal.WebUIKeywordMain.stepFailed(WebUIKeywordMain.groovy:117)
	at com.kms.katalon.core.webui.keyword.internal.WebUIKeywordMain.runKeyword(WebUIKeywordMain.groovy:43)
	at com.kms.katalon.core.webui.keyword.builtin.SetTextKeyword.setText(SetTextKeyword.groovy:86)
	at com.kms.katalon.core.webui.keyword.builtin.SetTextKeyword.execute(SetTextKeyword.groovy:39)
	at com.kms.katalon.core.keyword.internal.KeywordExecutor.executeKeywordForPlatform(KeywordExecutor.groovy:74)
	at com.kms.katalon.core.webui.keyword.WebUiBuiltInKeywords.setText(WebUiBuiltInKeywords.groovy:1056)
	at TC_10.run(TC_10:32)
	at com.kms.katalon.core.main.ScriptEngine.run(ScriptEngine.java:194)
	at com.kms.katalon.core.main.ScriptEngine.runScriptAsRawText(ScriptEngine.java:119)
	at com.kms.katalon.core.main.TestCaseExecutor.runScript(TestCaseExecutor.java:486)
	at com.kms.katalon.core.main.TestCaseExecutor.doExecute(TestCaseExecutor.java:477)
	at com.kms.katalon.core.main.TestCaseExecutor.processExecutionPhase(TestCaseExecutor.java:456)
	at com.kms.katalon.core.main.TestCaseExecutor.accessMainPhase(TestCaseExecutor.java:448)
	at com.kms.katalon.core.main.TestCaseExecutor.execute(TestCaseExecutor.java:322)
	at com.kms.katalon.core.main.TestCaseExecutor.execute(TestCaseExecutor.java:406)
	at com.kms.katalon.core.common.CommonExecutor.accessTestCaseMainPhase(CommonExecutor.java:71)
	at com.kms.katalon.core.main.TestSuiteExecutor.accessTestSuiteMainPhase(TestSuiteExecutor.java:160)
	at com.kms.katalon.core.main.TestSuiteExecutor.execute(TestSuiteExecutor.java:107)
	at com.kms.katalon.core.main.TestCaseMain.startTestSuite(TestCaseMain.java:186)
	at TempTestSuite1750928528853.run(TempTestSuite1750928528853.groovy:35)
	at java.base/jdk.internal.reflect.NativeMethodAccessorImpl.invoke0(Native Method)
	at java.base/jdk.internal.reflect.NativeMethodAccessorImpl.invoke(NativeMethodAccessorImpl.java:77)
	at java.base/jdk.internal.reflect.DelegatingMethodAccessorImpl.invoke(DelegatingMethodAccessorImpl.java:43)
Caused by: org.openqa.selenium.InvalidElementStateException: invalid element state
  (Session info: chrome=138.0.7204.49)
Build info: version: '4.28.1', revision: '73f5ad48a2'
System info: os.name: 'Windows 11', os.arch: 'amd64', os.version: '10.0', java.version: '17.0.14'
Driver info: com.kms.katalon.selenium.driver.CChromeDriver
Command: [7b7542aff3b77556df8ad522046a463e, clearElement {id=f.6306B418E31C2408720ED93ECD3FE49C.d.82E77A946D27BB2DFB1D91DAB7A5C53C.e.12}]
Capabilities {acceptInsecureCerts: false, browserName: chrome, browserVersion: 138.0.7204.49, chrome: {chromedriverVersion: 138.0.7204.49 (d2b48fd5f781..., userDataDir: C:\Users\AXKokare\AppData\L...}, fedcm:accounts: true, goog:chromeOptions: {debuggerAddress: localhost:51163}, networkConnectionEnabled: false, pageLoadStrategy: normal, platformName: windows, proxy: Proxy(), se:cdp: ws://localhost:51163/devtoo..., se:cdpVersion: 138.0.7204.49, setWindowRect: true, strictFileInteractability: false, timeouts: {implicit: 0, pageLoad: 300000, script: 30000}, unhandledPromptBehavior: ignore, webSocketUrl: ws://localhost:41764/sessio..., webauthn:extension:credBlob: true, webauthn:extension:largeBlob: true, webauthn:extension:minPinLength: true, webauthn:extension:prf: true, webauthn:virtualAuthenticators: true}
Element: [[CChromeDriver: chrome on windows (7b7542aff3b77556df8ad522046a463e)] -> xpath: //input[@value='ThisIsNotAPassword']]
Session ID: 7b7542aff3b77556df8ad522046a463e
	at java.base/jdk.internal.reflect.NativeConstructorAccessorImpl.newInstance0(Native Method)
	at java.base/jdk.internal.reflect.NativeConstructorAccessorImpl.newInstance(NativeConstructorAccessorImpl.java:77)
	at java.base/jdk.internal.reflect.DelegatingConstructorAccessorImpl.newInstance(DelegatingConstructorAccessorImpl.java:45)
	at org.openqa.selenium.remote.ErrorCodec.decode(ErrorCodec.java:167)
	at org.openqa.selenium.remote.codec.w3c.W3CHttpResponseCodec.decode(W3CHttpResponseCodec.java:138)
	at org.openqa.selenium.remote.codec.w3c.W3CHttpResponseCodec.decode(W3CHttpResponseCodec.java:50)
	at org.openqa.selenium.remote.HttpCommandExecutor.execute(HttpCommandExecutor.java:215)
	at org.openqa.selenium.remote.service.DriverCommandExecutor.invokeExecute(DriverCommandExecutor.java:216)
	at org.openqa.selenium.remote.service.DriverCommandExecutor.execute(DriverCommandExecutor.java:174)
	at org.openqa.selenium.remote.RemoteWebDriver.execute(RemoteWebDriver.java:545)
	at org.openqa.selenium.remote.RemoteWebElement.execute(RemoteWebElement.java:223)
	at org.openqa.selenium.remote.RemoteWebElement.clear(RemoteWebElement.java:129)
	at jdk.internal.reflect.GeneratedMethodAccessor48.invoke(Unknown Source)
	at java.base/jdk.internal.reflect.DelegatingMethodAccessorImpl.invoke(DelegatingMethodAccessorImpl.java:43)
	at org.openqa.selenium.support.decorators.WebDriverDecorator.call(WebDriverDecorator.java:315)
	at org.openqa.selenium.support.decorators.DefaultDecorated.call(DefaultDecorated.java:48)
	at org.openqa.selenium.support.decorators.WebDriverDecorator.lambda$createProxyFactory$3(WebDriverDecorator.java:405)
	at net.bytebuddy.renamed.java.lang.Object$ByteBuddy$2KdMjG0M.clear(Unknown Source)
	at com.kms.katalon.core.webui.keyword.builtin.SetTextKeyword$_setText_closure1.doCall(SetTextKeyword.groovy:55)
	at com.kms.katalon.core.webui.keyword.builtin.SetTextKeyword$_setText_closure1.call(SetTextKeyword.groovy)
	at com.kms.katalon.core.webui.keyword.internal.WebUIKeywordMain.runKeyword(WebUIKeywordMain.groovy:35)
	... 21 more

        </td>
      </tr>
      <tr class="event-row">
        <td><span class="badge log fail-bg">Fail</span></td>
        <td>2:51:55 PM</td>
        <td>
          Failed Screenshot added.
    <div class="row mb-3"><div class="col-md-3">
<img data-featherlight='C:\Users\AXKokare\Katalon Studio\Record and Playback\Extent\20250626_143229\Screenshots\Screenshot_250626145155377.png' src="C:\Users\AXKokare\Katalon Studio\Record and Playback\Extent\20250626_143229\Screenshots\Screenshot_250626145155377.png">
    
    </div></div>
        </td>
      </tr>
  </tbody>
</table>
</div>
          </div>
        </li>
        <li class="test-item"  status="fail" test-id="31"
          author="HOST:AXKOKARE-HOST.DOCKER.INTERNAL"
          tag="PLATFORM:CHROME PROFILE:DEFAULT GROUP:"
          device="">
          <div class="test-detail">
            <p class="name">New Test Suite : TC_10</p>
            <p class="text-sm">
              <span>2:51:57 PM</span> / <span>00:01:31:776</span>
              <span class="badge fail-bg log float-right">Fail</span>
            </p>
          </div>
          <div class="test-contents d-none">
<div class="detail-head">
<div class="p-v-10">
<div class="info">
<h5 class="test-status text-fail">New Test Suite : TC_10</h5>
<span class='badge badge-success'>06.26.2025 2:51:57 PM</span>
<span class='badge badge-danger'>06.26.2025 2:53:29 PM</span>
<span class='badge badge-default'>00:01:31:776</span>
&middot; <span class='uri-anchor badge badge-default'>#test-id=31</span>
<span title='Skip to the next failed step' class='badge badge-danger pointer float-right ne ml-1'><i class="fa fa-fast-forward"></i></span>
<span title='Collapse all nodes' class='badge badge-default pointer float-right ct ml-1'><i class="fa fa-compress"></i></span>
<span title='Expand all nodes' class='badge badge-default pointer float-right et'><i class="fa fa-expand"></i></span>
</div>
<div class="m-t-15"><span class="badge badge-pill badge-default">HOST:AXKOKARE-HOST.DOCKER.INTERNAL</span>
<span class="badge badge-pill badge-default">PLATFORM:CHROME</span>
<span class="badge badge-pill badge-default">PROFILE:DEFAULT</span>
<span class="badge badge-pill badge-default">GROUP:</span></div>
<div class="m-t-10 m-l-5">Test Execution: Test Cases/AutomationExercise/TC_10</div>
</div>
</div><div class="detail-body mt-4">
<table class="table table-sm">
  <thead><tr><th class="status-col">Status</th><th class="timestamp-col">Timestamp</th><th class="details-col">Details</th></tr></thead>
  <tbody>
      <tr class="event-row">
        <td><span class="badge log fail-bg">Fail</span></td>
        <td>2:53:29 PM</td>
        <td>
          =============== ROOT CAUSE =====================<br>Test Cases/AutomationExercise/TC_10 FAILED.
Reason:
com.kms.katalon.core.exception.StepFailedException: Unable to set text 'ThisIsNotAPassword' of object 'Object Repository/Sample_2/input_Demo account_form-control'
	at com.kms.katalon.core.webui.keyword.internal.WebUIKeywordMain.stepFailed(WebUIKeywordMain.groovy:117)
	at com.kms.katalon.core.webui.keyword.internal.WebUIKeywordMain.runKeyword(WebUIKeywordMain.groovy:43)
	at com.kms.katalon.core.webui.keyword.builtin.SetTextKeyword.setText(SetTextKeyword.groovy:86)
	at com.kms.katalon.core.webui.keyword.builtin.SetTextKeyword.execute(SetTextKeyword.groovy:39)
	at com.kms.katalon.core.keyword.internal.KeywordExecutor.executeKeywordForPlatform(KeywordExecutor.groovy:74)
	at com.kms.katalon.core.webui.keyword.WebUiBuiltInKeywords.setText(WebUiBuiltInKeywords.groovy:1056)
	at TC_10.run(TC_10:32)
	at com.kms.katalon.core.main.ScriptEngine.run(ScriptEngine.java:194)
	at com.kms.katalon.core.main.ScriptEngine.runScriptAsRawText(ScriptEngine.java:119)
	at com.kms.katalon.core.main.TestCaseExecutor.runScript(TestCaseExecutor.java:486)
	at com.kms.katalon.core.main.TestCaseExecutor.doExecute(TestCaseExecutor.java:477)
	at com.kms.katalon.core.main.TestCaseExecutor.processExecutionPhase(TestCaseExecutor.java:456)
	at com.kms.katalon.core.main.TestCaseExecutor.accessMainPhase(TestCaseExecutor.java:448)
	at com.kms.katalon.core.main.TestCaseExecutor.execute(TestCaseExecutor.java:322)
	at com.kms.katalon.core.main.TestCaseExecutor.execute(TestCaseExecutor.java:406)
	at com.kms.katalon.core.main.TestCaseExecutor.execute(TestCaseExecutor.java:406)
	at com.kms.katalon.core.common.CommonExecutor.accessTestCaseMainPhase(CommonExecutor.java:71)
	at com.kms.katalon.core.main.TestSuiteExecutor.accessTestSuiteMainPhase(TestSuiteExecutor.java:160)
	at com.kms.katalon.core.main.TestSuiteExecutor.execute(TestSuiteExecutor.java:107)
	at com.kms.katalon.core.main.TestCaseMain.startTestSuite(TestCaseMain.java:186)
	at TempTestSuite1750928528853.run(TempTestSuite1750928528853.groovy:35)
	at java.base/jdk.internal.reflect.NativeMethodAccessorImpl.invoke0(Native Method)
	at java.base/jdk.internal.reflect.NativeMethodAccessorImpl.invoke(NativeMethodAccessorImpl.java:77)
	at java.base/jdk.internal.reflect.DelegatingMethodAccessorImpl.invoke(DelegatingMethodAccessorImpl.java:43)
Caused by: org.openqa.selenium.InvalidElementStateException: invalid element state
  (Session info: chrome=138.0.7204.49)
Build info: version: '4.28.1', revision: '73f5ad48a2'
System info: os.name: 'Windows 11', os.arch: 'amd64', os.version: '10.0', java.version: '17.0.14'
Driver info: com.kms.katalon.selenium.driver.CChromeDriver
Command: [9f857c7d8920431531269585bb75b39d, clearElement {id=f.493EAAE66572A6AA62785B9C37F1C4FC.d.4B18255ED0E6074EA9D47EA0DE5B2D0D.e.12}]
Capabilities {acceptInsecureCerts: false, browserName: chrome, browserVersion: 138.0.7204.49, chrome: {chromedriverVersion: 138.0.7204.49 (d2b48fd5f781..., userDataDir: C:\Users\AXKokare\AppData\L...}, fedcm:accounts: true, goog:chromeOptions: {debuggerAddress: localhost:61040}, networkConnectionEnabled: false, pageLoadStrategy: normal, platformName: windows, proxy: Proxy(), se:cdp: ws://localhost:61040/devtoo..., se:cdpVersion: 138.0.7204.49, setWindowRect: true, strictFileInteractability: false, timeouts: {implicit: 0, pageLoad: 300000, script: 30000}, unhandledPromptBehavior: ignore, webSocketUrl: ws://localhost:26317/sessio..., webauthn:extension:credBlob: true, webauthn:extension:largeBlob: true, webauthn:extension:minPinLength: true, webauthn:extension:prf: true, webauthn:virtualAuthenticators: true}
Element: [[CChromeDriver: chrome on windows (9f857c7d8920431531269585bb75b39d)] -> xpath: //input[@value='ThisIsNotAPassword']]
Session ID: 9f857c7d8920431531269585bb75b39d
	at java.base/jdk.internal.reflect.NativeConstructorAccessorImpl.newInstance0(Native Method)
	at java.base/jdk.internal.reflect.NativeConstructorAccessorImpl.newInstance(NativeConstructorAccessorImpl.java:77)
	at java.base/jdk.internal.reflect.DelegatingConstructorAccessorImpl.newInstance(DelegatingConstructorAccessorImpl.java:45)
	at org.openqa.selenium.remote.ErrorCodec.decode(ErrorCodec.java:167)
	at org.openqa.selenium.remote.codec.w3c.W3CHttpResponseCodec.decode(W3CHttpResponseCodec.java:138)
	at org.openqa.selenium.remote.codec.w3c.W3CHttpResponseCodec.decode(W3CHttpResponseCodec.java:50)
	at org.openqa.selenium.remote.HttpCommandExecutor.execute(HttpCommandExecutor.java:215)
	at org.openqa.selenium.remote.service.DriverCommandExecutor.invokeExecute(DriverCommandExecutor.java:216)
	at org.openqa.selenium.remote.service.DriverCommandExecutor.execute(DriverCommandExecutor.java:174)
	at org.openqa.selenium.remote.RemoteWebDriver.execute(RemoteWebDriver.java:545)
	at org.openqa.selenium.remote.RemoteWebElement.execute(RemoteWebElement.java:223)
	at org.openqa.selenium.remote.RemoteWebElement.clear(RemoteWebElement.java:129)
	at jdk.internal.reflect.GeneratedMethodAccessor48.invoke(Unknown Source)
	at java.base/jdk.internal.reflect.DelegatingMethodAccessorImpl.invoke(DelegatingMethodAccessorImpl.java:43)
	at org.openqa.selenium.support.decorators.WebDriverDecorator.call(WebDriverDecorator.java:315)
	at org.openqa.selenium.support.decorators.DefaultDecorated.call(DefaultDecorated.java:48)
	at org.openqa.selenium.support.decorators.WebDriverDecorator.lambda$createProxyFactory$3(WebDriverDecorator.java:405)
	at net.bytebuddy.renamed.java.lang.Object$ByteBuddy$KbbYCEg9.clear(Unknown Source)
	at com.kms.katalon.core.webui.keyword.builtin.SetTextKeyword$_setText_closure1.doCall(SetTextKeyword.groovy:55)
	at com.kms.katalon.core.webui.keyword.builtin.SetTextKeyword$_setText_closure1.call(SetTextKeyword.groovy)
	at com.kms.katalon.core.webui.keyword.internal.WebUIKeywordMain.runKeyword(WebUIKeywordMain.groovy:35)
	... 22 more

        </td>
      </tr>
      <tr class="event-row">
        <td><span class="badge log fail-bg">Fail</span></td>
        <td>2:53:29 PM</td>
        <td>
          Failed Screenshot added.
    <div class="row mb-3"><div class="col-md-3">
<img data-featherlight='C:\Users\AXKokare\Katalon Studio\Record and Playback\Extent\20250626_143229\Screenshots\Screenshot_250626145329284.png' src="C:\Users\AXKokare\Katalon Studio\Record and Playback\Extent\20250626_143229\Screenshots\Screenshot_250626145329284.png">
    
    </div></div>
        </td>
      </tr>
  </tbody>
</table>
</div>
          </div>
        </li>
        <li class="test-item"  status="fail" test-id="32"
          author="HOST:AXKOKARE-HOST.DOCKER.INTERNAL"
          tag="PLATFORM:CHROME PROFILE:DEFAULT GROUP:"
          device="">
          <div class="test-detail">
            <p class="name">New Test Suite : TC_10</p>
            <p class="text-sm">
              <span>2:53:31 PM</span> / <span>00:01:37:697</span>
              <span class="badge fail-bg log float-right">Fail</span>
            </p>
          </div>
          <div class="test-contents d-none">
<div class="detail-head">
<div class="p-v-10">
<div class="info">
<h5 class="test-status text-fail">New Test Suite : TC_10</h5>
<span class='badge badge-success'>06.26.2025 2:53:31 PM</span>
<span class='badge badge-danger'>06.26.2025 2:55:09 PM</span>
<span class='badge badge-default'>00:01:37:697</span>
&middot; <span class='uri-anchor badge badge-default'>#test-id=32</span>
<span title='Skip to the next failed step' class='badge badge-danger pointer float-right ne ml-1'><i class="fa fa-fast-forward"></i></span>
<span title='Collapse all nodes' class='badge badge-default pointer float-right ct ml-1'><i class="fa fa-compress"></i></span>
<span title='Expand all nodes' class='badge badge-default pointer float-right et'><i class="fa fa-expand"></i></span>
</div>
<div class="m-t-15"><span class="badge badge-pill badge-default">HOST:AXKOKARE-HOST.DOCKER.INTERNAL</span>
<span class="badge badge-pill badge-default">PLATFORM:CHROME</span>
<span class="badge badge-pill badge-default">PROFILE:DEFAULT</span>
<span class="badge badge-pill badge-default">GROUP:</span></div>
<div class="m-t-10 m-l-5">Test Execution: Test Cases/AutomationExercise/TC_10</div>
</div>
</div><div class="detail-body mt-4">
<table class="table table-sm">
  <thead><tr><th class="status-col">Status</th><th class="timestamp-col">Timestamp</th><th class="details-col">Details</th></tr></thead>
  <tbody>
      <tr class="event-row">
        <td><span class="badge log fail-bg">Fail</span></td>
        <td>2:55:09 PM</td>
        <td>
          =============== ROOT CAUSE =====================<br>Test Cases/AutomationExercise/TC_10 FAILED.
Reason:
com.kms.katalon.core.exception.StepFailedException: Unable to set text 'ThisIsNotAPassword' of object 'Object Repository/Sample_2/input_Demo account_form-control'
	at com.kms.katalon.core.webui.keyword.internal.WebUIKeywordMain.stepFailed(WebUIKeywordMain.groovy:117)
	at com.kms.katalon.core.webui.keyword.internal.WebUIKeywordMain.runKeyword(WebUIKeywordMain.groovy:43)
	at com.kms.katalon.core.webui.keyword.builtin.SetTextKeyword.setText(SetTextKeyword.groovy:86)
	at com.kms.katalon.core.webui.keyword.builtin.SetTextKeyword.execute(SetTextKeyword.groovy:39)
	at com.kms.katalon.core.keyword.internal.KeywordExecutor.executeKeywordForPlatform(KeywordExecutor.groovy:74)
	at com.kms.katalon.core.webui.keyword.WebUiBuiltInKeywords.setText(WebUiBuiltInKeywords.groovy:1056)
	at TC_10.run(TC_10:32)
	at com.kms.katalon.core.main.ScriptEngine.run(ScriptEngine.java:194)
	at com.kms.katalon.core.main.ScriptEngine.runScriptAsRawText(ScriptEngine.java:119)
	at com.kms.katalon.core.main.TestCaseExecutor.runScript(TestCaseExecutor.java:486)
	at com.kms.katalon.core.main.TestCaseExecutor.doExecute(TestCaseExecutor.java:477)
	at com.kms.katalon.core.main.TestCaseExecutor.processExecutionPhase(TestCaseExecutor.java:456)
	at com.kms.katalon.core.main.TestCaseExecutor.accessMainPhase(TestCaseExecutor.java:448)
	at com.kms.katalon.core.main.TestCaseExecutor.execute(TestCaseExecutor.java:322)
	at com.kms.katalon.core.main.TestCaseExecutor.execute(TestCaseExecutor.java:406)
	at com.kms.katalon.core.main.TestCaseExecutor.execute(TestCaseExecutor.java:406)
	at com.kms.katalon.core.main.TestCaseExecutor.execute(TestCaseExecutor.java:406)
	at com.kms.katalon.core.common.CommonExecutor.accessTestCaseMainPhase(CommonExecutor.java:71)
	at com.kms.katalon.core.main.TestSuiteExecutor.accessTestSuiteMainPhase(TestSuiteExecutor.java:160)
	at com.kms.katalon.core.main.TestSuiteExecutor.execute(TestSuiteExecutor.java:107)
	at com.kms.katalon.core.main.TestCaseMain.startTestSuite(TestCaseMain.java:186)
	at TempTestSuite1750928528853.run(TempTestSuite1750928528853.groovy:35)
	at java.base/jdk.internal.reflect.NativeMethodAccessorImpl.invoke0(Native Method)
	at java.base/jdk.internal.reflect.NativeMethodAccessorImpl.invoke(NativeMethodAccessorImpl.java:77)
	at java.base/jdk.internal.reflect.DelegatingMethodAccessorImpl.invoke(DelegatingMethodAccessorImpl.java:43)
Caused by: org.openqa.selenium.InvalidElementStateException: invalid element state
  (Session info: chrome=138.0.7204.49)
Build info: version: '4.28.1', revision: '73f5ad48a2'
System info: os.name: 'Windows 11', os.arch: 'amd64', os.version: '10.0', java.version: '17.0.14'
Driver info: com.kms.katalon.selenium.driver.CChromeDriver
Command: [9bd03e73e76d1410024772ba3591461a, clearElement {id=f.A0F419A6CD041B24450D84D8029D06CC.d.FE92BC93A445EE5A6088940DB8E764B5.e.12}]
Capabilities {acceptInsecureCerts: false, browserName: chrome, browserVersion: 138.0.7204.49, chrome: {chromedriverVersion: 138.0.7204.49 (d2b48fd5f781..., userDataDir: C:\Users\AXKokare\AppData\L...}, fedcm:accounts: true, goog:chromeOptions: {debuggerAddress: localhost:62559}, networkConnectionEnabled: false, pageLoadStrategy: normal, platformName: windows, proxy: Proxy(), se:cdp: ws://localhost:62559/devtoo..., se:cdpVersion: 138.0.7204.49, setWindowRect: true, strictFileInteractability: false, timeouts: {implicit: 0, pageLoad: 300000, script: 30000}, unhandledPromptBehavior: ignore, webSocketUrl: ws://localhost:4088/session..., webauthn:extension:credBlob: true, webauthn:extension:largeBlob: true, webauthn:extension:minPinLength: true, webauthn:extension:prf: true, webauthn:virtualAuthenticators: true}
Element: [[CChromeDriver: chrome on windows (9bd03e73e76d1410024772ba3591461a)] -> xpath: //input[@value='ThisIsNotAPassword']]
Session ID: 9bd03e73e76d1410024772ba3591461a
	at java.base/jdk.internal.reflect.NativeConstructorAccessorImpl.newInstance0(Native Method)
	at java.base/jdk.internal.reflect.NativeConstructorAccessorImpl.newInstance(NativeConstructorAccessorImpl.java:77)
	at java.base/jdk.internal.reflect.DelegatingConstructorAccessorImpl.newInstance(DelegatingConstructorAccessorImpl.java:45)
	at org.openqa.selenium.remote.ErrorCodec.decode(ErrorCodec.java:167)
	at org.openqa.selenium.remote.codec.w3c.W3CHttpResponseCodec.decode(W3CHttpResponseCodec.java:138)
	at org.openqa.selenium.remote.codec.w3c.W3CHttpResponseCodec.decode(W3CHttpResponseCodec.java:50)
	at org.openqa.selenium.remote.HttpCommandExecutor.execute(HttpCommandExecutor.java:215)
	at org.openqa.selenium.remote.service.DriverCommandExecutor.invokeExecute(DriverCommandExecutor.java:216)
	at org.openqa.selenium.remote.service.DriverCommandExecutor.execute(DriverCommandExecutor.java:174)
	at org.openqa.selenium.remote.RemoteWebDriver.execute(RemoteWebDriver.java:545)
	at org.openqa.selenium.remote.RemoteWebElement.execute(RemoteWebElement.java:223)
	at org.openqa.selenium.remote.RemoteWebElement.clear(RemoteWebElement.java:129)
	at jdk.internal.reflect.GeneratedMethodAccessor48.invoke(Unknown Source)
	at java.base/jdk.internal.reflect.DelegatingMethodAccessorImpl.invoke(DelegatingMethodAccessorImpl.java:43)
	at org.openqa.selenium.support.decorators.WebDriverDecorator.call(WebDriverDecorator.java:315)
	at org.openqa.selenium.support.decorators.DefaultDecorated.call(DefaultDecorated.java:48)
	at org.openqa.selenium.support.decorators.WebDriverDecorator.lambda$createProxyFactory$3(WebDriverDecorator.java:405)
	at net.bytebuddy.renamed.java.lang.Object$ByteBuddy$JwoIh7QM.clear(Unknown Source)
	at com.kms.katalon.core.webui.keyword.builtin.SetTextKeyword$_setText_closure1.doCall(SetTextKeyword.groovy:55)
	at com.kms.katalon.core.webui.keyword.builtin.SetTextKeyword$_setText_closure1.call(SetTextKeyword.groovy)
	at com.kms.katalon.core.webui.keyword.internal.WebUIKeywordMain.runKeyword(WebUIKeywordMain.groovy:35)
	... 23 more

        </td>
      </tr>
      <tr class="event-row">
        <td><span class="badge log fail-bg">Fail</span></td>
        <td>2:55:09 PM</td>
        <td>
          Failed Screenshot added.
    <div class="row mb-3"><div class="col-md-3">
<img data-featherlight='C:\Users\AXKokare\Katalon Studio\Record and Playback\Extent\20250626_143229\Screenshots\Screenshot_250626145509105.png' src="C:\Users\AXKokare\Katalon Studio\Record and Playback\Extent\20250626_143229\Screenshots\Screenshot_250626145509105.png">
    
    </div></div>
        </td>
      </tr>
  </tbody>
</table>
</div>
          </div>
        </li>
      </ul>
    </div>
  </div>
<div class="test-content scrollable">
<div class="test-content-tools">
<ul><li><a class="back-to-test" href="#"><i class="fa fa-arrow-left"></i></a></li></ul>
</div>
<div class="test-content-detail"><div class="detail-body"></div></div>
</div></div>
<div class="test-wrapper row view category-view attributes-view">
<div class="test-list">
<div class="test-list-tools">
<ul class="tools pull-left"><li><a href=""><span class="font-size-14">Category</span></a></li></ul>
<ul class="tools text-right"><li><a href="#"><span class="badge badge-primary">3</span></a></li></ul>
</div>
<div class="test-list-wrapper scrollable">
<ul class="test-list-item">
<li class="test-item">
<div class="test-detail">
<span class="meta">
<span class='badge log pass-bg'>24</span>
<span class='badge log badge-danger'>8</span>
</span>
<p class="name">PROFILE:DEFAULT</p>
<p class="duration text-sm">32 tests</p>
</div>
<div class="test-contents d-none">
<div class="info">
<h4>PROFILE:DEFAULT</h4>
<span status="pass" class='badge log pass-bg'>24 passed</span>
<span status="fail" class='badge log badge-danger'>8 failed</span>
</div>
<table class='table table-sm mt-4'>
<thead>
<tr>
<th class="status-col">Status</th>
<th class="timestamp-col">Timestamp</th>
<th>TestName</th>
</tr>
</thead>
<tbody>
<tr class="tag-test-status" status="pass">
<td><span class="badge log pass-bg">Pass</span></td>
<td>14:32:31 PM</td>
<td>
<a href="#" class="linked" test-id='1' id='1'>New Test Suite : TC_01</a>
</td>
</tr>
<tr class="tag-test-status" status="pass">
<td><span class="badge log pass-bg">Pass</span></td>
<td>14:34:00 PM</td>
<td>
<a href="#" class="linked" test-id='2' id='2'>New Test Suite : TC_02</a>
</td>
</tr>
<tr class="tag-test-status" status="pass">
<td><span class="badge log pass-bg">Pass</span></td>
<td>14:34:34 PM</td>
<td>
<a href="#" class="linked" test-id='3' id='3'>New Test Suite : TC_03</a>
</td>
</tr>
<tr class="tag-test-status" status="pass">
<td><span class="badge log pass-bg">Pass</span></td>
<td>14:35:17 PM</td>
<td>
<a href="#" class="linked" test-id='4' id='4'>New Test Suite : TC_04</a>
</td>
</tr>
<tr class="tag-test-status" status="pass">
<td><span class="badge log pass-bg">Pass</span></td>
<td>14:35:41 PM</td>
<td>
<a href="#" class="linked" test-id='5' id='5'>New Test Suite : TC_05</a>
</td>
</tr>
<tr class="tag-test-status" status="pass">
<td><span class="badge log pass-bg">Pass</span></td>
<td>14:35:59 PM</td>
<td>
<a href="#" class="linked" test-id='6' id='6'>New Test Suite : TC_06</a>
</td>
</tr>
<tr class="tag-test-status" status="pass">
<td><span class="badge log pass-bg">Pass</span></td>
<td>14:36:36 PM</td>
<td>
<a href="#" class="linked" test-id='7' id='7'>New Test Suite : TC_07</a>
</td>
</tr>
<tr class="tag-test-status" status="pass">
<td><span class="badge log pass-bg">Pass</span></td>
<td>14:36:54 PM</td>
<td>
<a href="#" class="linked" test-id='8' id='8'>New Test Suite : TC_08</a>
</td>
</tr>
<tr class="tag-test-status" status="pass">
<td><span class="badge log pass-bg">Pass</span></td>
<td>14:37:23 PM</td>
<td>
<a href="#" class="linked" test-id='9' id='9'>New Test Suite : TC_09</a>
</td>
</tr>
<tr class="tag-test-status" status="pass">
<td><span class="badge log pass-bg">Pass</span></td>
<td>14:37:26 PM</td>
<td>
<a href="#" class="linked" test-id='10' id='10'>New Test Suite : TC_09</a>
</td>
</tr>
<tr class="tag-test-status" status="pass">
<td><span class="badge log pass-bg">Pass</span></td>
<td>14:37:28 PM</td>
<td>
<a href="#" class="linked" test-id='11' id='11'>New Test Suite : TC_09</a>
</td>
</tr>
<tr class="tag-test-status" status="pass">
<td><span class="badge log pass-bg">Pass</span></td>
<td>14:37:30 PM</td>
<td>
<a href="#" class="linked" test-id='12' id='12'>New Test Suite : TC_09</a>
</td>
</tr>
<tr class="tag-test-status" status="fail">
<td><span class="badge log fail-bg">Fail</span></td>
<td>14:37:32 PM</td>
<td>
<a href="#" class="linked" test-id='13' id='13'>New Test Suite : TC_10</a>
</td>
</tr>
<tr class="tag-test-status" status="fail">
<td><span class="badge log fail-bg">Fail</span></td>
<td>14:39:13 PM</td>
<td>
<a href="#" class="linked" test-id='14' id='14'>New Test Suite : TC_10</a>
</td>
</tr>
<tr class="tag-test-status" status="fail">
<td><span class="badge log fail-bg">Fail</span></td>
<td>14:40:47 PM</td>
<td>
<a href="#" class="linked" test-id='15' id='15'>New Test Suite : TC_10</a>
</td>
</tr>
<tr class="tag-test-status" status="fail">
<td><span class="badge log fail-bg">Fail</span></td>
<td>14:42:22 PM</td>
<td>
<a href="#" class="linked" test-id='16' id='16'>New Test Suite : TC_10</a>
</td>
</tr>
<tr class="tag-test-status" status="pass">
<td><span class="badge log pass-bg">Pass</span></td>
<td>14:43:56 PM</td>
<td>
<a href="#" class="linked" test-id='17' id='17'>New Test Suite : TC_01</a>
</td>
</tr>
<tr class="tag-test-status" status="pass">
<td><span class="badge log pass-bg">Pass</span></td>
<td>14:45:18 PM</td>
<td>
<a href="#" class="linked" test-id='18' id='18'>New Test Suite : TC_02</a>
</td>
</tr>
<tr class="tag-test-status" status="pass">
<td><span class="badge log pass-bg">Pass</span></td>
<td>14:45:53 PM</td>
<td>
<a href="#" class="linked" test-id='19' id='19'>New Test Suite : TC_03</a>
</td>
</tr>
<tr class="tag-test-status" status="pass">
<td><span class="badge log pass-bg">Pass</span></td>
<td>14:46:28 PM</td>
<td>
<a href="#" class="linked" test-id='20' id='20'>New Test Suite : TC_04</a>
</td>
</tr>
<tr class="tag-test-status" status="pass">
<td><span class="badge log pass-bg">Pass</span></td>
<td>14:46:58 PM</td>
<td>
<a href="#" class="linked" test-id='21' id='21'>New Test Suite : TC_05</a>
</td>
</tr>
<tr class="tag-test-status" status="pass">
<td><span class="badge log pass-bg">Pass</span></td>
<td>14:47:20 PM</td>
<td>
<a href="#" class="linked" test-id='22' id='22'>New Test Suite : TC_06</a>
</td>
</tr>
<tr class="tag-test-status" status="pass">
<td><span class="badge log pass-bg">Pass</span></td>
<td>14:47:51 PM</td>
<td>
<a href="#" class="linked" test-id='23' id='23'>New Test Suite : TC_07</a>
</td>
</tr>
<tr class="tag-test-status" status="pass">
<td><span class="badge log pass-bg">Pass</span></td>
<td>14:48:11 PM</td>
<td>
<a href="#" class="linked" test-id='24' id='24'>New Test Suite : TC_08</a>
</td>
</tr>
<tr class="tag-test-status" status="pass">
<td><span class="badge log pass-bg">Pass</span></td>
<td>14:48:38 PM</td>
<td>
<a href="#" class="linked" test-id='25' id='25'>New Test Suite : TC_09</a>
</td>
</tr>
<tr class="tag-test-status" status="pass">
<td><span class="badge log pass-bg">Pass</span></td>
<td>14:48:40 PM</td>
<td>
<a href="#" class="linked" test-id='26' id='26'>New Test Suite : TC_09</a>
</td>
</tr>
<tr class="tag-test-status" status="pass">
<td><span class="badge log pass-bg">Pass</span></td>
<td>14:48:42 PM</td>
<td>
<a href="#" class="linked" test-id='27' id='27'>New Test Suite : TC_09</a>
</td>
</tr>
<tr class="tag-test-status" status="pass">
<td><span class="badge log pass-bg">Pass</span></td>
<td>14:48:44 PM</td>
<td>
<a href="#" class="linked" test-id='28' id='28'>New Test Suite : TC_09</a>
</td>
</tr>
<tr class="tag-test-status" status="fail">
<td><span class="badge log fail-bg">Fail</span></td>
<td>14:48:47 PM</td>
<td>
<a href="#" class="linked" test-id='29' id='29'>New Test Suite : TC_10</a>
</td>
</tr>
<tr class="tag-test-status" status="fail">
<td><span class="badge log fail-bg">Fail</span></td>
<td>14:50:22 PM</td>
<td>
<a href="#" class="linked" test-id='30' id='30'>New Test Suite : TC_10</a>
</td>
</tr>
<tr class="tag-test-status" status="fail">
<td><span class="badge log fail-bg">Fail</span></td>
<td>14:51:57 PM</td>
<td>
<a href="#" class="linked" test-id='31' id='31'>New Test Suite : TC_10</a>
</td>
</tr>
<tr class="tag-test-status" status="fail">
<td><span class="badge log fail-bg">Fail</span></td>
<td>14:53:31 PM</td>
<td>
<a href="#" class="linked" test-id='32' id='32'>New Test Suite : TC_10</a>
</td>
</tr>
</tbody>
</table>
</div>
</li>
<li class="test-item">
<div class="test-detail">
<span class="meta">
<span class='badge log pass-bg'>24</span>
<span class='badge log badge-danger'>8</span>
</span>
<p class="name">PLATFORM:CHROME</p>
<p class="duration text-sm">32 tests</p>
</div>
<div class="test-contents d-none">
<div class="info">
<h4>PLATFORM:CHROME</h4>
<span status="pass" class='badge log pass-bg'>24 passed</span>
<span status="fail" class='badge log badge-danger'>8 failed</span>
</div>
<table class='table table-sm mt-4'>
<thead>
<tr>
<th class="status-col">Status</th>
<th class="timestamp-col">Timestamp</th>
<th>TestName</th>
</tr>
</thead>
<tbody>
<tr class="tag-test-status" status="pass">
<td><span class="badge log pass-bg">Pass</span></td>
<td>14:32:31 PM</td>
<td>
<a href="#" class="linked" test-id='1' id='1'>New Test Suite : TC_01</a>
</td>
</tr>
<tr class="tag-test-status" status="pass">
<td><span class="badge log pass-bg">Pass</span></td>
<td>14:34:00 PM</td>
<td>
<a href="#" class="linked" test-id='2' id='2'>New Test Suite : TC_02</a>
</td>
</tr>
<tr class="tag-test-status" status="pass">
<td><span class="badge log pass-bg">Pass</span></td>
<td>14:34:34 PM</td>
<td>
<a href="#" class="linked" test-id='3' id='3'>New Test Suite : TC_03</a>
</td>
</tr>
<tr class="tag-test-status" status="pass">
<td><span class="badge log pass-bg">Pass</span></td>
<td>14:35:17 PM</td>
<td>
<a href="#" class="linked" test-id='4' id='4'>New Test Suite : TC_04</a>
</td>
</tr>
<tr class="tag-test-status" status="pass">
<td><span class="badge log pass-bg">Pass</span></td>
<td>14:35:41 PM</td>
<td>
<a href="#" class="linked" test-id='5' id='5'>New Test Suite : TC_05</a>
</td>
</tr>
<tr class="tag-test-status" status="pass">
<td><span class="badge log pass-bg">Pass</span></td>
<td>14:35:59 PM</td>
<td>
<a href="#" class="linked" test-id='6' id='6'>New Test Suite : TC_06</a>
</td>
</tr>
<tr class="tag-test-status" status="pass">
<td><span class="badge log pass-bg">Pass</span></td>
<td>14:36:36 PM</td>
<td>
<a href="#" class="linked" test-id='7' id='7'>New Test Suite : TC_07</a>
</td>
</tr>
<tr class="tag-test-status" status="pass">
<td><span class="badge log pass-bg">Pass</span></td>
<td>14:36:54 PM</td>
<td>
<a href="#" class="linked" test-id='8' id='8'>New Test Suite : TC_08</a>
</td>
</tr>
<tr class="tag-test-status" status="pass">
<td><span class="badge log pass-bg">Pass</span></td>
<td>14:37:23 PM</td>
<td>
<a href="#" class="linked" test-id='9' id='9'>New Test Suite : TC_09</a>
</td>
</tr>
<tr class="tag-test-status" status="pass">
<td><span class="badge log pass-bg">Pass</span></td>
<td>14:37:26 PM</td>
<td>
<a href="#" class="linked" test-id='10' id='10'>New Test Suite : TC_09</a>
</td>
</tr>
<tr class="tag-test-status" status="pass">
<td><span class="badge log pass-bg">Pass</span></td>
<td>14:37:28 PM</td>
<td>
<a href="#" class="linked" test-id='11' id='11'>New Test Suite : TC_09</a>
</td>
</tr>
<tr class="tag-test-status" status="pass">
<td><span class="badge log pass-bg">Pass</span></td>
<td>14:37:30 PM</td>
<td>
<a href="#" class="linked" test-id='12' id='12'>New Test Suite : TC_09</a>
</td>
</tr>
<tr class="tag-test-status" status="fail">
<td><span class="badge log fail-bg">Fail</span></td>
<td>14:37:32 PM</td>
<td>
<a href="#" class="linked" test-id='13' id='13'>New Test Suite : TC_10</a>
</td>
</tr>
<tr class="tag-test-status" status="fail">
<td><span class="badge log fail-bg">Fail</span></td>
<td>14:39:13 PM</td>
<td>
<a href="#" class="linked" test-id='14' id='14'>New Test Suite : TC_10</a>
</td>
</tr>
<tr class="tag-test-status" status="fail">
<td><span class="badge log fail-bg">Fail</span></td>
<td>14:40:47 PM</td>
<td>
<a href="#" class="linked" test-id='15' id='15'>New Test Suite : TC_10</a>
</td>
</tr>
<tr class="tag-test-status" status="fail">
<td><span class="badge log fail-bg">Fail</span></td>
<td>14:42:22 PM</td>
<td>
<a href="#" class="linked" test-id='16' id='16'>New Test Suite : TC_10</a>
</td>
</tr>
<tr class="tag-test-status" status="pass">
<td><span class="badge log pass-bg">Pass</span></td>
<td>14:43:56 PM</td>
<td>
<a href="#" class="linked" test-id='17' id='17'>New Test Suite : TC_01</a>
</td>
</tr>
<tr class="tag-test-status" status="pass">
<td><span class="badge log pass-bg">Pass</span></td>
<td>14:45:18 PM</td>
<td>
<a href="#" class="linked" test-id='18' id='18'>New Test Suite : TC_02</a>
</td>
</tr>
<tr class="tag-test-status" status="pass">
<td><span class="badge log pass-bg">Pass</span></td>
<td>14:45:53 PM</td>
<td>
<a href="#" class="linked" test-id='19' id='19'>New Test Suite : TC_03</a>
</td>
</tr>
<tr class="tag-test-status" status="pass">
<td><span class="badge log pass-bg">Pass</span></td>
<td>14:46:28 PM</td>
<td>
<a href="#" class="linked" test-id='20' id='20'>New Test Suite : TC_04</a>
</td>
</tr>
<tr class="tag-test-status" status="pass">
<td><span class="badge log pass-bg">Pass</span></td>
<td>14:46:58 PM</td>
<td>
<a href="#" class="linked" test-id='21' id='21'>New Test Suite : TC_05</a>
</td>
</tr>
<tr class="tag-test-status" status="pass">
<td><span class="badge log pass-bg">Pass</span></td>
<td>14:47:20 PM</td>
<td>
<a href="#" class="linked" test-id='22' id='22'>New Test Suite : TC_06</a>
</td>
</tr>
<tr class="tag-test-status" status="pass">
<td><span class="badge log pass-bg">Pass</span></td>
<td>14:47:51 PM</td>
<td>
<a href="#" class="linked" test-id='23' id='23'>New Test Suite : TC_07</a>
</td>
</tr>
<tr class="tag-test-status" status="pass">
<td><span class="badge log pass-bg">Pass</span></td>
<td>14:48:11 PM</td>
<td>
<a href="#" class="linked" test-id='24' id='24'>New Test Suite : TC_08</a>
</td>
</tr>
<tr class="tag-test-status" status="pass">
<td><span class="badge log pass-bg">Pass</span></td>
<td>14:48:38 PM</td>
<td>
<a href="#" class="linked" test-id='25' id='25'>New Test Suite : TC_09</a>
</td>
</tr>
<tr class="tag-test-status" status="pass">
<td><span class="badge log pass-bg">Pass</span></td>
<td>14:48:40 PM</td>
<td>
<a href="#" class="linked" test-id='26' id='26'>New Test Suite : TC_09</a>
</td>
</tr>
<tr class="tag-test-status" status="pass">
<td><span class="badge log pass-bg">Pass</span></td>
<td>14:48:42 PM</td>
<td>
<a href="#" class="linked" test-id='27' id='27'>New Test Suite : TC_09</a>
</td>
</tr>
<tr class="tag-test-status" status="pass">
<td><span class="badge log pass-bg">Pass</span></td>
<td>14:48:44 PM</td>
<td>
<a href="#" class="linked" test-id='28' id='28'>New Test Suite : TC_09</a>
</td>
</tr>
<tr class="tag-test-status" status="fail">
<td><span class="badge log fail-bg">Fail</span></td>
<td>14:48:47 PM</td>
<td>
<a href="#" class="linked" test-id='29' id='29'>New Test Suite : TC_10</a>
</td>
</tr>
<tr class="tag-test-status" status="fail">
<td><span class="badge log fail-bg">Fail</span></td>
<td>14:50:22 PM</td>
<td>
<a href="#" class="linked" test-id='30' id='30'>New Test Suite : TC_10</a>
</td>
</tr>
<tr class="tag-test-status" status="fail">
<td><span class="badge log fail-bg">Fail</span></td>
<td>14:51:57 PM</td>
<td>
<a href="#" class="linked" test-id='31' id='31'>New Test Suite : TC_10</a>
</td>
</tr>
<tr class="tag-test-status" status="fail">
<td><span class="badge log fail-bg">Fail</span></td>
<td>14:53:31 PM</td>
<td>
<a href="#" class="linked" test-id='32' id='32'>New Test Suite : TC_10</a>
</td>
</tr>
</tbody>
</table>
</div>
</li>
<li class="test-item">
<div class="test-detail">
<span class="meta">
<span class='badge log pass-bg'>24</span>
<span class='badge log badge-danger'>8</span>
</span>
<p class="name">GROUP:</p>
<p class="duration text-sm">32 tests</p>
</div>
<div class="test-contents d-none">
<div class="info">
<h4>GROUP:</h4>
<span status="pass" class='badge log pass-bg'>24 passed</span>
<span status="fail" class='badge log badge-danger'>8 failed</span>
</div>
<table class='table table-sm mt-4'>
<thead>
<tr>
<th class="status-col">Status</th>
<th class="timestamp-col">Timestamp</th>
<th>TestName</th>
</tr>
</thead>
<tbody>
<tr class="tag-test-status" status="pass">
<td><span class="badge log pass-bg">Pass</span></td>
<td>14:32:31 PM</td>
<td>
<a href="#" class="linked" test-id='1' id='1'>New Test Suite : TC_01</a>
</td>
</tr>
<tr class="tag-test-status" status="pass">
<td><span class="badge log pass-bg">Pass</span></td>
<td>14:34:00 PM</td>
<td>
<a href="#" class="linked" test-id='2' id='2'>New Test Suite : TC_02</a>
</td>
</tr>
<tr class="tag-test-status" status="pass">
<td><span class="badge log pass-bg">Pass</span></td>
<td>14:34:34 PM</td>
<td>
<a href="#" class="linked" test-id='3' id='3'>New Test Suite : TC_03</a>
</td>
</tr>
<tr class="tag-test-status" status="pass">
<td><span class="badge log pass-bg">Pass</span></td>
<td>14:35:17 PM</td>
<td>
<a href="#" class="linked" test-id='4' id='4'>New Test Suite : TC_04</a>
</td>
</tr>
<tr class="tag-test-status" status="pass">
<td><span class="badge log pass-bg">Pass</span></td>
<td>14:35:41 PM</td>
<td>
<a href="#" class="linked" test-id='5' id='5'>New Test Suite : TC_05</a>
</td>
</tr>
<tr class="tag-test-status" status="pass">
<td><span class="badge log pass-bg">Pass</span></td>
<td>14:35:59 PM</td>
<td>
<a href="#" class="linked" test-id='6' id='6'>New Test Suite : TC_06</a>
</td>
</tr>
<tr class="tag-test-status" status="pass">
<td><span class="badge log pass-bg">Pass</span></td>
<td>14:36:36 PM</td>
<td>
<a href="#" class="linked" test-id='7' id='7'>New Test Suite : TC_07</a>
</td>
</tr>
<tr class="tag-test-status" status="pass">
<td><span class="badge log pass-bg">Pass</span></td>
<td>14:36:54 PM</td>
<td>
<a href="#" class="linked" test-id='8' id='8'>New Test Suite : TC_08</a>
</td>
</tr>
<tr class="tag-test-status" status="pass">
<td><span class="badge log pass-bg">Pass</span></td>
<td>14:37:23 PM</td>
<td>
<a href="#" class="linked" test-id='9' id='9'>New Test Suite : TC_09</a>
</td>
</tr>
<tr class="tag-test-status" status="pass">
<td><span class="badge log pass-bg">Pass</span></td>
<td>14:37:26 PM</td>
<td>
<a href="#" class="linked" test-id='10' id='10'>New Test Suite : TC_09</a>
</td>
</tr>
<tr class="tag-test-status" status="pass">
<td><span class="badge log pass-bg">Pass</span></td>
<td>14:37:28 PM</td>
<td>
<a href="#" class="linked" test-id='11' id='11'>New Test Suite : TC_09</a>
</td>
</tr>
<tr class="tag-test-status" status="pass">
<td><span class="badge log pass-bg">Pass</span></td>
<td>14:37:30 PM</td>
<td>
<a href="#" class="linked" test-id='12' id='12'>New Test Suite : TC_09</a>
</td>
</tr>
<tr class="tag-test-status" status="fail">
<td><span class="badge log fail-bg">Fail</span></td>
<td>14:37:32 PM</td>
<td>
<a href="#" class="linked" test-id='13' id='13'>New Test Suite : TC_10</a>
</td>
</tr>
<tr class="tag-test-status" status="fail">
<td><span class="badge log fail-bg">Fail</span></td>
<td>14:39:13 PM</td>
<td>
<a href="#" class="linked" test-id='14' id='14'>New Test Suite : TC_10</a>
</td>
</tr>
<tr class="tag-test-status" status="fail">
<td><span class="badge log fail-bg">Fail</span></td>
<td>14:40:47 PM</td>
<td>
<a href="#" class="linked" test-id='15' id='15'>New Test Suite : TC_10</a>
</td>
</tr>
<tr class="tag-test-status" status="fail">
<td><span class="badge log fail-bg">Fail</span></td>
<td>14:42:22 PM</td>
<td>
<a href="#" class="linked" test-id='16' id='16'>New Test Suite : TC_10</a>
</td>
</tr>
<tr class="tag-test-status" status="pass">
<td><span class="badge log pass-bg">Pass</span></td>
<td>14:43:56 PM</td>
<td>
<a href="#" class="linked" test-id='17' id='17'>New Test Suite : TC_01</a>
</td>
</tr>
<tr class="tag-test-status" status="pass">
<td><span class="badge log pass-bg">Pass</span></td>
<td>14:45:18 PM</td>
<td>
<a href="#" class="linked" test-id='18' id='18'>New Test Suite : TC_02</a>
</td>
</tr>
<tr class="tag-test-status" status="pass">
<td><span class="badge log pass-bg">Pass</span></td>
<td>14:45:53 PM</td>
<td>
<a href="#" class="linked" test-id='19' id='19'>New Test Suite : TC_03</a>
</td>
</tr>
<tr class="tag-test-status" status="pass">
<td><span class="badge log pass-bg">Pass</span></td>
<td>14:46:28 PM</td>
<td>
<a href="#" class="linked" test-id='20' id='20'>New Test Suite : TC_04</a>
</td>
</tr>
<tr class="tag-test-status" status="pass">
<td><span class="badge log pass-bg">Pass</span></td>
<td>14:46:58 PM</td>
<td>
<a href="#" class="linked" test-id='21' id='21'>New Test Suite : TC_05</a>
</td>
</tr>
<tr class="tag-test-status" status="pass">
<td><span class="badge log pass-bg">Pass</span></td>
<td>14:47:20 PM</td>
<td>
<a href="#" class="linked" test-id='22' id='22'>New Test Suite : TC_06</a>
</td>
</tr>
<tr class="tag-test-status" status="pass">
<td><span class="badge log pass-bg">Pass</span></td>
<td>14:47:51 PM</td>
<td>
<a href="#" class="linked" test-id='23' id='23'>New Test Suite : TC_07</a>
</td>
</tr>
<tr class="tag-test-status" status="pass">
<td><span class="badge log pass-bg">Pass</span></td>
<td>14:48:11 PM</td>
<td>
<a href="#" class="linked" test-id='24' id='24'>New Test Suite : TC_08</a>
</td>
</tr>
<tr class="tag-test-status" status="pass">
<td><span class="badge log pass-bg">Pass</span></td>
<td>14:48:38 PM</td>
<td>
<a href="#" class="linked" test-id='25' id='25'>New Test Suite : TC_09</a>
</td>
</tr>
<tr class="tag-test-status" status="pass">
<td><span class="badge log pass-bg">Pass</span></td>
<td>14:48:40 PM</td>
<td>
<a href="#" class="linked" test-id='26' id='26'>New Test Suite : TC_09</a>
</td>
</tr>
<tr class="tag-test-status" status="pass">
<td><span class="badge log pass-bg">Pass</span></td>
<td>14:48:42 PM</td>
<td>
<a href="#" class="linked" test-id='27' id='27'>New Test Suite : TC_09</a>
</td>
</tr>
<tr class="tag-test-status" status="pass">
<td><span class="badge log pass-bg">Pass</span></td>
<td>14:48:44 PM</td>
<td>
<a href="#" class="linked" test-id='28' id='28'>New Test Suite : TC_09</a>
</td>
</tr>
<tr class="tag-test-status" status="fail">
<td><span class="badge log fail-bg">Fail</span></td>
<td>14:48:47 PM</td>
<td>
<a href="#" class="linked" test-id='29' id='29'>New Test Suite : TC_10</a>
</td>
</tr>
<tr class="tag-test-status" status="fail">
<td><span class="badge log fail-bg">Fail</span></td>
<td>14:50:22 PM</td>
<td>
<a href="#" class="linked" test-id='30' id='30'>New Test Suite : TC_10</a>
</td>
</tr>
<tr class="tag-test-status" status="fail">
<td><span class="badge log fail-bg">Fail</span></td>
<td>14:51:57 PM</td>
<td>
<a href="#" class="linked" test-id='31' id='31'>New Test Suite : TC_10</a>
</td>
</tr>
<tr class="tag-test-status" status="fail">
<td><span class="badge log fail-bg">Fail</span></td>
<td>14:53:31 PM</td>
<td>
<a href="#" class="linked" test-id='32' id='32'>New Test Suite : TC_10</a>
</td>
</tr>
</tbody>
</table>
</div>
</li>
</ul>
</div>
</div>
<div class="test-content scrollable">
<div class="test-content-detail">
<div class="detail-body"></div>
</div>
</div>
</div><div class="test-wrapper row view author-view attributes-view">
<div class="test-list">
<div class="test-list-tools">
<ul class="tools pull-left"><li><a href=""><span class="font-size-14">Author</span></a></li></ul>
<ul class="tools text-right"><li><a href="#"><span class="badge badge-primary">1</span></a></li></ul>
</div>
<div class="test-list-wrapper scrollable">
<ul class="test-list-item">
<li class="test-item">
<div class="test-detail">
<span class="meta">
<span class='badge log pass-bg'>24</span>
<span class='badge log badge-danger'>8</span>
</span>
<p class="name">HOST:AXKOKARE-HOST.DOCKER.INTERNAL</p>
<p class="duration text-sm">32 tests</p>
</div>
<div class="test-contents d-none">
<div class="info">
<h4>HOST:AXKOKARE-HOST.DOCKER.INTERNAL</h4>
<span status="pass" class='badge log pass-bg'>24 passed</span>
<span status="fail" class='badge log badge-danger'>8 failed</span>
</div>
<table class='table table-sm mt-4'>
<thead>
<tr>
<th class="status-col">Status</th>
<th class="timestamp-col">Timestamp</th>
<th>TestName</th>
</tr>
</thead>
<tbody>
<tr class="tag-test-status" status="pass">
<td><span class="badge log pass-bg">Pass</span></td>
<td>14:32:31 PM</td>
<td>
<a href="#" class="linked" test-id='1' id='1'>New Test Suite : TC_01</a>
</td>
</tr>
<tr class="tag-test-status" status="pass">
<td><span class="badge log pass-bg">Pass</span></td>
<td>14:34:00 PM</td>
<td>
<a href="#" class="linked" test-id='2' id='2'>New Test Suite : TC_02</a>
</td>
</tr>
<tr class="tag-test-status" status="pass">
<td><span class="badge log pass-bg">Pass</span></td>
<td>14:34:34 PM</td>
<td>
<a href="#" class="linked" test-id='3' id='3'>New Test Suite : TC_03</a>
</td>
</tr>
<tr class="tag-test-status" status="pass">
<td><span class="badge log pass-bg">Pass</span></td>
<td>14:35:17 PM</td>
<td>
<a href="#" class="linked" test-id='4' id='4'>New Test Suite : TC_04</a>
</td>
</tr>
<tr class="tag-test-status" status="pass">
<td><span class="badge log pass-bg">Pass</span></td>
<td>14:35:41 PM</td>
<td>
<a href="#" class="linked" test-id='5' id='5'>New Test Suite : TC_05</a>
</td>
</tr>
<tr class="tag-test-status" status="pass">
<td><span class="badge log pass-bg">Pass</span></td>
<td>14:35:59 PM</td>
<td>
<a href="#" class="linked" test-id='6' id='6'>New Test Suite : TC_06</a>
</td>
</tr>
<tr class="tag-test-status" status="pass">
<td><span class="badge log pass-bg">Pass</span></td>
<td>14:36:36 PM</td>
<td>
<a href="#" class="linked" test-id='7' id='7'>New Test Suite : TC_07</a>
</td>
</tr>
<tr class="tag-test-status" status="pass">
<td><span class="badge log pass-bg">Pass</span></td>
<td>14:36:54 PM</td>
<td>
<a href="#" class="linked" test-id='8' id='8'>New Test Suite : TC_08</a>
</td>
</tr>
<tr class="tag-test-status" status="pass">
<td><span class="badge log pass-bg">Pass</span></td>
<td>14:37:23 PM</td>
<td>
<a href="#" class="linked" test-id='9' id='9'>New Test Suite : TC_09</a>
</td>
</tr>
<tr class="tag-test-status" status="pass">
<td><span class="badge log pass-bg">Pass</span></td>
<td>14:37:26 PM</td>
<td>
<a href="#" class="linked" test-id='10' id='10'>New Test Suite : TC_09</a>
</td>
</tr>
<tr class="tag-test-status" status="pass">
<td><span class="badge log pass-bg">Pass</span></td>
<td>14:37:28 PM</td>
<td>
<a href="#" class="linked" test-id='11' id='11'>New Test Suite : TC_09</a>
</td>
</tr>
<tr class="tag-test-status" status="pass">
<td><span class="badge log pass-bg">Pass</span></td>
<td>14:37:30 PM</td>
<td>
<a href="#" class="linked" test-id='12' id='12'>New Test Suite : TC_09</a>
</td>
</tr>
<tr class="tag-test-status" status="fail">
<td><span class="badge log fail-bg">Fail</span></td>
<td>14:37:32 PM</td>
<td>
<a href="#" class="linked" test-id='13' id='13'>New Test Suite : TC_10</a>
</td>
</tr>
<tr class="tag-test-status" status="fail">
<td><span class="badge log fail-bg">Fail</span></td>
<td>14:39:13 PM</td>
<td>
<a href="#" class="linked" test-id='14' id='14'>New Test Suite : TC_10</a>
</td>
</tr>
<tr class="tag-test-status" status="fail">
<td><span class="badge log fail-bg">Fail</span></td>
<td>14:40:47 PM</td>
<td>
<a href="#" class="linked" test-id='15' id='15'>New Test Suite : TC_10</a>
</td>
</tr>
<tr class="tag-test-status" status="fail">
<td><span class="badge log fail-bg">Fail</span></td>
<td>14:42:22 PM</td>
<td>
<a href="#" class="linked" test-id='16' id='16'>New Test Suite : TC_10</a>
</td>
</tr>
<tr class="tag-test-status" status="pass">
<td><span class="badge log pass-bg">Pass</span></td>
<td>14:43:56 PM</td>
<td>
<a href="#" class="linked" test-id='17' id='17'>New Test Suite : TC_01</a>
</td>
</tr>
<tr class="tag-test-status" status="pass">
<td><span class="badge log pass-bg">Pass</span></td>
<td>14:45:18 PM</td>
<td>
<a href="#" class="linked" test-id='18' id='18'>New Test Suite : TC_02</a>
</td>
</tr>
<tr class="tag-test-status" status="pass">
<td><span class="badge log pass-bg">Pass</span></td>
<td>14:45:53 PM</td>
<td>
<a href="#" class="linked" test-id='19' id='19'>New Test Suite : TC_03</a>
</td>
</tr>
<tr class="tag-test-status" status="pass">
<td><span class="badge log pass-bg">Pass</span></td>
<td>14:46:28 PM</td>
<td>
<a href="#" class="linked" test-id='20' id='20'>New Test Suite : TC_04</a>
</td>
</tr>
<tr class="tag-test-status" status="pass">
<td><span class="badge log pass-bg">Pass</span></td>
<td>14:46:58 PM</td>
<td>
<a href="#" class="linked" test-id='21' id='21'>New Test Suite : TC_05</a>
</td>
</tr>
<tr class="tag-test-status" status="pass">
<td><span class="badge log pass-bg">Pass</span></td>
<td>14:47:20 PM</td>
<td>
<a href="#" class="linked" test-id='22' id='22'>New Test Suite : TC_06</a>
</td>
</tr>
<tr class="tag-test-status" status="pass">
<td><span class="badge log pass-bg">Pass</span></td>
<td>14:47:51 PM</td>
<td>
<a href="#" class="linked" test-id='23' id='23'>New Test Suite : TC_07</a>
</td>
</tr>
<tr class="tag-test-status" status="pass">
<td><span class="badge log pass-bg">Pass</span></td>
<td>14:48:11 PM</td>
<td>
<a href="#" class="linked" test-id='24' id='24'>New Test Suite : TC_08</a>
</td>
</tr>
<tr class="tag-test-status" status="pass">
<td><span class="badge log pass-bg">Pass</span></td>
<td>14:48:38 PM</td>
<td>
<a href="#" class="linked" test-id='25' id='25'>New Test Suite : TC_09</a>
</td>
</tr>
<tr class="tag-test-status" status="pass">
<td><span class="badge log pass-bg">Pass</span></td>
<td>14:48:40 PM</td>
<td>
<a href="#" class="linked" test-id='26' id='26'>New Test Suite : TC_09</a>
</td>
</tr>
<tr class="tag-test-status" status="pass">
<td><span class="badge log pass-bg">Pass</span></td>
<td>14:48:42 PM</td>
<td>
<a href="#" class="linked" test-id='27' id='27'>New Test Suite : TC_09</a>
</td>
</tr>
<tr class="tag-test-status" status="pass">
<td><span class="badge log pass-bg">Pass</span></td>
<td>14:48:44 PM</td>
<td>
<a href="#" class="linked" test-id='28' id='28'>New Test Suite : TC_09</a>
</td>
</tr>
<tr class="tag-test-status" status="fail">
<td><span class="badge log fail-bg">Fail</span></td>
<td>14:48:47 PM</td>
<td>
<a href="#" class="linked" test-id='29' id='29'>New Test Suite : TC_10</a>
</td>
</tr>
<tr class="tag-test-status" status="fail">
<td><span class="badge log fail-bg">Fail</span></td>
<td>14:50:22 PM</td>
<td>
<a href="#" class="linked" test-id='30' id='30'>New Test Suite : TC_10</a>
</td>
</tr>
<tr class="tag-test-status" status="fail">
<td><span class="badge log fail-bg">Fail</span></td>
<td>14:51:57 PM</td>
<td>
<a href="#" class="linked" test-id='31' id='31'>New Test Suite : TC_10</a>
</td>
</tr>
<tr class="tag-test-status" status="fail">
<td><span class="badge log fail-bg">Fail</span></td>
<td>14:53:31 PM</td>
<td>
<a href="#" class="linked" test-id='32' id='32'>New Test Suite : TC_10</a>
</td>
</tr>
</tbody>
</table>
</div>
</li>
</ul>
</div>
</div>
<div class="test-content scrollable">
<div class="test-content-detail">
<div class="detail-body"></div>
</div>
</div>
</div><div class="container-fluid p-4 view dashboard-view">
<div class="row">
<div class="col-md-3">
<div class="card"><div class="card-body">
<p class="m-b-0">Started</p>
<h3>Thursday, June 26, 2025, 02:32 PM (IST)</h3>
</div></div>
</div>
<div class="col-md-3">
<div class="card"><div class="card-body">
<p class="m-b-0">Ended</p>
<h3>Thursday, June 26, 2025, 02:55 PM (IST)</h3>
</div></div>
</div>
<div class="col-md-3">
<div class="card"><div class="card-body">
<p class="m-b-0 text-pass">Tests Passed</p>
<h3>24</h3>
</div></div>
</div>
<div class="col-md-3">
<div class="card"><div class="card-body">
<p class="m-b-0 text-fail">Tests Failed</p>
<h3>8</h3>
</div></div>
</div>
</div>
<div class="row">
<div class="col-md-6">
<div class="card">
<div class="card-header">
<h6 class="card-title">Tests</h6>
</div>
<div class="card-body">
<div class="">
<canvas id='parent-analysis' width='115' height='90'></canvas>
</div>
</div>
<div class="card-footer">
<div><small data-tooltip='75%'>
<b>24</b> tests passed
</small>
</div>
<div>
<small data-tooltip='25%'><b>8</b> tests failed,
<b>0</b> skipped, <b data-tooltip='0%'>0</b> others
</small>
</div>
</div>
</div>
</div>
<div class="col-md-6">
<div class="card">
<div class="card-header">
<h6 class="card-title">Log events</h6>
</div>
<div class="card-body">
<div class="">
<canvas id='events-analysis' width='115' height='90'></canvas>
</div>
</div>
<div class="card-footer">
<div><small data-tooltip='0%'><b>0</b> events passed</small></div>
<div>
<small data-tooltip='100%'><b>16</b> events failed,
<b data-tooltip='%'>0</b> others
</small>
</div>
</div>
</div>
</div>
</div>
<div class="row"><div class="col-md-12">
<div class="card"><div class="card-header"><p>Timeline</p></div>
<div class="card-body pt-0"><div>
<canvas id="timeline" height="120"></canvas>
</div></div>
</div>
</div></div>
<script>
var timeline = {
"New Test Suite : TC_01":0,"New Test Suite : TC_02":0,"New Test Suite : TC_03":0,"New Test Suite : TC_04":0,"New Test Suite : TC_05":0,"New Test Suite : TC_06":0,"New Test Suite : TC_07":0,"New Test Suite : TC_08":0,"New Test Suite : TC_09":0,"New Test Suite : TC_09":0,"New Test Suite : TC_09":0,"New Test Suite : TC_09":0,"New Test Suite : TC_10":98.888,"New Test Suite : TC_10":92.152,"New Test Suite : TC_10":92.156,"New Test Suite : TC_10":92.229,"New Test Suite : TC_01":0,"New Test Suite : TC_02":0,"New Test Suite : TC_03":0,"New Test Suite : TC_04":0,"New Test Suite : TC_05":0,"New Test Suite : TC_06":0,"New Test Suite : TC_07":0,"New Test Suite : TC_08":0,"New Test Suite : TC_09":0,"New Test Suite : TC_09":0,"New Test Suite : TC_09":0,"New Test Suite : TC_09":0,"New Test Suite : TC_10":92.995,"New Test Suite : TC_10":93.334,"New Test Suite : TC_10":91.776,"New Test Suite : TC_10":97.697
};
</script>
<div class="row">
<div class="col-lg-6 col-md-12 author-container">
<div class="card">
<div class="card-header"><p>Author</p></div>
<div class="card-body pb-0 pt-0"><table class="table table-sm table-bordered">
<thead><tr class="bg-gray"><th>Name</th><th>Passed</th><th>Failed</th><th>Skipped</th><th>Others</th><th>Passed %</th></tr></thead>
<tbody>
<tr>
<td>HOST:AXKOKARE-HOST.DOCKER.INTERNAL</td>
<td>24</td>
<td>8</td>
<td>0</td>
<td>0</td>
<td>75%</td>
</tr>
</tbody>
</table></div>
</div>
</div>
<div class="col-lg-6 col-md-12 category-container">
<div class="card">
<div class="card-header"><p>Tags</p></div>
<div class="card-body pb-0 pt-0"><table class="table table-sm table-bordered">
<thead><tr class="bg-gray"><th>Name</th><th>Passed</th><th>Failed</th><th>Skipped</th><th>Others</th><th>Passed %</th></tr></thead><tbody>
<tr>
<td>PROFILE:DEFAULT</td>
<td>24</td>
<td>8</td>
<td>0</td>
<td>0</td>
<td>75%</td>
</tr>
<tr>
<td>PLATFORM:CHROME</td>
<td>24</td>
<td>8</td>
<td>0</td>
<td>0</td>
<td>75%</td>
</tr>
<tr>
<td>GROUP:</td>
<td>24</td>
<td>8</td>
<td>0</td>
<td>0</td>
<td>75%</td>
</tr>
</tbody>
</table></div>
</div>
</div>
<div class="col-lg-6 col-md-12 sysenv-container">
<div class="card">
<div class="card-header"><p>System/Environment</p></div>
<div class="card-body pb-0 pt-0"><table class="table table-sm table-bordered">
<thead><tr class="bg-gray"><th>Name</th><th>Value</th></tr></thead>
<tbody>
<tr>
<td>Operating System: </td>
<td>Windows 11</td>
</tr>
<tr>
<td>Java Version: </td>
<td>17.0.14</td>
</tr>
<tr>
<td>Host Address: </td>
<td>172.19.0.86</td>
</tr>
<tr>
<td>Host Name: </td>
<td>AXKokare - host.docker.internal</td>
</tr>
</tbody>
</table></div>
</div>
</div>
</div>
</div>
<script>
var statusGroup = {
parentCount: 5,
passParent: 24,
failParent: 8,
warningParent: 0,
skipParent: 0,
childCount: 5,
passChild: 0,
failChild: 0,
warningChild: 0,
skipChild: 0,
infoChild: 0,
grandChildCount: 5,
passGrandChild: 0,
failGrandChild: 0,
warningGrandChild: 0,
skipGrandChild: 0,
infoGrandChild: 0,
eventsCount: 5,
passEvents: 0,
failEvents: 16,
warningEvents: 0,
skipEvents: 0,
infoEvents: 0
};
</script>        </div>
      </div>
    </div>
  </div>
<script src="https://cdn.jsdelivr.net/gh/extent-framework/extent-github-cdn@ce8b10435bcbae260c334c0d0c6b61d2c19b6168/spark/js/spark-script.js"></script>
<script type="text/javascript"></script></body>
</html>