

<!DOCTYPE html>
<html>
<head>
<meta charset="UTF-8">
<meta name="viewport" content="width=device-width, initial-scale=1, shrink-to-fit=no">
<title>Extent Report</title>
<link rel="apple-touch-icon" href="https://cdn.jsdelivr.net/gh/extent-framework/extent-github-cdn@b00a2d0486596e73dd7326beacf352c639623a0e/commons/img/logo.png">
<link rel="shortcut icon" href="https://cdn.jsdelivr.net/gh/extent-framework/extent-github-cdn@b00a2d0486596e73dd7326beacf352c639623a0e/commons/img/logo.png">
<link href="https://cdn.jsdelivr.net/gh/extent-framework/extent-github-cdn@ce8b10435bcbae260c334c0d0c6b61d2c19b6168/spark/css/spark-style.css" rel="stylesheet" />
<link href="https://stackpath.bootstrapcdn.com/font-awesome/4.7.0/css/font-awesome.min.css" rel="stylesheet">
<script src="https://cdn.jsdelivr.net/gh/extent-framework/extent-github-cdn@7cc78ce/spark/js/jsontree.js"></script>
<style type="text/css"></style></head><body class="spa -report standard">
  <div class="app">
    <div class="layout">
<div class="header navbar">
<div class="vheader">
<div class="nav-logo">
<a href="#">
<div class="logo" style="background-image: url('https://cdn.jsdelivr.net/gh/extent-framework/extent-github-cdn@b00a2d0486596e73dd7326beacf352c639623a0e/commons/img/logo.png')"></div>
</a>
</div>
<ul class="nav-left">
<li class="search-box">
<a class="search-toggle" href="#">
<i class="search-icon fa fa-search"></i>
<i class="search-icon-close fa fa-close"></i>
</a>
</li>
<li class="search-input"><input id="search-tests" class="form-control" type="text" placeholder="Search..."></li>
</ul>
<ul class="nav-right">
<li class="m-r-10">
<a href="#"><span class="badge badge-primary">Detailed Report</span></a>
</li>
<li class="m-r-10">
<a href="#"><span class="badge badge-primary">Tuesday, July 01, 2025, 03:02 PM (IST)</span></a>
</li>
</ul>
</div>
</div><div class="side-nav">
<div class="side-nav-inner">
<ul class="side-nav-menu">
<li class="nav-item dropdown" onclick="toggleView('test-view')">
<a id="nav-test" class="dropdown-toggle" href="#">
<span class="ico"><i class="fa fa-list"></i></span>
</a>
</li>
<li class="nav-item dropdown" onclick="toggleView('category-view')">
<a id="nav-category" class="dropdown-toggle" href="#">
<span class="ico"><i class="fa fa-tag"></i></span>
</a>
</li>
<li class="nav-item dropdown" onclick="toggleView('author-view')">
<a id="nav-author" class="dropdown-toggle" href="#">
<span class="ico"><i class="fa fa-user"></i></span>
</a>
</li>
<li class="nav-item dropdown" onclick="toggleView('dashboard-view')">
<a id="nav-dashboard" class="dropdown-toggle" href="#">
<span class="ico"><i class="fa fa-bar-chart"></i></span>
</a>
</li>
</ul>
</div>
</div>      <div class="vcontainer">
        <div class="main-content">
<div class="test-wrapper row view test-view">
  <div class="test-list">
    <div class="test-list-tools">
<ul class="tools pull-left">
<li><a href="#"><span class="font-size-14">Tests</span></a></li>
</ul>
<ul class="tools text-right">
<li class="dropdown">
<a href="#" class="dropdown-toggle" data-toggle="dropdown"><i class="fa fa-exclamation-circle"></i></a>
<ul id="status-toggle" class="dropdown-menu dropdown-md p-v-0">
<a class="dropdown-item" status="pass" href="#"><span>Pass</span><span class="status success"></span></a>
<a class="dropdown-item" status="fail" href="#"><span>Fail</span><span class="status danger"></span></a>
<div class="dropdown-divider"></div>
<a status="clear" class="dropdown-item" href="#"><span>Clear</span><span class="pull-right"><i class="fa fa-close"></i></span></a>
</ul>
</li>
<li class="dropdown">
<a href="#" class="dropdown-toggle" data-toggle="dropdown"><i class="fa fa-user"></i></a>
<ul id="author-toggle" class="dropdown-menu dropdown-md p-v-0">
<a class="dropdown-item" href="#">HOST:AXKOKARE-HOST.DOCKER.INTERNAL</a>
</ul>
</li>
<li class="dropdown">
<a href="#" class="dropdown-toggle" data-toggle="dropdown"><i class="fa fa-tag"></i></a>
<ul id="tag-toggle" class="dropdown-menu dropdown-md p-v-0">
<a class="dropdown-item" href="#">PROFILE:DEFAULT</a><a class="dropdown-item" href="#">PLATFORM:CHROME</a><a class="dropdown-item" href="#">GROUP:</a>
</ul>
</li>
</ul>
</div>    <div class="test-list-wrapper scrollable">
      <ul class="test-list-item">
        <li class="test-item"  status="pass" test-id="1"
          author="HOST:AXKOKARE-HOST.DOCKER.INTERNAL"
          tag="PLATFORM:CHROME PROFILE:DEFAULT GROUP:"
          device="">
          <div class="test-detail">
            <p class="name">TestSuite_1 : TC_01</p>
            <p class="text-sm">
              <span>3:02:31 PM</span> / <span>00:00:00:000</span>
              <span class="badge pass-bg log float-right">Pass</span>
            </p>
          </div>
          <div class="test-contents d-none">
<div class="detail-head">
<div class="p-v-10">
<div class="info">
<h5 class="test-status text-pass">TestSuite_1 : TC_01</h5>
<span class='badge badge-success'>07.01.2025 3:02:31 PM</span>
<span class='badge badge-danger'>07.01.2025 3:02:31 PM</span>
<span class='badge badge-default'>00:00:00:000</span>
&middot; <span class='uri-anchor badge badge-default'>#test-id=1</span>
<span title='Skip to the next failed step' class='badge badge-danger pointer float-right ne ml-1'><i class="fa fa-fast-forward"></i></span>
<span title='Collapse all nodes' class='badge badge-default pointer float-right ct ml-1'><i class="fa fa-compress"></i></span>
<span title='Expand all nodes' class='badge badge-default pointer float-right et'><i class="fa fa-expand"></i></span>
</div>
<div class="m-t-15"><span class="badge badge-pill badge-default">HOST:AXKOKARE-HOST.DOCKER.INTERNAL</span>
<span class="badge badge-pill badge-default">PLATFORM:CHROME</span>
<span class="badge badge-pill badge-default">PROFILE:DEFAULT</span>
<span class="badge badge-pill badge-default">GROUP:</span></div>
<div class="m-t-10 m-l-5">Test Execution: Test Cases/AutomationExercise/TC_01</div>
</div>
</div>          </div>
        </li>
        <li class="test-item"  status="pass" test-id="2"
          author="HOST:AXKOKARE-HOST.DOCKER.INTERNAL"
          tag="PLATFORM:CHROME PROFILE:DEFAULT GROUP:"
          device="">
          <div class="test-detail">
            <p class="name">TestSuite_1 : TC_02</p>
            <p class="text-sm">
              <span>3:03:27 PM</span> / <span>00:00:00:000</span>
              <span class="badge pass-bg log float-right">Pass</span>
            </p>
          </div>
          <div class="test-contents d-none">
<div class="detail-head">
<div class="p-v-10">
<div class="info">
<h5 class="test-status text-pass">TestSuite_1 : TC_02</h5>
<span class='badge badge-success'>07.01.2025 3:03:27 PM</span>
<span class='badge badge-danger'>07.01.2025 3:03:27 PM</span>
<span class='badge badge-default'>00:00:00:000</span>
&middot; <span class='uri-anchor badge badge-default'>#test-id=2</span>
<span title='Skip to the next failed step' class='badge badge-danger pointer float-right ne ml-1'><i class="fa fa-fast-forward"></i></span>
<span title='Collapse all nodes' class='badge badge-default pointer float-right ct ml-1'><i class="fa fa-compress"></i></span>
<span title='Expand all nodes' class='badge badge-default pointer float-right et'><i class="fa fa-expand"></i></span>
</div>
<div class="m-t-15"><span class="badge badge-pill badge-default">HOST:AXKOKARE-HOST.DOCKER.INTERNAL</span>
<span class="badge badge-pill badge-default">PLATFORM:CHROME</span>
<span class="badge badge-pill badge-default">PROFILE:DEFAULT</span>
<span class="badge badge-pill badge-default">GROUP:</span></div>
<div class="m-t-10 m-l-5">Test Execution: Test Cases/AutomationExercise/TC_02</div>
</div>
</div>          </div>
        </li>
        <li class="test-item"  status="pass" test-id="3"
          author="HOST:AXKOKARE-HOST.DOCKER.INTERNAL"
          tag="PLATFORM:CHROME PROFILE:DEFAULT GROUP:"
          device="">
          <div class="test-detail">
            <p class="name">TestSuite_1 : TC_03</p>
            <p class="text-sm">
              <span>3:03:52 PM</span> / <span>00:00:00:000</span>
              <span class="badge pass-bg log float-right">Pass</span>
            </p>
          </div>
          <div class="test-contents d-none">
<div class="detail-head">
<div class="p-v-10">
<div class="info">
<h5 class="test-status text-pass">TestSuite_1 : TC_03</h5>
<span class='badge badge-success'>07.01.2025 3:03:52 PM</span>
<span class='badge badge-danger'>07.01.2025 3:03:52 PM</span>
<span class='badge badge-default'>00:00:00:000</span>
&middot; <span class='uri-anchor badge badge-default'>#test-id=3</span>
<span title='Skip to the next failed step' class='badge badge-danger pointer float-right ne ml-1'><i class="fa fa-fast-forward"></i></span>
<span title='Collapse all nodes' class='badge badge-default pointer float-right ct ml-1'><i class="fa fa-compress"></i></span>
<span title='Expand all nodes' class='badge badge-default pointer float-right et'><i class="fa fa-expand"></i></span>
</div>
<div class="m-t-15"><span class="badge badge-pill badge-default">HOST:AXKOKARE-HOST.DOCKER.INTERNAL</span>
<span class="badge badge-pill badge-default">PLATFORM:CHROME</span>
<span class="badge badge-pill badge-default">PROFILE:DEFAULT</span>
<span class="badge badge-pill badge-default">GROUP:</span></div>
<div class="m-t-10 m-l-5">Test Execution: Test Cases/AutomationExercise/TC_03</div>
</div>
</div>          </div>
        </li>
        <li class="test-item"  status="pass" test-id="4"
          author="HOST:AXKOKARE-HOST.DOCKER.INTERNAL"
          tag="PLATFORM:CHROME PROFILE:DEFAULT GROUP:"
          device="">
          <div class="test-detail">
            <p class="name">TestSuite_1 : TC_04</p>
            <p class="text-sm">
              <span>3:04:18 PM</span> / <span>00:00:00:000</span>
              <span class="badge pass-bg log float-right">Pass</span>
            </p>
          </div>
          <div class="test-contents d-none">
<div class="detail-head">
<div class="p-v-10">
<div class="info">
<h5 class="test-status text-pass">TestSuite_1 : TC_04</h5>
<span class='badge badge-success'>07.01.2025 3:04:18 PM</span>
<span class='badge badge-danger'>07.01.2025 3:04:18 PM</span>
<span class='badge badge-default'>00:00:00:000</span>
&middot; <span class='uri-anchor badge badge-default'>#test-id=4</span>
<span title='Skip to the next failed step' class='badge badge-danger pointer float-right ne ml-1'><i class="fa fa-fast-forward"></i></span>
<span title='Collapse all nodes' class='badge badge-default pointer float-right ct ml-1'><i class="fa fa-compress"></i></span>
<span title='Expand all nodes' class='badge badge-default pointer float-right et'><i class="fa fa-expand"></i></span>
</div>
<div class="m-t-15"><span class="badge badge-pill badge-default">HOST:AXKOKARE-HOST.DOCKER.INTERNAL</span>
<span class="badge badge-pill badge-default">PLATFORM:CHROME</span>
<span class="badge badge-pill badge-default">PROFILE:DEFAULT</span>
<span class="badge badge-pill badge-default">GROUP:</span></div>
<div class="m-t-10 m-l-5">Test Execution: Test Cases/AutomationExercise/TC_04</div>
</div>
</div>          </div>
        </li>
        <li class="test-item"  status="pass" test-id="5"
          author="HOST:AXKOKARE-HOST.DOCKER.INTERNAL"
          tag="PLATFORM:CHROME PROFILE:DEFAULT GROUP:"
          device="">
          <div class="test-detail">
            <p class="name">TestSuite_1 : TC_05</p>
            <p class="text-sm">
              <span>3:04:42 PM</span> / <span>00:00:00:000</span>
              <span class="badge pass-bg log float-right">Pass</span>
            </p>
          </div>
          <div class="test-contents d-none">
<div class="detail-head">
<div class="p-v-10">
<div class="info">
<h5 class="test-status text-pass">TestSuite_1 : TC_05</h5>
<span class='badge badge-success'>07.01.2025 3:04:42 PM</span>
<span class='badge badge-danger'>07.01.2025 3:04:42 PM</span>
<span class='badge badge-default'>00:00:00:000</span>
&middot; <span class='uri-anchor badge badge-default'>#test-id=5</span>
<span title='Skip to the next failed step' class='badge badge-danger pointer float-right ne ml-1'><i class="fa fa-fast-forward"></i></span>
<span title='Collapse all nodes' class='badge badge-default pointer float-right ct ml-1'><i class="fa fa-compress"></i></span>
<span title='Expand all nodes' class='badge badge-default pointer float-right et'><i class="fa fa-expand"></i></span>
</div>
<div class="m-t-15"><span class="badge badge-pill badge-default">HOST:AXKOKARE-HOST.DOCKER.INTERNAL</span>
<span class="badge badge-pill badge-default">PLATFORM:CHROME</span>
<span class="badge badge-pill badge-default">PROFILE:DEFAULT</span>
<span class="badge badge-pill badge-default">GROUP:</span></div>
<div class="m-t-10 m-l-5">Test Execution: Test Cases/AutomationExercise/TC_05</div>
</div>
</div>          </div>
        </li>
        <li class="test-item"  status="pass" test-id="6"
          author="HOST:AXKOKARE-HOST.DOCKER.INTERNAL"
          tag="PLATFORM:CHROME PROFILE:DEFAULT GROUP:"
          device="">
          <div class="test-detail">
            <p class="name">TestSuite_1 : TC_06</p>
            <p class="text-sm">
              <span>3:05:02 PM</span> / <span>00:00:00:000</span>
              <span class="badge pass-bg log float-right">Pass</span>
            </p>
          </div>
          <div class="test-contents d-none">
<div class="detail-head">
<div class="p-v-10">
<div class="info">
<h5 class="test-status text-pass">TestSuite_1 : TC_06</h5>
<span class='badge badge-success'>07.01.2025 3:05:02 PM</span>
<span class='badge badge-danger'>07.01.2025 3:05:02 PM</span>
<span class='badge badge-default'>00:00:00:000</span>
&middot; <span class='uri-anchor badge badge-default'>#test-id=6</span>
<span title='Skip to the next failed step' class='badge badge-danger pointer float-right ne ml-1'><i class="fa fa-fast-forward"></i></span>
<span title='Collapse all nodes' class='badge badge-default pointer float-right ct ml-1'><i class="fa fa-compress"></i></span>
<span title='Expand all nodes' class='badge badge-default pointer float-right et'><i class="fa fa-expand"></i></span>
</div>
<div class="m-t-15"><span class="badge badge-pill badge-default">HOST:AXKOKARE-HOST.DOCKER.INTERNAL</span>
<span class="badge badge-pill badge-default">PLATFORM:CHROME</span>
<span class="badge badge-pill badge-default">PROFILE:DEFAULT</span>
<span class="badge badge-pill badge-default">GROUP:</span></div>
<div class="m-t-10 m-l-5">Test Execution: Test Cases/AutomationExercise/TC_06</div>
</div>
</div>          </div>
        </li>
        <li class="test-item"  status="pass" test-id="7"
          author="HOST:AXKOKARE-HOST.DOCKER.INTERNAL"
          tag="PLATFORM:CHROME PROFILE:DEFAULT GROUP:"
          device="">
          <div class="test-detail">
            <p class="name">TestSuite_1 : TC_07</p>
            <p class="text-sm">
              <span>3:05:26 PM</span> / <span>00:00:00:000</span>
              <span class="badge pass-bg log float-right">Pass</span>
            </p>
          </div>
          <div class="test-contents d-none">
<div class="detail-head">
<div class="p-v-10">
<div class="info">
<h5 class="test-status text-pass">TestSuite_1 : TC_07</h5>
<span class='badge badge-success'>07.01.2025 3:05:26 PM</span>
<span class='badge badge-danger'>07.01.2025 3:05:26 PM</span>
<span class='badge badge-default'>00:00:00:000</span>
&middot; <span class='uri-anchor badge badge-default'>#test-id=7</span>
<span title='Skip to the next failed step' class='badge badge-danger pointer float-right ne ml-1'><i class="fa fa-fast-forward"></i></span>
<span title='Collapse all nodes' class='badge badge-default pointer float-right ct ml-1'><i class="fa fa-compress"></i></span>
<span title='Expand all nodes' class='badge badge-default pointer float-right et'><i class="fa fa-expand"></i></span>
</div>
<div class="m-t-15"><span class="badge badge-pill badge-default">HOST:AXKOKARE-HOST.DOCKER.INTERNAL</span>
<span class="badge badge-pill badge-default">PLATFORM:CHROME</span>
<span class="badge badge-pill badge-default">PROFILE:DEFAULT</span>
<span class="badge badge-pill badge-default">GROUP:</span></div>
<div class="m-t-10 m-l-5">Test Execution: Test Cases/AutomationExercise/TC_07</div>
</div>
</div>          </div>
        </li>
        <li class="test-item"  status="pass" test-id="8"
          author="HOST:AXKOKARE-HOST.DOCKER.INTERNAL"
          tag="PLATFORM:CHROME PROFILE:DEFAULT GROUP:"
          device="">
          <div class="test-detail">
            <p class="name">TestSuite_1 : TC_08</p>
            <p class="text-sm">
              <span>3:05:46 PM</span> / <span>00:00:00:000</span>
              <span class="badge pass-bg log float-right">Pass</span>
            </p>
          </div>
          <div class="test-contents d-none">
<div class="detail-head">
<div class="p-v-10">
<div class="info">
<h5 class="test-status text-pass">TestSuite_1 : TC_08</h5>
<span class='badge badge-success'>07.01.2025 3:05:46 PM</span>
<span class='badge badge-danger'>07.01.2025 3:05:46 PM</span>
<span class='badge badge-default'>00:00:00:000</span>
&middot; <span class='uri-anchor badge badge-default'>#test-id=8</span>
<span title='Skip to the next failed step' class='badge badge-danger pointer float-right ne ml-1'><i class="fa fa-fast-forward"></i></span>
<span title='Collapse all nodes' class='badge badge-default pointer float-right ct ml-1'><i class="fa fa-compress"></i></span>
<span title='Expand all nodes' class='badge badge-default pointer float-right et'><i class="fa fa-expand"></i></span>
</div>
<div class="m-t-15"><span class="badge badge-pill badge-default">HOST:AXKOKARE-HOST.DOCKER.INTERNAL</span>
<span class="badge badge-pill badge-default">PLATFORM:CHROME</span>
<span class="badge badge-pill badge-default">PROFILE:DEFAULT</span>
<span class="badge badge-pill badge-default">GROUP:</span></div>
<div class="m-t-10 m-l-5">Test Execution: Test Cases/AutomationExercise/TC_08</div>
</div>
</div>          </div>
        </li>
        <li class="test-item"  status="pass" test-id="9"
          author="HOST:AXKOKARE-HOST.DOCKER.INTERNAL"
          tag="PLATFORM:CHROME PROFILE:DEFAULT GROUP:"
          device="">
          <div class="test-detail">
            <p class="name">TestSuite_1 : TC_09</p>
            <p class="text-sm">
              <span>3:06:17 PM</span> / <span>00:00:00:000</span>
              <span class="badge pass-bg log float-right">Pass</span>
            </p>
          </div>
          <div class="test-contents d-none">
<div class="detail-head">
<div class="p-v-10">
<div class="info">
<h5 class="test-status text-pass">TestSuite_1 : TC_09</h5>
<span class='badge badge-success'>07.01.2025 3:06:17 PM</span>
<span class='badge badge-danger'>07.01.2025 3:06:17 PM</span>
<span class='badge badge-default'>00:00:00:000</span>
&middot; <span class='uri-anchor badge badge-default'>#test-id=9</span>
<span title='Skip to the next failed step' class='badge badge-danger pointer float-right ne ml-1'><i class="fa fa-fast-forward"></i></span>
<span title='Collapse all nodes' class='badge badge-default pointer float-right ct ml-1'><i class="fa fa-compress"></i></span>
<span title='Expand all nodes' class='badge badge-default pointer float-right et'><i class="fa fa-expand"></i></span>
</div>
<div class="m-t-15"><span class="badge badge-pill badge-default">HOST:AXKOKARE-HOST.DOCKER.INTERNAL</span>
<span class="badge badge-pill badge-default">PLATFORM:CHROME</span>
<span class="badge badge-pill badge-default">PROFILE:DEFAULT</span>
<span class="badge badge-pill badge-default">GROUP:</span></div>
<div class="m-t-10 m-l-5">Test Execution: Test Cases/AutomationExercise/TC_09</div>
</div>
</div>          </div>
        </li>
        <li class="test-item"  status="pass" test-id="10"
          author="HOST:AXKOKARE-HOST.DOCKER.INTERNAL"
          tag="PLATFORM:CHROME PROFILE:DEFAULT GROUP:"
          device="">
          <div class="test-detail">
            <p class="name">TestSuite_1 : TC_09</p>
            <p class="text-sm">
              <span>3:06:19 PM</span> / <span>00:00:00:000</span>
              <span class="badge pass-bg log float-right">Pass</span>
            </p>
          </div>
          <div class="test-contents d-none">
<div class="detail-head">
<div class="p-v-10">
<div class="info">
<h5 class="test-status text-pass">TestSuite_1 : TC_09</h5>
<span class='badge badge-success'>07.01.2025 3:06:19 PM</span>
<span class='badge badge-danger'>07.01.2025 3:06:19 PM</span>
<span class='badge badge-default'>00:00:00:000</span>
&middot; <span class='uri-anchor badge badge-default'>#test-id=10</span>
<span title='Skip to the next failed step' class='badge badge-danger pointer float-right ne ml-1'><i class="fa fa-fast-forward"></i></span>
<span title='Collapse all nodes' class='badge badge-default pointer float-right ct ml-1'><i class="fa fa-compress"></i></span>
<span title='Expand all nodes' class='badge badge-default pointer float-right et'><i class="fa fa-expand"></i></span>
</div>
<div class="m-t-15"><span class="badge badge-pill badge-default">HOST:AXKOKARE-HOST.DOCKER.INTERNAL</span>
<span class="badge badge-pill badge-default">PLATFORM:CHROME</span>
<span class="badge badge-pill badge-default">PROFILE:DEFAULT</span>
<span class="badge badge-pill badge-default">GROUP:</span></div>
<div class="m-t-10 m-l-5">Test Execution: Test Cases/AutomationExercise/TC_09</div>
</div>
</div>          </div>
        </li>
        <li class="test-item"  status="pass" test-id="11"
          author="HOST:AXKOKARE-HOST.DOCKER.INTERNAL"
          tag="PLATFORM:CHROME PROFILE:DEFAULT GROUP:"
          device="">
          <div class="test-detail">
            <p class="name">TestSuite_1 : TC_09</p>
            <p class="text-sm">
              <span>3:06:21 PM</span> / <span>00:00:00:000</span>
              <span class="badge pass-bg log float-right">Pass</span>
            </p>
          </div>
          <div class="test-contents d-none">
<div class="detail-head">
<div class="p-v-10">
<div class="info">
<h5 class="test-status text-pass">TestSuite_1 : TC_09</h5>
<span class='badge badge-success'>07.01.2025 3:06:21 PM</span>
<span class='badge badge-danger'>07.01.2025 3:06:21 PM</span>
<span class='badge badge-default'>00:00:00:000</span>
&middot; <span class='uri-anchor badge badge-default'>#test-id=11</span>
<span title='Skip to the next failed step' class='badge badge-danger pointer float-right ne ml-1'><i class="fa fa-fast-forward"></i></span>
<span title='Collapse all nodes' class='badge badge-default pointer float-right ct ml-1'><i class="fa fa-compress"></i></span>
<span title='Expand all nodes' class='badge badge-default pointer float-right et'><i class="fa fa-expand"></i></span>
</div>
<div class="m-t-15"><span class="badge badge-pill badge-default">HOST:AXKOKARE-HOST.DOCKER.INTERNAL</span>
<span class="badge badge-pill badge-default">PLATFORM:CHROME</span>
<span class="badge badge-pill badge-default">PROFILE:DEFAULT</span>
<span class="badge badge-pill badge-default">GROUP:</span></div>
<div class="m-t-10 m-l-5">Test Execution: Test Cases/AutomationExercise/TC_09</div>
</div>
</div>          </div>
        </li>
        <li class="test-item"  status="pass" test-id="12"
          author="HOST:AXKOKARE-HOST.DOCKER.INTERNAL"
          tag="PLATFORM:CHROME PROFILE:DEFAULT GROUP:"
          device="">
          <div class="test-detail">
            <p class="name">TestSuite_1 : TC_09</p>
            <p class="text-sm">
              <span>3:06:23 PM</span> / <span>00:00:00:000</span>
              <span class="badge pass-bg log float-right">Pass</span>
            </p>
          </div>
          <div class="test-contents d-none">
<div class="detail-head">
<div class="p-v-10">
<div class="info">
<h5 class="test-status text-pass">TestSuite_1 : TC_09</h5>
<span class='badge badge-success'>07.01.2025 3:06:23 PM</span>
<span class='badge badge-danger'>07.01.2025 3:06:23 PM</span>
<span class='badge badge-default'>00:00:00:000</span>
&middot; <span class='uri-anchor badge badge-default'>#test-id=12</span>
<span title='Skip to the next failed step' class='badge badge-danger pointer float-right ne ml-1'><i class="fa fa-fast-forward"></i></span>
<span title='Collapse all nodes' class='badge badge-default pointer float-right ct ml-1'><i class="fa fa-compress"></i></span>
<span title='Expand all nodes' class='badge badge-default pointer float-right et'><i class="fa fa-expand"></i></span>
</div>
<div class="m-t-15"><span class="badge badge-pill badge-default">HOST:AXKOKARE-HOST.DOCKER.INTERNAL</span>
<span class="badge badge-pill badge-default">PLATFORM:CHROME</span>
<span class="badge badge-pill badge-default">PROFILE:DEFAULT</span>
<span class="badge badge-pill badge-default">GROUP:</span></div>
<div class="m-t-10 m-l-5">Test Execution: Test Cases/AutomationExercise/TC_09</div>
</div>
</div>          </div>
        </li>
        <li class="test-item"  status="fail" test-id="13"
          author="HOST:AXKOKARE-HOST.DOCKER.INTERNAL"
          tag="PLATFORM:CHROME PROFILE:DEFAULT GROUP:"
          device="">
          <div class="test-detail">
            <p class="name">TestSuite_1 : TC_10</p>
            <p class="text-sm">
              <span>3:06:25 PM</span> / <span>00:00:09:927</span>
              <span class="badge fail-bg log float-right">Fail</span>
            </p>
          </div>
          <div class="test-contents d-none">
<div class="detail-head">
<div class="p-v-10">
<div class="info">
<h5 class="test-status text-fail">TestSuite_1 : TC_10</h5>
<span class='badge badge-success'>07.01.2025 3:06:25 PM</span>
<span class='badge badge-danger'>07.01.2025 3:06:35 PM</span>
<span class='badge badge-default'>00:00:09:927</span>
&middot; <span class='uri-anchor badge badge-default'>#test-id=13</span>
<span title='Skip to the next failed step' class='badge badge-danger pointer float-right ne ml-1'><i class="fa fa-fast-forward"></i></span>
<span title='Collapse all nodes' class='badge badge-default pointer float-right ct ml-1'><i class="fa fa-compress"></i></span>
<span title='Expand all nodes' class='badge badge-default pointer float-right et'><i class="fa fa-expand"></i></span>
</div>
<div class="m-t-15"><span class="badge badge-pill badge-default">HOST:AXKOKARE-HOST.DOCKER.INTERNAL</span>
<span class="badge badge-pill badge-default">PLATFORM:CHROME</span>
<span class="badge badge-pill badge-default">PROFILE:DEFAULT</span>
<span class="badge badge-pill badge-default">GROUP:</span></div>
<div class="m-t-10 m-l-5">Test Execution: Test Cases/AutomationExercise/TC_10</div>
</div>
</div><div class="detail-body mt-4">
<table class="table table-sm">
  <thead><tr><th class="status-col">Status</th><th class="timestamp-col">Timestamp</th><th class="details-col">Details</th></tr></thead>
  <tbody>
      <tr class="event-row">
        <td><span class="badge log fail-bg">Fail</span></td>
        <td>3:06:35 PM</td>
        <td>
          =============== ROOT CAUSE =====================<br>Test Cases/AutomationExercise/TC_10 FAILED.
Reason:
com.kms.katalon.core.exception.StepFailedException: Unable to click on object
	at com.kms.katalon.core.webui.keyword.internal.WebUIKeywordMain.stepFailed(WebUIKeywordMain.groovy:118)
	at com.kms.katalon.core.webui.keyword.internal.WebUIKeywordMain.runKeyword(WebUIKeywordMain.groovy:43)
	at com.kms.katalon.core.webui.keyword.builtin.ClickKeyword.click(ClickKeyword.groovy:75)
	at com.kms.katalon.core.webui.keyword.builtin.ClickKeyword.execute(ClickKeyword.groovy:40)
	at com.kms.katalon.core.keyword.internal.KeywordExecutor.executeKeywordForPlatform(KeywordExecutor.groovy:64)
	at com.kms.katalon.core.webui.keyword.WebUiBuiltInKeywords.click(WebUiBuiltInKeywords.groovy:696)
	at TC_10.run(TC_10:24)
	at com.kms.katalon.core.main.ScriptEngine.run(ScriptEngine.java:194)
	at com.kms.katalon.core.main.ScriptEngine.runScriptAsRawText(ScriptEngine.java:119)
	at com.kms.katalon.core.main.TestCaseExecutor.runScript(TestCaseExecutor.java:485)
	at com.kms.katalon.core.main.TestCaseExecutor.doExecute(TestCaseExecutor.java:476)
	at com.kms.katalon.core.main.TestCaseExecutor.processExecutionPhase(TestCaseExecutor.java:455)
	at com.kms.katalon.core.main.TestCaseExecutor.accessMainPhase(TestCaseExecutor.java:447)
	at com.kms.katalon.core.main.TestCaseExecutor.execute(TestCaseExecutor.java:321)
	at com.kms.katalon.core.common.CommonExecutor.accessTestCaseMainPhase(CommonExecutor.java:71)
	at com.kms.katalon.core.main.TestSuiteExecutor.accessTestSuiteMainPhase(TestSuiteExecutor.java:160)
	at com.kms.katalon.core.main.TestSuiteExecutor.execute(TestSuiteExecutor.java:107)
	at com.kms.katalon.core.main.TestCaseMain.startTestSuite(TestCaseMain.java:195)
	at TempTestSuite1751362345303.run(TempTestSuite1751362345303.groovy:35)
	at java.base/jdk.internal.reflect.NativeMethodAccessorImpl.invoke0(Native Method)
	at java.base/jdk.internal.reflect.NativeMethodAccessorImpl.invoke(NativeMethodAccessorImpl.java:77)
	at java.base/jdk.internal.reflect.DelegatingMethodAccessorImpl.invoke(DelegatingMethodAccessorImpl.java:43)
Caused by: java.lang.IllegalArgumentException: Object is null
	at com.kms.katalon.core.helper.KeywordHelper.checkTestObjectParameter(KeywordHelper.java:33)
	at com.kms.katalon.core.webui.keyword.builtin.ClickKeyword$_click_closure1.doCall(ClickKeyword.groovy:63)
	at com.kms.katalon.core.webui.keyword.builtin.ClickKeyword$_click_closure1.call(ClickKeyword.groovy)
	at com.kms.katalon.core.webui.keyword.internal.WebUIKeywordMain.runKeyword(WebUIKeywordMain.groovy:35)
	... 20 more

        </td>
      </tr>
      <tr class="event-row">
        <td><span class="badge log fail-bg">Fail</span></td>
        <td>3:06:35 PM</td>
        <td>
          Failed Screenshot added.
    <div class="row mb-3"><div class="col-md-3">
<img data-featherlight='C:\Users\AXKokare\Katalon Studio\Record and Playback\Extent\20250701_150229\Screenshots\Screenshot_250701150635493.png' src="C:\Users\AXKokare\Katalon Studio\Record and Playback\Extent\20250701_150229\Screenshots\Screenshot_250701150635493.png">
    
    </div></div>
        </td>
      </tr>
  </tbody>
</table>
</div>
          </div>
        </li>
        <li class="test-item"  status="fail" test-id="14"
          author="HOST:AXKOKARE-HOST.DOCKER.INTERNAL"
          tag="PLATFORM:CHROME PROFILE:DEFAULT GROUP:"
          device="">
          <div class="test-detail">
            <p class="name">TestSuite_1 : TC_10</p>
            <p class="text-sm">
              <span>3:06:37 PM</span> / <span>00:00:09:980</span>
              <span class="badge fail-bg log float-right">Fail</span>
            </p>
          </div>
          <div class="test-contents d-none">
<div class="detail-head">
<div class="p-v-10">
<div class="info">
<h5 class="test-status text-fail">TestSuite_1 : TC_10</h5>
<span class='badge badge-success'>07.01.2025 3:06:37 PM</span>
<span class='badge badge-danger'>07.01.2025 3:06:47 PM</span>
<span class='badge badge-default'>00:00:09:980</span>
&middot; <span class='uri-anchor badge badge-default'>#test-id=14</span>
<span title='Skip to the next failed step' class='badge badge-danger pointer float-right ne ml-1'><i class="fa fa-fast-forward"></i></span>
<span title='Collapse all nodes' class='badge badge-default pointer float-right ct ml-1'><i class="fa fa-compress"></i></span>
<span title='Expand all nodes' class='badge badge-default pointer float-right et'><i class="fa fa-expand"></i></span>
</div>
<div class="m-t-15"><span class="badge badge-pill badge-default">HOST:AXKOKARE-HOST.DOCKER.INTERNAL</span>
<span class="badge badge-pill badge-default">PLATFORM:CHROME</span>
<span class="badge badge-pill badge-default">PROFILE:DEFAULT</span>
<span class="badge badge-pill badge-default">GROUP:</span></div>
<div class="m-t-10 m-l-5">Test Execution: Test Cases/AutomationExercise/TC_10</div>
</div>
</div><div class="detail-body mt-4">
<table class="table table-sm">
  <thead><tr><th class="status-col">Status</th><th class="timestamp-col">Timestamp</th><th class="details-col">Details</th></tr></thead>
  <tbody>
      <tr class="event-row">
        <td><span class="badge log fail-bg">Fail</span></td>
        <td>3:06:47 PM</td>
        <td>
          =============== ROOT CAUSE =====================<br>Test Cases/AutomationExercise/TC_10 FAILED.
Reason:
com.kms.katalon.core.exception.StepFailedException: Unable to click on object
	at com.kms.katalon.core.webui.keyword.internal.WebUIKeywordMain.stepFailed(WebUIKeywordMain.groovy:118)
	at com.kms.katalon.core.webui.keyword.internal.WebUIKeywordMain.runKeyword(WebUIKeywordMain.groovy:43)
	at com.kms.katalon.core.webui.keyword.builtin.ClickKeyword.click(ClickKeyword.groovy:75)
	at com.kms.katalon.core.webui.keyword.builtin.ClickKeyword.execute(ClickKeyword.groovy:40)
	at com.kms.katalon.core.keyword.internal.KeywordExecutor.executeKeywordForPlatform(KeywordExecutor.groovy:64)
	at com.kms.katalon.core.webui.keyword.WebUiBuiltInKeywords.click(WebUiBuiltInKeywords.groovy:696)
	at TC_10.run(TC_10:24)
	at com.kms.katalon.core.main.ScriptEngine.run(ScriptEngine.java:194)
	at com.kms.katalon.core.main.ScriptEngine.runScriptAsRawText(ScriptEngine.java:119)
	at com.kms.katalon.core.main.TestCaseExecutor.runScript(TestCaseExecutor.java:485)
	at com.kms.katalon.core.main.TestCaseExecutor.doExecute(TestCaseExecutor.java:476)
	at com.kms.katalon.core.main.TestCaseExecutor.processExecutionPhase(TestCaseExecutor.java:455)
	at com.kms.katalon.core.main.TestCaseExecutor.accessMainPhase(TestCaseExecutor.java:447)
	at com.kms.katalon.core.main.TestCaseExecutor.execute(TestCaseExecutor.java:321)
	at com.kms.katalon.core.main.TestCaseExecutor.execute(TestCaseExecutor.java:405)
	at com.kms.katalon.core.common.CommonExecutor.accessTestCaseMainPhase(CommonExecutor.java:71)
	at com.kms.katalon.core.main.TestSuiteExecutor.accessTestSuiteMainPhase(TestSuiteExecutor.java:160)
	at com.kms.katalon.core.main.TestSuiteExecutor.execute(TestSuiteExecutor.java:107)
	at com.kms.katalon.core.main.TestCaseMain.startTestSuite(TestCaseMain.java:195)
	at TempTestSuite1751362345303.run(TempTestSuite1751362345303.groovy:35)
	at java.base/jdk.internal.reflect.NativeMethodAccessorImpl.invoke0(Native Method)
	at java.base/jdk.internal.reflect.NativeMethodAccessorImpl.invoke(NativeMethodAccessorImpl.java:77)
	at java.base/jdk.internal.reflect.DelegatingMethodAccessorImpl.invoke(DelegatingMethodAccessorImpl.java:43)
Caused by: java.lang.IllegalArgumentException: Object is null
	at com.kms.katalon.core.helper.KeywordHelper.checkTestObjectParameter(KeywordHelper.java:33)
	at com.kms.katalon.core.webui.keyword.builtin.ClickKeyword$_click_closure1.doCall(ClickKeyword.groovy:63)
	at com.kms.katalon.core.webui.keyword.builtin.ClickKeyword$_click_closure1.call(ClickKeyword.groovy)
	at com.kms.katalon.core.webui.keyword.internal.WebUIKeywordMain.runKeyword(WebUIKeywordMain.groovy:35)
	... 21 more

        </td>
      </tr>
      <tr class="event-row">
        <td><span class="badge log fail-bg">Fail</span></td>
        <td>3:06:47 PM</td>
        <td>
          Failed Screenshot added.
    <div class="row mb-3"><div class="col-md-3">
<img data-featherlight='C:\Users\AXKokare\Katalon Studio\Record and Playback\Extent\20250701_150229\Screenshots\Screenshot_250701150647517.png' src="C:\Users\AXKokare\Katalon Studio\Record and Playback\Extent\20250701_150229\Screenshots\Screenshot_250701150647517.png">
    
    </div></div>
        </td>
      </tr>
  </tbody>
</table>
</div>
          </div>
        </li>
        <li class="test-item"  status="fail" test-id="15"
          author="HOST:AXKOKARE-HOST.DOCKER.INTERNAL"
          tag="PLATFORM:CHROME PROFILE:DEFAULT GROUP:"
          device="">
          <div class="test-detail">
            <p class="name">TestSuite_1 : TC_10</p>
            <p class="text-sm">
              <span>3:06:49 PM</span> / <span>00:00:10:197</span>
              <span class="badge fail-bg log float-right">Fail</span>
            </p>
          </div>
          <div class="test-contents d-none">
<div class="detail-head">
<div class="p-v-10">
<div class="info">
<h5 class="test-status text-fail">TestSuite_1 : TC_10</h5>
<span class='badge badge-success'>07.01.2025 3:06:49 PM</span>
<span class='badge badge-danger'>07.01.2025 3:07:00 PM</span>
<span class='badge badge-default'>00:00:10:197</span>
&middot; <span class='uri-anchor badge badge-default'>#test-id=15</span>
<span title='Skip to the next failed step' class='badge badge-danger pointer float-right ne ml-1'><i class="fa fa-fast-forward"></i></span>
<span title='Collapse all nodes' class='badge badge-default pointer float-right ct ml-1'><i class="fa fa-compress"></i></span>
<span title='Expand all nodes' class='badge badge-default pointer float-right et'><i class="fa fa-expand"></i></span>
</div>
<div class="m-t-15"><span class="badge badge-pill badge-default">HOST:AXKOKARE-HOST.DOCKER.INTERNAL</span>
<span class="badge badge-pill badge-default">PLATFORM:CHROME</span>
<span class="badge badge-pill badge-default">PROFILE:DEFAULT</span>
<span class="badge badge-pill badge-default">GROUP:</span></div>
<div class="m-t-10 m-l-5">Test Execution: Test Cases/AutomationExercise/TC_10</div>
</div>
</div><div class="detail-body mt-4">
<table class="table table-sm">
  <thead><tr><th class="status-col">Status</th><th class="timestamp-col">Timestamp</th><th class="details-col">Details</th></tr></thead>
  <tbody>
      <tr class="event-row">
        <td><span class="badge log fail-bg">Fail</span></td>
        <td>3:06:59 PM</td>
        <td>
          =============== ROOT CAUSE =====================<br>Test Cases/AutomationExercise/TC_10 FAILED.
Reason:
com.kms.katalon.core.exception.StepFailedException: Unable to click on object
	at com.kms.katalon.core.webui.keyword.internal.WebUIKeywordMain.stepFailed(WebUIKeywordMain.groovy:118)
	at com.kms.katalon.core.webui.keyword.internal.WebUIKeywordMain.runKeyword(WebUIKeywordMain.groovy:43)
	at com.kms.katalon.core.webui.keyword.builtin.ClickKeyword.click(ClickKeyword.groovy:75)
	at com.kms.katalon.core.webui.keyword.builtin.ClickKeyword.execute(ClickKeyword.groovy:40)
	at com.kms.katalon.core.keyword.internal.KeywordExecutor.executeKeywordForPlatform(KeywordExecutor.groovy:64)
	at com.kms.katalon.core.webui.keyword.WebUiBuiltInKeywords.click(WebUiBuiltInKeywords.groovy:696)
	at TC_10.run(TC_10:24)
	at com.kms.katalon.core.main.ScriptEngine.run(ScriptEngine.java:194)
	at com.kms.katalon.core.main.ScriptEngine.runScriptAsRawText(ScriptEngine.java:119)
	at com.kms.katalon.core.main.TestCaseExecutor.runScript(TestCaseExecutor.java:485)
	at com.kms.katalon.core.main.TestCaseExecutor.doExecute(TestCaseExecutor.java:476)
	at com.kms.katalon.core.main.TestCaseExecutor.processExecutionPhase(TestCaseExecutor.java:455)
	at com.kms.katalon.core.main.TestCaseExecutor.accessMainPhase(TestCaseExecutor.java:447)
	at com.kms.katalon.core.main.TestCaseExecutor.execute(TestCaseExecutor.java:321)
	at com.kms.katalon.core.main.TestCaseExecutor.execute(TestCaseExecutor.java:405)
	at com.kms.katalon.core.main.TestCaseExecutor.execute(TestCaseExecutor.java:405)
	at com.kms.katalon.core.common.CommonExecutor.accessTestCaseMainPhase(CommonExecutor.java:71)
	at com.kms.katalon.core.main.TestSuiteExecutor.accessTestSuiteMainPhase(TestSuiteExecutor.java:160)
	at com.kms.katalon.core.main.TestSuiteExecutor.execute(TestSuiteExecutor.java:107)
	at com.kms.katalon.core.main.TestCaseMain.startTestSuite(TestCaseMain.java:195)
	at TempTestSuite1751362345303.run(TempTestSuite1751362345303.groovy:35)
	at java.base/jdk.internal.reflect.NativeMethodAccessorImpl.invoke0(Native Method)
	at java.base/jdk.internal.reflect.NativeMethodAccessorImpl.invoke(NativeMethodAccessorImpl.java:77)
	at java.base/jdk.internal.reflect.DelegatingMethodAccessorImpl.invoke(DelegatingMethodAccessorImpl.java:43)
Caused by: java.lang.IllegalArgumentException: Object is null
	at com.kms.katalon.core.helper.KeywordHelper.checkTestObjectParameter(KeywordHelper.java:33)
	at com.kms.katalon.core.webui.keyword.builtin.ClickKeyword$_click_closure1.doCall(ClickKeyword.groovy:63)
	at com.kms.katalon.core.webui.keyword.builtin.ClickKeyword$_click_closure1.call(ClickKeyword.groovy)
	at com.kms.katalon.core.webui.keyword.internal.WebUIKeywordMain.runKeyword(WebUIKeywordMain.groovy:35)
	... 22 more

        </td>
      </tr>
      <tr class="event-row">
        <td><span class="badge log fail-bg">Fail</span></td>
        <td>3:07:00 PM</td>
        <td>
          Failed Screenshot added.
    <div class="row mb-3"><div class="col-md-3">
<img data-featherlight='C:\Users\AXKokare\Katalon Studio\Record and Playback\Extent\20250701_150229\Screenshots\Screenshot_250701150659740.png' src="C:\Users\AXKokare\Katalon Studio\Record and Playback\Extent\20250701_150229\Screenshots\Screenshot_250701150659740.png">
    
    </div></div>
        </td>
      </tr>
  </tbody>
</table>
</div>
          </div>
        </li>
        <li class="test-item"  status="fail" test-id="16"
          author="HOST:AXKOKARE-HOST.DOCKER.INTERNAL"
          tag="PLATFORM:CHROME PROFILE:DEFAULT GROUP:"
          device="">
          <div class="test-detail">
            <p class="name">TestSuite_1 : TC_10</p>
            <p class="text-sm">
              <span>3:07:02 PM</span> / <span>00:00:10:168</span>
              <span class="badge fail-bg log float-right">Fail</span>
            </p>
          </div>
          <div class="test-contents d-none">
<div class="detail-head">
<div class="p-v-10">
<div class="info">
<h5 class="test-status text-fail">TestSuite_1 : TC_10</h5>
<span class='badge badge-success'>07.01.2025 3:07:02 PM</span>
<span class='badge badge-danger'>07.01.2025 3:07:12 PM</span>
<span class='badge badge-default'>00:00:10:168</span>
&middot; <span class='uri-anchor badge badge-default'>#test-id=16</span>
<span title='Skip to the next failed step' class='badge badge-danger pointer float-right ne ml-1'><i class="fa fa-fast-forward"></i></span>
<span title='Collapse all nodes' class='badge badge-default pointer float-right ct ml-1'><i class="fa fa-compress"></i></span>
<span title='Expand all nodes' class='badge badge-default pointer float-right et'><i class="fa fa-expand"></i></span>
</div>
<div class="m-t-15"><span class="badge badge-pill badge-default">HOST:AXKOKARE-HOST.DOCKER.INTERNAL</span>
<span class="badge badge-pill badge-default">PLATFORM:CHROME</span>
<span class="badge badge-pill badge-default">PROFILE:DEFAULT</span>
<span class="badge badge-pill badge-default">GROUP:</span></div>
<div class="m-t-10 m-l-5">Test Execution: Test Cases/AutomationExercise/TC_10</div>
</div>
</div><div class="detail-body mt-4">
<table class="table table-sm">
  <thead><tr><th class="status-col">Status</th><th class="timestamp-col">Timestamp</th><th class="details-col">Details</th></tr></thead>
  <tbody>
      <tr class="event-row">
        <td><span class="badge log fail-bg">Fail</span></td>
        <td>3:07:11 PM</td>
        <td>
          =============== ROOT CAUSE =====================<br>Test Cases/AutomationExercise/TC_10 FAILED.
Reason:
com.kms.katalon.core.exception.StepFailedException: Unable to click on object
	at com.kms.katalon.core.webui.keyword.internal.WebUIKeywordMain.stepFailed(WebUIKeywordMain.groovy:118)
	at com.kms.katalon.core.webui.keyword.internal.WebUIKeywordMain.runKeyword(WebUIKeywordMain.groovy:43)
	at com.kms.katalon.core.webui.keyword.builtin.ClickKeyword.click(ClickKeyword.groovy:75)
	at com.kms.katalon.core.webui.keyword.builtin.ClickKeyword.execute(ClickKeyword.groovy:40)
	at com.kms.katalon.core.keyword.internal.KeywordExecutor.executeKeywordForPlatform(KeywordExecutor.groovy:64)
	at com.kms.katalon.core.webui.keyword.WebUiBuiltInKeywords.click(WebUiBuiltInKeywords.groovy:696)
	at TC_10.run(TC_10:24)
	at com.kms.katalon.core.main.ScriptEngine.run(ScriptEngine.java:194)
	at com.kms.katalon.core.main.ScriptEngine.runScriptAsRawText(ScriptEngine.java:119)
	at com.kms.katalon.core.main.TestCaseExecutor.runScript(TestCaseExecutor.java:485)
	at com.kms.katalon.core.main.TestCaseExecutor.doExecute(TestCaseExecutor.java:476)
	at com.kms.katalon.core.main.TestCaseExecutor.processExecutionPhase(TestCaseExecutor.java:455)
	at com.kms.katalon.core.main.TestCaseExecutor.accessMainPhase(TestCaseExecutor.java:447)
	at com.kms.katalon.core.main.TestCaseExecutor.execute(TestCaseExecutor.java:321)
	at com.kms.katalon.core.main.TestCaseExecutor.execute(TestCaseExecutor.java:405)
	at com.kms.katalon.core.main.TestCaseExecutor.execute(TestCaseExecutor.java:405)
	at com.kms.katalon.core.main.TestCaseExecutor.execute(TestCaseExecutor.java:405)
	at com.kms.katalon.core.common.CommonExecutor.accessTestCaseMainPhase(CommonExecutor.java:71)
	at com.kms.katalon.core.main.TestSuiteExecutor.accessTestSuiteMainPhase(TestSuiteExecutor.java:160)
	at com.kms.katalon.core.main.TestSuiteExecutor.execute(TestSuiteExecutor.java:107)
	at com.kms.katalon.core.main.TestCaseMain.startTestSuite(TestCaseMain.java:195)
	at TempTestSuite1751362345303.run(TempTestSuite1751362345303.groovy:35)
	at java.base/jdk.internal.reflect.NativeMethodAccessorImpl.invoke0(Native Method)
	at java.base/jdk.internal.reflect.NativeMethodAccessorImpl.invoke(NativeMethodAccessorImpl.java:77)
	at java.base/jdk.internal.reflect.DelegatingMethodAccessorImpl.invoke(DelegatingMethodAccessorImpl.java:43)
Caused by: java.lang.IllegalArgumentException: Object is null
	at com.kms.katalon.core.helper.KeywordHelper.checkTestObjectParameter(KeywordHelper.java:33)
	at com.kms.katalon.core.webui.keyword.builtin.ClickKeyword$_click_closure1.doCall(ClickKeyword.groovy:63)
	at com.kms.katalon.core.webui.keyword.builtin.ClickKeyword$_click_closure1.call(ClickKeyword.groovy)
	at com.kms.katalon.core.webui.keyword.internal.WebUIKeywordMain.runKeyword(WebUIKeywordMain.groovy:35)
	... 23 more

        </td>
      </tr>
      <tr class="event-row">
        <td><span class="badge log fail-bg">Fail</span></td>
        <td>3:07:12 PM</td>
        <td>
          Failed Screenshot added.
    <div class="row mb-3"><div class="col-md-3">
<img data-featherlight='C:\Users\AXKokare\Katalon Studio\Record and Playback\Extent\20250701_150229\Screenshots\Screenshot_250701150711958.png' src="C:\Users\AXKokare\Katalon Studio\Record and Playback\Extent\20250701_150229\Screenshots\Screenshot_250701150711958.png">
    
    </div></div>
        </td>
      </tr>
  </tbody>
</table>
</div>
          </div>
        </li>
        <li class="test-item"  status="pass" test-id="17"
          author="HOST:AXKOKARE-HOST.DOCKER.INTERNAL"
          tag="PLATFORM:CHROME PROFILE:DEFAULT GROUP:"
          device="">
          <div class="test-detail">
            <p class="name">TestSuite_1 : TC_11</p>
            <p class="text-sm">
              <span>3:07:14 PM</span> / <span>00:00:00:000</span>
              <span class="badge pass-bg log float-right">Pass</span>
            </p>
          </div>
          <div class="test-contents d-none">
<div class="detail-head">
<div class="p-v-10">
<div class="info">
<h5 class="test-status text-pass">TestSuite_1 : TC_11</h5>
<span class='badge badge-success'>07.01.2025 3:07:14 PM</span>
<span class='badge badge-danger'>07.01.2025 3:07:14 PM</span>
<span class='badge badge-default'>00:00:00:000</span>
&middot; <span class='uri-anchor badge badge-default'>#test-id=17</span>
<span title='Skip to the next failed step' class='badge badge-danger pointer float-right ne ml-1'><i class="fa fa-fast-forward"></i></span>
<span title='Collapse all nodes' class='badge badge-default pointer float-right ct ml-1'><i class="fa fa-compress"></i></span>
<span title='Expand all nodes' class='badge badge-default pointer float-right et'><i class="fa fa-expand"></i></span>
</div>
<div class="m-t-15"><span class="badge badge-pill badge-default">HOST:AXKOKARE-HOST.DOCKER.INTERNAL</span>
<span class="badge badge-pill badge-default">PLATFORM:CHROME</span>
<span class="badge badge-pill badge-default">PROFILE:DEFAULT</span>
<span class="badge badge-pill badge-default">GROUP:</span></div>
<div class="m-t-10 m-l-5">Test Execution: Test Cases/AutomationExercise/TC_11</div>
</div>
</div>          </div>
        </li>
      </ul>
    </div>
  </div>
<div class="test-content scrollable">
<div class="test-content-tools">
<ul><li><a class="back-to-test" href="#"><i class="fa fa-arrow-left"></i></a></li></ul>
</div>
<div class="test-content-detail"><div class="detail-body"></div></div>
</div></div>
<div class="test-wrapper row view category-view attributes-view">
<div class="test-list">
<div class="test-list-tools">
<ul class="tools pull-left"><li><a href=""><span class="font-size-14">Category</span></a></li></ul>
<ul class="tools text-right"><li><a href="#"><span class="badge badge-primary">3</span></a></li></ul>
</div>
<div class="test-list-wrapper scrollable">
<ul class="test-list-item">
<li class="test-item">
<div class="test-detail">
<span class="meta">
<span class='badge log pass-bg'>13</span>
<span class='badge log badge-danger'>4</span>
</span>
<p class="name">PROFILE:DEFAULT</p>
<p class="duration text-sm">17 tests</p>
</div>
<div class="test-contents d-none">
<div class="info">
<h4>PROFILE:DEFAULT</h4>
<span status="pass" class='badge log pass-bg'>13 passed</span>
<span status="fail" class='badge log badge-danger'>4 failed</span>
</div>
<table class='table table-sm mt-4'>
<thead>
<tr>
<th class="status-col">Status</th>
<th class="timestamp-col">Timestamp</th>
<th>TestName</th>
</tr>
</thead>
<tbody>
<tr class="tag-test-status" status="pass">
<td><span class="badge log pass-bg">Pass</span></td>
<td>15:02:31 PM</td>
<td>
<a href="#" class="linked" test-id='1' id='1'>TestSuite_1 : TC_01</a>
</td>
</tr>
<tr class="tag-test-status" status="pass">
<td><span class="badge log pass-bg">Pass</span></td>
<td>15:03:27 PM</td>
<td>
<a href="#" class="linked" test-id='2' id='2'>TestSuite_1 : TC_02</a>
</td>
</tr>
<tr class="tag-test-status" status="pass">
<td><span class="badge log pass-bg">Pass</span></td>
<td>15:03:52 PM</td>
<td>
<a href="#" class="linked" test-id='3' id='3'>TestSuite_1 : TC_03</a>
</td>
</tr>
<tr class="tag-test-status" status="pass">
<td><span class="badge log pass-bg">Pass</span></td>
<td>15:04:18 PM</td>
<td>
<a href="#" class="linked" test-id='4' id='4'>TestSuite_1 : TC_04</a>
</td>
</tr>
<tr class="tag-test-status" status="pass">
<td><span class="badge log pass-bg">Pass</span></td>
<td>15:04:42 PM</td>
<td>
<a href="#" class="linked" test-id='5' id='5'>TestSuite_1 : TC_05</a>
</td>
</tr>
<tr class="tag-test-status" status="pass">
<td><span class="badge log pass-bg">Pass</span></td>
<td>15:05:02 PM</td>
<td>
<a href="#" class="linked" test-id='6' id='6'>TestSuite_1 : TC_06</a>
</td>
</tr>
<tr class="tag-test-status" status="pass">
<td><span class="badge log pass-bg">Pass</span></td>
<td>15:05:26 PM</td>
<td>
<a href="#" class="linked" test-id='7' id='7'>TestSuite_1 : TC_07</a>
</td>
</tr>
<tr class="tag-test-status" status="pass">
<td><span class="badge log pass-bg">Pass</span></td>
<td>15:05:46 PM</td>
<td>
<a href="#" class="linked" test-id='8' id='8'>TestSuite_1 : TC_08</a>
</td>
</tr>
<tr class="tag-test-status" status="pass">
<td><span class="badge log pass-bg">Pass</span></td>
<td>15:06:17 PM</td>
<td>
<a href="#" class="linked" test-id='9' id='9'>TestSuite_1 : TC_09</a>
</td>
</tr>
<tr class="tag-test-status" status="pass">
<td><span class="badge log pass-bg">Pass</span></td>
<td>15:06:19 PM</td>
<td>
<a href="#" class="linked" test-id='10' id='10'>TestSuite_1 : TC_09</a>
</td>
</tr>
<tr class="tag-test-status" status="pass">
<td><span class="badge log pass-bg">Pass</span></td>
<td>15:06:21 PM</td>
<td>
<a href="#" class="linked" test-id='11' id='11'>TestSuite_1 : TC_09</a>
</td>
</tr>
<tr class="tag-test-status" status="pass">
<td><span class="badge log pass-bg">Pass</span></td>
<td>15:06:23 PM</td>
<td>
<a href="#" class="linked" test-id='12' id='12'>TestSuite_1 : TC_09</a>
</td>
</tr>
<tr class="tag-test-status" status="fail">
<td><span class="badge log fail-bg">Fail</span></td>
<td>15:06:25 PM</td>
<td>
<a href="#" class="linked" test-id='13' id='13'>TestSuite_1 : TC_10</a>
</td>
</tr>
<tr class="tag-test-status" status="fail">
<td><span class="badge log fail-bg">Fail</span></td>
<td>15:06:37 PM</td>
<td>
<a href="#" class="linked" test-id='14' id='14'>TestSuite_1 : TC_10</a>
</td>
</tr>
<tr class="tag-test-status" status="fail">
<td><span class="badge log fail-bg">Fail</span></td>
<td>15:06:49 PM</td>
<td>
<a href="#" class="linked" test-id='15' id='15'>TestSuite_1 : TC_10</a>
</td>
</tr>
<tr class="tag-test-status" status="fail">
<td><span class="badge log fail-bg">Fail</span></td>
<td>15:07:02 PM</td>
<td>
<a href="#" class="linked" test-id='16' id='16'>TestSuite_1 : TC_10</a>
</td>
</tr>
<tr class="tag-test-status" status="pass">
<td><span class="badge log pass-bg">Pass</span></td>
<td>15:07:14 PM</td>
<td>
<a href="#" class="linked" test-id='17' id='17'>TestSuite_1 : TC_11</a>
</td>
</tr>
</tbody>
</table>
</div>
</li>
<li class="test-item">
<div class="test-detail">
<span class="meta">
<span class='badge log pass-bg'>13</span>
<span class='badge log badge-danger'>4</span>
</span>
<p class="name">PLATFORM:CHROME</p>
<p class="duration text-sm">17 tests</p>
</div>
<div class="test-contents d-none">
<div class="info">
<h4>PLATFORM:CHROME</h4>
<span status="pass" class='badge log pass-bg'>13 passed</span>
<span status="fail" class='badge log badge-danger'>4 failed</span>
</div>
<table class='table table-sm mt-4'>
<thead>
<tr>
<th class="status-col">Status</th>
<th class="timestamp-col">Timestamp</th>
<th>TestName</th>
</tr>
</thead>
<tbody>
<tr class="tag-test-status" status="pass">
<td><span class="badge log pass-bg">Pass</span></td>
<td>15:02:31 PM</td>
<td>
<a href="#" class="linked" test-id='1' id='1'>TestSuite_1 : TC_01</a>
</td>
</tr>
<tr class="tag-test-status" status="pass">
<td><span class="badge log pass-bg">Pass</span></td>
<td>15:03:27 PM</td>
<td>
<a href="#" class="linked" test-id='2' id='2'>TestSuite_1 : TC_02</a>
</td>
</tr>
<tr class="tag-test-status" status="pass">
<td><span class="badge log pass-bg">Pass</span></td>
<td>15:03:52 PM</td>
<td>
<a href="#" class="linked" test-id='3' id='3'>TestSuite_1 : TC_03</a>
</td>
</tr>
<tr class="tag-test-status" status="pass">
<td><span class="badge log pass-bg">Pass</span></td>
<td>15:04:18 PM</td>
<td>
<a href="#" class="linked" test-id='4' id='4'>TestSuite_1 : TC_04</a>
</td>
</tr>
<tr class="tag-test-status" status="pass">
<td><span class="badge log pass-bg">Pass</span></td>
<td>15:04:42 PM</td>
<td>
<a href="#" class="linked" test-id='5' id='5'>TestSuite_1 : TC_05</a>
</td>
</tr>
<tr class="tag-test-status" status="pass">
<td><span class="badge log pass-bg">Pass</span></td>
<td>15:05:02 PM</td>
<td>
<a href="#" class="linked" test-id='6' id='6'>TestSuite_1 : TC_06</a>
</td>
</tr>
<tr class="tag-test-status" status="pass">
<td><span class="badge log pass-bg">Pass</span></td>
<td>15:05:26 PM</td>
<td>
<a href="#" class="linked" test-id='7' id='7'>TestSuite_1 : TC_07</a>
</td>
</tr>
<tr class="tag-test-status" status="pass">
<td><span class="badge log pass-bg">Pass</span></td>
<td>15:05:46 PM</td>
<td>
<a href="#" class="linked" test-id='8' id='8'>TestSuite_1 : TC_08</a>
</td>
</tr>
<tr class="tag-test-status" status="pass">
<td><span class="badge log pass-bg">Pass</span></td>
<td>15:06:17 PM</td>
<td>
<a href="#" class="linked" test-id='9' id='9'>TestSuite_1 : TC_09</a>
</td>
</tr>
<tr class="tag-test-status" status="pass">
<td><span class="badge log pass-bg">Pass</span></td>
<td>15:06:19 PM</td>
<td>
<a href="#" class="linked" test-id='10' id='10'>TestSuite_1 : TC_09</a>
</td>
</tr>
<tr class="tag-test-status" status="pass">
<td><span class="badge log pass-bg">Pass</span></td>
<td>15:06:21 PM</td>
<td>
<a href="#" class="linked" test-id='11' id='11'>TestSuite_1 : TC_09</a>
</td>
</tr>
<tr class="tag-test-status" status="pass">
<td><span class="badge log pass-bg">Pass</span></td>
<td>15:06:23 PM</td>
<td>
<a href="#" class="linked" test-id='12' id='12'>TestSuite_1 : TC_09</a>
</td>
</tr>
<tr class="tag-test-status" status="fail">
<td><span class="badge log fail-bg">Fail</span></td>
<td>15:06:25 PM</td>
<td>
<a href="#" class="linked" test-id='13' id='13'>TestSuite_1 : TC_10</a>
</td>
</tr>
<tr class="tag-test-status" status="fail">
<td><span class="badge log fail-bg">Fail</span></td>
<td>15:06:37 PM</td>
<td>
<a href="#" class="linked" test-id='14' id='14'>TestSuite_1 : TC_10</a>
</td>
</tr>
<tr class="tag-test-status" status="fail">
<td><span class="badge log fail-bg">Fail</span></td>
<td>15:06:49 PM</td>
<td>
<a href="#" class="linked" test-id='15' id='15'>TestSuite_1 : TC_10</a>
</td>
</tr>
<tr class="tag-test-status" status="fail">
<td><span class="badge log fail-bg">Fail</span></td>
<td>15:07:02 PM</td>
<td>
<a href="#" class="linked" test-id='16' id='16'>TestSuite_1 : TC_10</a>
</td>
</tr>
<tr class="tag-test-status" status="pass">
<td><span class="badge log pass-bg">Pass</span></td>
<td>15:07:14 PM</td>
<td>
<a href="#" class="linked" test-id='17' id='17'>TestSuite_1 : TC_11</a>
</td>
</tr>
</tbody>
</table>
</div>
</li>
<li class="test-item">
<div class="test-detail">
<span class="meta">
<span class='badge log pass-bg'>13</span>
<span class='badge log badge-danger'>4</span>
</span>
<p class="name">GROUP:</p>
<p class="duration text-sm">17 tests</p>
</div>
<div class="test-contents d-none">
<div class="info">
<h4>GROUP:</h4>
<span status="pass" class='badge log pass-bg'>13 passed</span>
<span status="fail" class='badge log badge-danger'>4 failed</span>
</div>
<table class='table table-sm mt-4'>
<thead>
<tr>
<th class="status-col">Status</th>
<th class="timestamp-col">Timestamp</th>
<th>TestName</th>
</tr>
</thead>
<tbody>
<tr class="tag-test-status" status="pass">
<td><span class="badge log pass-bg">Pass</span></td>
<td>15:02:31 PM</td>
<td>
<a href="#" class="linked" test-id='1' id='1'>TestSuite_1 : TC_01</a>
</td>
</tr>
<tr class="tag-test-status" status="pass">
<td><span class="badge log pass-bg">Pass</span></td>
<td>15:03:27 PM</td>
<td>
<a href="#" class="linked" test-id='2' id='2'>TestSuite_1 : TC_02</a>
</td>
</tr>
<tr class="tag-test-status" status="pass">
<td><span class="badge log pass-bg">Pass</span></td>
<td>15:03:52 PM</td>
<td>
<a href="#" class="linked" test-id='3' id='3'>TestSuite_1 : TC_03</a>
</td>
</tr>
<tr class="tag-test-status" status="pass">
<td><span class="badge log pass-bg">Pass</span></td>
<td>15:04:18 PM</td>
<td>
<a href="#" class="linked" test-id='4' id='4'>TestSuite_1 : TC_04</a>
</td>
</tr>
<tr class="tag-test-status" status="pass">
<td><span class="badge log pass-bg">Pass</span></td>
<td>15:04:42 PM</td>
<td>
<a href="#" class="linked" test-id='5' id='5'>TestSuite_1 : TC_05</a>
</td>
</tr>
<tr class="tag-test-status" status="pass">
<td><span class="badge log pass-bg">Pass</span></td>
<td>15:05:02 PM</td>
<td>
<a href="#" class="linked" test-id='6' id='6'>TestSuite_1 : TC_06</a>
</td>
</tr>
<tr class="tag-test-status" status="pass">
<td><span class="badge log pass-bg">Pass</span></td>
<td>15:05:26 PM</td>
<td>
<a href="#" class="linked" test-id='7' id='7'>TestSuite_1 : TC_07</a>
</td>
</tr>
<tr class="tag-test-status" status="pass">
<td><span class="badge log pass-bg">Pass</span></td>
<td>15:05:46 PM</td>
<td>
<a href="#" class="linked" test-id='8' id='8'>TestSuite_1 : TC_08</a>
</td>
</tr>
<tr class="tag-test-status" status="pass">
<td><span class="badge log pass-bg">Pass</span></td>
<td>15:06:17 PM</td>
<td>
<a href="#" class="linked" test-id='9' id='9'>TestSuite_1 : TC_09</a>
</td>
</tr>
<tr class="tag-test-status" status="pass">
<td><span class="badge log pass-bg">Pass</span></td>
<td>15:06:19 PM</td>
<td>
<a href="#" class="linked" test-id='10' id='10'>TestSuite_1 : TC_09</a>
</td>
</tr>
<tr class="tag-test-status" status="pass">
<td><span class="badge log pass-bg">Pass</span></td>
<td>15:06:21 PM</td>
<td>
<a href="#" class="linked" test-id='11' id='11'>TestSuite_1 : TC_09</a>
</td>
</tr>
<tr class="tag-test-status" status="pass">
<td><span class="badge log pass-bg">Pass</span></td>
<td>15:06:23 PM</td>
<td>
<a href="#" class="linked" test-id='12' id='12'>TestSuite_1 : TC_09</a>
</td>
</tr>
<tr class="tag-test-status" status="fail">
<td><span class="badge log fail-bg">Fail</span></td>
<td>15:06:25 PM</td>
<td>
<a href="#" class="linked" test-id='13' id='13'>TestSuite_1 : TC_10</a>
</td>
</tr>
<tr class="tag-test-status" status="fail">
<td><span class="badge log fail-bg">Fail</span></td>
<td>15:06:37 PM</td>
<td>
<a href="#" class="linked" test-id='14' id='14'>TestSuite_1 : TC_10</a>
</td>
</tr>
<tr class="tag-test-status" status="fail">
<td><span class="badge log fail-bg">Fail</span></td>
<td>15:06:49 PM</td>
<td>
<a href="#" class="linked" test-id='15' id='15'>TestSuite_1 : TC_10</a>
</td>
</tr>
<tr class="tag-test-status" status="fail">
<td><span class="badge log fail-bg">Fail</span></td>
<td>15:07:02 PM</td>
<td>
<a href="#" class="linked" test-id='16' id='16'>TestSuite_1 : TC_10</a>
</td>
</tr>
<tr class="tag-test-status" status="pass">
<td><span class="badge log pass-bg">Pass</span></td>
<td>15:07:14 PM</td>
<td>
<a href="#" class="linked" test-id='17' id='17'>TestSuite_1 : TC_11</a>
</td>
</tr>
</tbody>
</table>
</div>
</li>
</ul>
</div>
</div>
<div class="test-content scrollable">
<div class="test-content-detail">
<div class="detail-body"></div>
</div>
</div>
</div><div class="test-wrapper row view author-view attributes-view">
<div class="test-list">
<div class="test-list-tools">
<ul class="tools pull-left"><li><a href=""><span class="font-size-14">Author</span></a></li></ul>
<ul class="tools text-right"><li><a href="#"><span class="badge badge-primary">1</span></a></li></ul>
</div>
<div class="test-list-wrapper scrollable">
<ul class="test-list-item">
<li class="test-item">
<div class="test-detail">
<span class="meta">
<span class='badge log pass-bg'>13</span>
<span class='badge log badge-danger'>4</span>
</span>
<p class="name">HOST:AXKOKARE-HOST.DOCKER.INTERNAL</p>
<p class="duration text-sm">17 tests</p>
</div>
<div class="test-contents d-none">
<div class="info">
<h4>HOST:AXKOKARE-HOST.DOCKER.INTERNAL</h4>
<span status="pass" class='badge log pass-bg'>13 passed</span>
<span status="fail" class='badge log badge-danger'>4 failed</span>
</div>
<table class='table table-sm mt-4'>
<thead>
<tr>
<th class="status-col">Status</th>
<th class="timestamp-col">Timestamp</th>
<th>TestName</th>
</tr>
</thead>
<tbody>
<tr class="tag-test-status" status="pass">
<td><span class="badge log pass-bg">Pass</span></td>
<td>15:02:31 PM</td>
<td>
<a href="#" class="linked" test-id='1' id='1'>TestSuite_1 : TC_01</a>
</td>
</tr>
<tr class="tag-test-status" status="pass">
<td><span class="badge log pass-bg">Pass</span></td>
<td>15:03:27 PM</td>
<td>
<a href="#" class="linked" test-id='2' id='2'>TestSuite_1 : TC_02</a>
</td>
</tr>
<tr class="tag-test-status" status="pass">
<td><span class="badge log pass-bg">Pass</span></td>
<td>15:03:52 PM</td>
<td>
<a href="#" class="linked" test-id='3' id='3'>TestSuite_1 : TC_03</a>
</td>
</tr>
<tr class="tag-test-status" status="pass">
<td><span class="badge log pass-bg">Pass</span></td>
<td>15:04:18 PM</td>
<td>
<a href="#" class="linked" test-id='4' id='4'>TestSuite_1 : TC_04</a>
</td>
</tr>
<tr class="tag-test-status" status="pass">
<td><span class="badge log pass-bg">Pass</span></td>
<td>15:04:42 PM</td>
<td>
<a href="#" class="linked" test-id='5' id='5'>TestSuite_1 : TC_05</a>
</td>
</tr>
<tr class="tag-test-status" status="pass">
<td><span class="badge log pass-bg">Pass</span></td>
<td>15:05:02 PM</td>
<td>
<a href="#" class="linked" test-id='6' id='6'>TestSuite_1 : TC_06</a>
</td>
</tr>
<tr class="tag-test-status" status="pass">
<td><span class="badge log pass-bg">Pass</span></td>
<td>15:05:26 PM</td>
<td>
<a href="#" class="linked" test-id='7' id='7'>TestSuite_1 : TC_07</a>
</td>
</tr>
<tr class="tag-test-status" status="pass">
<td><span class="badge log pass-bg">Pass</span></td>
<td>15:05:46 PM</td>
<td>
<a href="#" class="linked" test-id='8' id='8'>TestSuite_1 : TC_08</a>
</td>
</tr>
<tr class="tag-test-status" status="pass">
<td><span class="badge log pass-bg">Pass</span></td>
<td>15:06:17 PM</td>
<td>
<a href="#" class="linked" test-id='9' id='9'>TestSuite_1 : TC_09</a>
</td>
</tr>
<tr class="tag-test-status" status="pass">
<td><span class="badge log pass-bg">Pass</span></td>
<td>15:06:19 PM</td>
<td>
<a href="#" class="linked" test-id='10' id='10'>TestSuite_1 : TC_09</a>
</td>
</tr>
<tr class="tag-test-status" status="pass">
<td><span class="badge log pass-bg">Pass</span></td>
<td>15:06:21 PM</td>
<td>
<a href="#" class="linked" test-id='11' id='11'>TestSuite_1 : TC_09</a>
</td>
</tr>
<tr class="tag-test-status" status="pass">
<td><span class="badge log pass-bg">Pass</span></td>
<td>15:06:23 PM</td>
<td>
<a href="#" class="linked" test-id='12' id='12'>TestSuite_1 : TC_09</a>
</td>
</tr>
<tr class="tag-test-status" status="fail">
<td><span class="badge log fail-bg">Fail</span></td>
<td>15:06:25 PM</td>
<td>
<a href="#" class="linked" test-id='13' id='13'>TestSuite_1 : TC_10</a>
</td>
</tr>
<tr class="tag-test-status" status="fail">
<td><span class="badge log fail-bg">Fail</span></td>
<td>15:06:37 PM</td>
<td>
<a href="#" class="linked" test-id='14' id='14'>TestSuite_1 : TC_10</a>
</td>
</tr>
<tr class="tag-test-status" status="fail">
<td><span class="badge log fail-bg">Fail</span></td>
<td>15:06:49 PM</td>
<td>
<a href="#" class="linked" test-id='15' id='15'>TestSuite_1 : TC_10</a>
</td>
</tr>
<tr class="tag-test-status" status="fail">
<td><span class="badge log fail-bg">Fail</span></td>
<td>15:07:02 PM</td>
<td>
<a href="#" class="linked" test-id='16' id='16'>TestSuite_1 : TC_10</a>
</td>
</tr>
<tr class="tag-test-status" status="pass">
<td><span class="badge log pass-bg">Pass</span></td>
<td>15:07:14 PM</td>
<td>
<a href="#" class="linked" test-id='17' id='17'>TestSuite_1 : TC_11</a>
</td>
</tr>
</tbody>
</table>
</div>
</li>
</ul>
</div>
</div>
<div class="test-content scrollable">
<div class="test-content-detail">
<div class="detail-body"></div>
</div>
</div>
</div><div class="container-fluid p-4 view dashboard-view">
<div class="row">
<div class="col-md-3">
<div class="card"><div class="card-body">
<p class="m-b-0">Started</p>
<h3>Tuesday, July 01, 2025, 03:02 PM (IST)</h3>
</div></div>
</div>
<div class="col-md-3">
<div class="card"><div class="card-body">
<p class="m-b-0">Ended</p>
<h3>Tuesday, July 01, 2025, 03:07 PM (IST)</h3>
</div></div>
</div>
<div class="col-md-3">
<div class="card"><div class="card-body">
<p class="m-b-0 text-pass">Tests Passed</p>
<h3>13</h3>
</div></div>
</div>
<div class="col-md-3">
<div class="card"><div class="card-body">
<p class="m-b-0 text-fail">Tests Failed</p>
<h3>4</h3>
</div></div>
</div>
</div>
<div class="row">
<div class="col-md-6">
<div class="card">
<div class="card-header">
<h6 class="card-title">Tests</h6>
</div>
<div class="card-body">
<div class="">
<canvas id='parent-analysis' width='115' height='90'></canvas>
</div>
</div>
<div class="card-footer">
<div><small data-tooltip='76%'>
<b>13</b> tests passed
</small>
</div>
<div>
<small data-tooltip='23%'><b>4</b> tests failed,
<b>0</b> skipped, <b data-tooltip='0%'>0</b> others
</small>
</div>
</div>
</div>
</div>
<div class="col-md-6">
<div class="card">
<div class="card-header">
<h6 class="card-title">Log events</h6>
</div>
<div class="card-body">
<div class="">
<canvas id='events-analysis' width='115' height='90'></canvas>
</div>
</div>
<div class="card-footer">
<div><small data-tooltip='0%'><b>0</b> events passed</small></div>
<div>
<small data-tooltip='100%'><b>8</b> events failed,
<b data-tooltip='%'>0</b> others
</small>
</div>
</div>
</div>
</div>
</div>
<div class="row"><div class="col-md-12">
<div class="card"><div class="card-header"><p>Timeline</p></div>
<div class="card-body pt-0"><div>
<canvas id="timeline" height="120"></canvas>
</div></div>
</div>
</div></div>
<script>
var timeline = {
"TestSuite_1 : TC_01":0,"TestSuite_1 : TC_02":0,"TestSuite_1 : TC_03":0,"TestSuite_1 : TC_04":0,"TestSuite_1 : TC_05":0,"TestSuite_1 : TC_06":0,"TestSuite_1 : TC_07":0,"TestSuite_1 : TC_08":0,"TestSuite_1 : TC_09":0,"TestSuite_1 : TC_09":0,"TestSuite_1 : TC_09":0,"TestSuite_1 : TC_09":0,"TestSuite_1 : TC_10":9.927,"TestSuite_1 : TC_10":9.98,"TestSuite_1 : TC_10":10.197,"TestSuite_1 : TC_10":10.168,"TestSuite_1 : TC_11":0
};
</script>
<div class="row">
<div class="col-lg-6 col-md-12 author-container">
<div class="card">
<div class="card-header"><p>Author</p></div>
<div class="card-body pb-0 pt-0"><table class="table table-sm table-bordered">
<thead><tr class="bg-gray"><th>Name</th><th>Passed</th><th>Failed</th><th>Skipped</th><th>Others</th><th>Passed %</th></tr></thead>
<tbody>
<tr>
<td>HOST:AXKOKARE-HOST.DOCKER.INTERNAL</td>
<td>13</td>
<td>4</td>
<td>0</td>
<td>0</td>
<td>76.471%</td>
</tr>
</tbody>
</table></div>
</div>
</div>
<div class="col-lg-6 col-md-12 category-container">
<div class="card">
<div class="card-header"><p>Tags</p></div>
<div class="card-body pb-0 pt-0"><table class="table table-sm table-bordered">
<thead><tr class="bg-gray"><th>Name</th><th>Passed</th><th>Failed</th><th>Skipped</th><th>Others</th><th>Passed %</th></tr></thead><tbody>
<tr>
<td>PROFILE:DEFAULT</td>
<td>13</td>
<td>4</td>
<td>0</td>
<td>0</td>
<td>76.471%</td>
</tr>
<tr>
<td>PLATFORM:CHROME</td>
<td>13</td>
<td>4</td>
<td>0</td>
<td>0</td>
<td>76.471%</td>
</tr>
<tr>
<td>GROUP:</td>
<td>13</td>
<td>4</td>
<td>0</td>
<td>0</td>
<td>76.471%</td>
</tr>
</tbody>
</table></div>
</div>
</div>
<div class="col-lg-6 col-md-12 sysenv-container">
<div class="card">
<div class="card-header"><p>System/Environment</p></div>
<div class="card-body pb-0 pt-0"><table class="table table-sm table-bordered">
<thead><tr class="bg-gray"><th>Name</th><th>Value</th></tr></thead>
<tbody>
<tr>
<td>Operating System: </td>
<td>Windows 11</td>
</tr>
<tr>
<td>Java Version: </td>
<td>17.0.14</td>
</tr>
<tr>
<td>Host Address: </td>
<td>172.19.0.86</td>
</tr>
<tr>
<td>Host Name: </td>
<td>AXKokare - host.docker.internal</td>
</tr>
</tbody>
</table></div>
</div>
</div>
</div>
</div>
<script>
var statusGroup = {
parentCount: 5,
passParent: 13,
failParent: 4,
warningParent: 0,
skipParent: 0,
childCount: 5,
passChild: 0,
failChild: 0,
warningChild: 0,
skipChild: 0,
infoChild: 0,
grandChildCount: 5,
passGrandChild: 0,
failGrandChild: 0,
warningGrandChild: 0,
skipGrandChild: 0,
infoGrandChild: 0,
eventsCount: 5,
passEvents: 0,
failEvents: 8,
warningEvents: 0,
skipEvents: 0,
infoEvents: 0
};
</script>        </div>
      </div>
    </div>
  </div>
<script src="https://cdn.jsdelivr.net/gh/extent-framework/extent-github-cdn@ce8b10435bcbae260c334c0d0c6b61d2c19b6168/spark/js/spark-script.js"></script>
<script type="text/javascript"></script></body>
</html>